{"/Users/jair/Desktop/MobileAppDevelopment/3_ReactNative/Assignment7/App.js": {"path":"/Users/jair/Desktop/MobileAppDevelopment/3_ReactNative/Assignment7/App.js","statementMap":{"0":{"start":{"line":18,"column":12},"end":{"line":26,"column":1}},"1":{"start":{"line":19,"column":2},"end":{"line":25,"column":4}},"2":{"start":{"line":28,"column":15},"end":{"line":33,"column":2}}},"fnMap":{"0":{"name":"(anonymous_0)","decl":{"start":{"line":18,"column":12},"end":{"line":18,"column":13}},"loc":{"start":{"line":18,"column":18},"end":{"line":26,"column":1}},"line":18}},"branchMap":{},"s":{"0":1,"1":1,"2":1},"f":{"0":1},"b":{},"_coverageSchema":"1a1c01bbd47fc00a2c39e90264f33305004495a9","hash":"0a0fe7e020abce0b26f788b764d61938d8a25457"}
,"/Users/jair/Desktop/MobileAppDevelopment/3_ReactNative/Assignment7/src/Logic/CalendarGenerator.js": {"path":"/Users/jair/Desktop/MobileAppDevelopment/3_ReactNative/Assignment7/src/Logic/CalendarGenerator.js","statementMap":{"0":{"start":{"line":14,"column":4},"end":{"line":14,"column":27}}},"fnMap":{"0":{"name":"(anonymous_0)","decl":{"start":{"line":13,"column":2},"end":{"line":13,"column":3}},"loc":{"start":{"line":13,"column":24},"end":{"line":15,"column":3}},"line":13}},"branchMap":{},"s":{"0":0},"f":{"0":0},"b":{},"_coverageSchema":"1a1c01bbd47fc00a2c39e90264f33305004495a9","hash":"0e0b4b7907cd7c9fdc90688b3a18281901909224"}
,"/Users/jair/Desktop/MobileAppDevelopment/3_ReactNative/Assignment7/src/Logic/PostfixCalculator.js": {"path":"/Users/jair/Desktop/MobileAppDevelopment/3_ReactNative/Assignment7/src/Logic/PostfixCalculator.js","statementMap":{"0":{"start":{"line":27,"column":29},"end":{"line":27,"column":66}},"1":{"start":{"line":28,"column":25},"end":{"line":28,"column":27}},"2":{"start":{"line":30,"column":4},"end":{"line":67,"column":5}},"3":{"start":{"line":31,"column":6},"end":{"line":66,"column":7}},"4":{"start":{"line":32,"column":8},"end":{"line":32,"column":45}},"5":{"start":{"line":34,"column":8},"end":{"line":36,"column":9}},"6":{"start":{"line":35,"column":10},"end":{"line":35,"column":67}},"7":{"start":{"line":38,"column":25},"end":{"line":38,"column":43}},"8":{"start":{"line":39,"column":25},"end":{"line":39,"column":43}},"9":{"start":{"line":42,"column":8},"end":{"line":63,"column":9}},"10":{"start":{"line":44,"column":12},"end":{"line":44,"column":41}},"11":{"start":{"line":45,"column":12},"end":{"line":45,"column":18}},"12":{"start":{"line":47,"column":12},"end":{"line":47,"column":41}},"13":{"start":{"line":48,"column":12},"end":{"line":48,"column":18}},"14":{"start":{"line":50,"column":12},"end":{"line":50,"column":41}},"15":{"start":{"line":51,"column":12},"end":{"line":51,"column":18}},"16":{"start":{"line":53,"column":12},"end":{"line":55,"column":13}},"17":{"start":{"line":54,"column":14},"end":{"line":54,"column":71}},"18":{"start":{"line":56,"column":12},"end":{"line":56,"column":41}},"19":{"start":{"line":57,"column":12},"end":{"line":57,"column":18}},"20":{"start":{"line":59,"column":12},"end":{"line":59,"column":50}},"21":{"start":{"line":60,"column":12},"end":{"line":60,"column":18}},"22":{"start":{"line":62,"column":12},"end":{"line":62,"column":70}},"23":{"start":{"line":65,"column":8},"end":{"line":65,"column":34}},"24":{"start":{"line":73,"column":4},"end":{"line":73,"column":30}},"25":{"start":{"line":82,"column":4},"end":{"line":82,"column":52}}},"fnMap":{"0":{"name":"(anonymous_0)","decl":{"start":{"line":26,"column":2},"end":{"line":26,"column":3}},"loc":{"start":{"line":26,"column":30},"end":{"line":74,"column":3}},"line":26},"1":{"name":"(anonymous_1)","decl":{"start":{"line":81,"column":2},"end":{"line":81,"column":3}},"loc":{"start":{"line":81,"column":24},"end":{"line":83,"column":3}},"line":81}},"branchMap":{"0":{"loc":{"start":{"line":31,"column":6},"end":{"line":66,"column":7}},"type":"if","locations":[{"start":{"line":31,"column":6},"end":{"line":66,"column":7}},{"start":{"line":33,"column":13},"end":{"line":66,"column":7}}],"line":31},"1":{"loc":{"start":{"line":34,"column":8},"end":{"line":36,"column":9}},"type":"if","locations":[{"start":{"line":34,"column":8},"end":{"line":36,"column":9}},{"start":{},"end":{}}],"line":34},"2":{"loc":{"start":{"line":42,"column":8},"end":{"line":63,"column":9}},"type":"switch","locations":[{"start":{"line":43,"column":10},"end":{"line":45,"column":18}},{"start":{"line":46,"column":10},"end":{"line":48,"column":18}},{"start":{"line":49,"column":10},"end":{"line":51,"column":18}},{"start":{"line":52,"column":10},"end":{"line":57,"column":18}},{"start":{"line":58,"column":10},"end":{"line":60,"column":18}},{"start":{"line":61,"column":10},"end":{"line":62,"column":70}}],"line":42},"3":{"loc":{"start":{"line":53,"column":12},"end":{"line":55,"column":13}},"type":"if","locations":[{"start":{"line":53,"column":12},"end":{"line":55,"column":13}},{"start":{},"end":{}}],"line":53},"4":{"loc":{"start":{"line":82,"column":11},"end":{"line":82,"column":51}},"type":"binary-expr","locations":[{"start":{"line":82,"column":11},"end":{"line":82,"column":34}},{"start":{"line":82,"column":38},"end":{"line":82,"column":51}}],"line":82}},"s":{"0":10,"1":10,"2":10,"3":29,"4":19,"5":10,"6":1,"7":9,"8":9,"9":9,"10":2,"11":2,"12":1,"13":1,"14":1,"15":1,"16":2,"17":1,"18":1,"19":1,"20":2,"21":2,"22":1,"23":7,"24":7,"25":29},"f":{"0":10,"1":29},"b":{"0":[19,10],"1":[1,9],"2":[2,1,1,2,2,1],"3":[1,1],"4":[29,19]},"_coverageSchema":"1a1c01bbd47fc00a2c39e90264f33305004495a9","hash":"f3f0719f1644d348f413dddb6275e48b9dc4ea0f"}
,"/Users/jair/Desktop/MobileAppDevelopment/3_ReactNative/Assignment7/src/UI/CalendarGeneratorView.js": {"path":"/Users/jair/Desktop/MobileAppDevelopment/3_ReactNative/Assignment7/src/UI/CalendarGeneratorView.js","statementMap":{"0":{"start":{"line":13,"column":30},"end":{"line":19,"column":1}},"1":{"start":{"line":14,"column":2},"end":{"line":18,"column":4}}},"fnMap":{"0":{"name":"(anonymous_0)","decl":{"start":{"line":13,"column":30},"end":{"line":13,"column":31}},"loc":{"start":{"line":13,"column":36},"end":{"line":19,"column":1}},"line":13}},"branchMap":{},"s":{"0":1,"1":1},"f":{"0":1},"b":{},"_coverageSchema":"1a1c01bbd47fc00a2c39e90264f33305004495a9","hash":"3cdcd9bcd955ecbab1f0451b128401d365109836"}
,"/Users/jair/Desktop/MobileAppDevelopment/3_ReactNative/Assignment7/src/UI/PostfixCalculatorView.js": {"path":"/Users/jair/Desktop/MobileAppDevelopment/3_ReactNative/Assignment7/src/UI/PostfixCalculatorView.js","statementMap":{"0":{"start":{"line":28,"column":30},"end":{"line":69,"column":1}},"1":{"start":{"line":29,"column":38},"end":{"line":29,"column":50}},"2":{"start":{"line":30,"column":30},"end":{"line":30,"column":42}},"3":{"start":{"line":32,"column":29},"end":{"line":39,"column":3}},"4":{"start":{"line":33,"column":4},"end":{"line":38,"column":5}},"5":{"start":{"line":34,"column":25},"end":{"line":34,"column":63}},"6":{"start":{"line":35,"column":6},"end":{"line":35,"column":36}},"7":{"start":{"line":37,"column":6},"end":{"line":37,"column":43}},"8":{"start":{"line":41,"column":22},"end":{"line":44,"column":3}},"9":{"start":{"line":42,"column":4},"end":{"line":42,"column":22}},"10":{"start":{"line":43,"column":4},"end":{"line":43,"column":18}},"11":{"start":{"line":46,"column":2},"end":{"line":68,"column":4}},"12":{"start":{"line":71,"column":15},"end":{"line":96,"column":2}}},"fnMap":{"0":{"name":"(anonymous_0)","decl":{"start":{"line":28,"column":30},"end":{"line":28,"column":31}},"loc":{"start":{"line":28,"column":36},"end":{"line":69,"column":1}},"line":28},"1":{"name":"(anonymous_1)","decl":{"start":{"line":32,"column":29},"end":{"line":32,"column":30}},"loc":{"start":{"line":32,"column":35},"end":{"line":39,"column":3}},"line":32},"2":{"name":"(anonymous_2)","decl":{"start":{"line":41,"column":22},"end":{"line":41,"column":23}},"loc":{"start":{"line":41,"column":28},"end":{"line":44,"column":3}},"line":41}},"branchMap":{},"s":{"0":2,"1":5,"2":5,"3":5,"4":0,"5":0,"6":0,"7":0,"8":5,"9":0,"10":0,"11":5,"12":2},"f":{"0":5,"1":0,"2":0},"b":{},"_coverageSchema":"1a1c01bbd47fc00a2c39e90264f33305004495a9","hash":"43d015f7c956929bf82707e62cb615d48bcb3201"}
}
