{"/Users/jair/Desktop/MobileAppDevelopment/3_ReactNative/Assignment7/App.js": {"path":"/Users/jair/Desktop/MobileAppDevelopment/3_ReactNative/Assignment7/App.js","statementMap":{"0":{"start":{"line":18,"column":12},"end":{"line":26,"column":1}},"1":{"start":{"line":19,"column":2},"end":{"line":25,"column":4}},"2":{"start":{"line":28,"column":15},"end":{"line":33,"column":2}}},"fnMap":{"0":{"name":"(anonymous_0)","decl":{"start":{"line":18,"column":12},"end":{"line":18,"column":13}},"loc":{"start":{"line":18,"column":18},"end":{"line":26,"column":1}},"line":18}},"branchMap":{},"s":{"0":1,"1":1,"2":1},"f":{"0":1},"b":{},"_coverageSchema":"1a1c01bbd47fc00a2c39e90264f33305004495a9","hash":"0a0fe7e020abce0b26f788b764d61938d8a25457"}
,"/Users/jair/Desktop/MobileAppDevelopment/3_ReactNative/Assignment7/src/Logic/CalendarGenerator.js": {"path":"/Users/jair/Desktop/MobileAppDevelopment/3_ReactNative/Assignment7/src/Logic/CalendarGenerator.js","statementMap":{"0":{"start":{"line":44,"column":18},"end":{"line":44,"column":37}},"1":{"start":{"line":45,"column":28},"end":{"line":45,"column":66}},"2":{"start":{"line":46,"column":27},"end":{"line":46,"column":69}},"3":{"start":{"line":47,"column":24},"end":{"line":47,"column":48}},"4":{"start":{"line":48,"column":29},"end":{"line":48,"column":67}},"5":{"start":{"line":49,"column":26},"end":{"line":49,"column":52}},"6":{"start":{"line":51,"column":23},"end":{"line":51,"column":74}},"7":{"start":{"line":52,"column":23},"end":{"line":52,"column":24}},"8":{"start":{"line":53,"column":14},"end":{"line":53,"column":15}},"9":{"start":{"line":55,"column":26},"end":{"line":55,"column":75}},"10":{"start":{"line":55,"column":58},"end":{"line":55,"column":74}},"11":{"start":{"line":57,"column":4},"end":{"line":70,"column":5}},"12":{"start":{"line":57,"column":20},"end":{"line":57,"column":21}},"13":{"start":{"line":58,"column":6},"end":{"line":69,"column":7}},"14":{"start":{"line":58,"column":27},"end":{"line":58,"column":28}},"15":{"start":{"line":59,"column":8},"end":{"line":68,"column":9}},"16":{"start":{"line":60,"column":10},"end":{"line":60,"column":56}},"17":{"start":{"line":61,"column":10},"end":{"line":61,"column":28}},"18":{"start":{"line":62,"column":15},"end":{"line":68,"column":9}},"19":{"start":{"line":63,"column":10},"end":{"line":63,"column":47}},"20":{"start":{"line":64,"column":10},"end":{"line":64,"column":19}},"21":{"start":{"line":66,"column":10},"end":{"line":66,"column":56}},"22":{"start":{"line":67,"column":10},"end":{"line":67,"column":28}},"23":{"start":{"line":71,"column":4},"end":{"line":71,"column":25}}},"fnMap":{"0":{"name":"(anonymous_0)","decl":{"start":{"line":43,"column":2},"end":{"line":43,"column":3}},"loc":{"start":{"line":43,"column":24},"end":{"line":72,"column":3}},"line":43},"1":{"name":"(anonymous_1)","decl":{"start":{"line":55,"column":52},"end":{"line":55,"column":53}},"loc":{"start":{"line":55,"column":58},"end":{"line":55,"column":74}},"line":55}},"branchMap":{"0":{"loc":{"start":{"line":51,"column":40},"end":{"line":51,"column":69}},"type":"binary-expr","locations":[{"start":{"line":51,"column":40},"end":{"line":51,"column":64}},{"start":{"line":51,"column":68},"end":{"line":51,"column":69}}],"line":51},"1":{"loc":{"start":{"line":59,"column":8},"end":{"line":68,"column":9}},"type":"if","locations":[{"start":{"line":59,"column":8},"end":{"line":68,"column":9}},{"start":{"line":62,"column":15},"end":{"line":68,"column":9}}],"line":59},"2":{"loc":{"start":{"line":59,"column":12},"end":{"line":59,"column":62}},"type":"binary-expr","locations":[{"start":{"line":59,"column":12},"end":{"line":59,"column":22}},{"start":{"line":59,"column":26},"end":{"line":59,"column":62}}],"line":59},"3":{"loc":{"start":{"line":62,"column":15},"end":{"line":68,"column":9}},"type":"if","locations":[{"start":{"line":62,"column":15},"end":{"line":68,"column":9}},{"start":{"line":65,"column":15},"end":{"line":68,"column":9}}],"line":62}},"s":{"0":2,"1":2,"2":2,"3":2,"4":2,"5":2,"6":2,"7":2,"8":2,"9":2,"10":12,"11":2,"12":2,"13":12,"14":12,"15":84,"16":7,"17":7,"18":77,"19":62,"20":62,"21":15,"22":15,"23":2},"f":{"0":2,"1":12},"b":{"0":[2,0],"1":[7,77],"2":[84,14],"3":[62,15]},"_coverageSchema":"1a1c01bbd47fc00a2c39e90264f33305004495a9","hash":"bdf755a3d163a545e1b5fe0138bc9671a2a51e05"}
,"/Users/jair/Desktop/MobileAppDevelopment/3_ReactNative/Assignment7/src/Logic/PostfixCalculator.js": {"path":"/Users/jair/Desktop/MobileAppDevelopment/3_ReactNative/Assignment7/src/Logic/PostfixCalculator.js","statementMap":{"0":{"start":{"line":12,"column":29},"end":{"line":12,"column":66}},"1":{"start":{"line":14,"column":25},"end":{"line":14,"column":27}},"2":{"start":{"line":16,"column":4},"end":{"line":52,"column":5}},"3":{"start":{"line":17,"column":6},"end":{"line":51,"column":7}},"4":{"start":{"line":18,"column":8},"end":{"line":18,"column":45}},"5":{"start":{"line":20,"column":8},"end":{"line":22,"column":9}},"6":{"start":{"line":21,"column":10},"end":{"line":21,"column":48}},"7":{"start":{"line":24,"column":25},"end":{"line":24,"column":43}},"8":{"start":{"line":25,"column":25},"end":{"line":25,"column":43}},"9":{"start":{"line":28,"column":8},"end":{"line":49,"column":9}},"10":{"start":{"line":30,"column":12},"end":{"line":30,"column":41}},"11":{"start":{"line":31,"column":12},"end":{"line":31,"column":18}},"12":{"start":{"line":33,"column":12},"end":{"line":33,"column":41}},"13":{"start":{"line":34,"column":12},"end":{"line":34,"column":18}},"14":{"start":{"line":36,"column":12},"end":{"line":36,"column":41}},"15":{"start":{"line":37,"column":12},"end":{"line":37,"column":18}},"16":{"start":{"line":39,"column":12},"end":{"line":41,"column":13}},"17":{"start":{"line":40,"column":14},"end":{"line":40,"column":30}},"18":{"start":{"line":42,"column":12},"end":{"line":42,"column":41}},"19":{"start":{"line":43,"column":12},"end":{"line":43,"column":18}},"20":{"start":{"line":45,"column":12},"end":{"line":45,"column":50}},"21":{"start":{"line":46,"column":12},"end":{"line":46,"column":18}},"22":{"start":{"line":48,"column":12},"end":{"line":48,"column":48}},"23":{"start":{"line":50,"column":8},"end":{"line":50,"column":34}},"24":{"start":{"line":55,"column":4},"end":{"line":57,"column":5}},"25":{"start":{"line":56,"column":6},"end":{"line":56,"column":46}},"26":{"start":{"line":59,"column":4},"end":{"line":59,"column":30}},"27":{"start":{"line":63,"column":4},"end":{"line":63,"column":52}}},"fnMap":{"0":{"name":"(anonymous_0)","decl":{"start":{"line":11,"column":2},"end":{"line":11,"column":3}},"loc":{"start":{"line":11,"column":30},"end":{"line":60,"column":3}},"line":11},"1":{"name":"(anonymous_1)","decl":{"start":{"line":62,"column":2},"end":{"line":62,"column":3}},"loc":{"start":{"line":62,"column":24},"end":{"line":64,"column":3}},"line":62}},"branchMap":{"0":{"loc":{"start":{"line":17,"column":6},"end":{"line":51,"column":7}},"type":"if","locations":[{"start":{"line":17,"column":6},"end":{"line":51,"column":7}},{"start":{"line":19,"column":13},"end":{"line":51,"column":7}}],"line":17},"1":{"loc":{"start":{"line":20,"column":8},"end":{"line":22,"column":9}},"type":"if","locations":[{"start":{"line":20,"column":8},"end":{"line":22,"column":9}},{"start":{},"end":{}}],"line":20},"2":{"loc":{"start":{"line":28,"column":8},"end":{"line":49,"column":9}},"type":"switch","locations":[{"start":{"line":29,"column":10},"end":{"line":31,"column":18}},{"start":{"line":32,"column":10},"end":{"line":34,"column":18}},{"start":{"line":35,"column":10},"end":{"line":37,"column":18}},{"start":{"line":38,"column":10},"end":{"line":43,"column":18}},{"start":{"line":44,"column":10},"end":{"line":46,"column":18}},{"start":{"line":47,"column":10},"end":{"line":48,"column":48}}],"line":28},"3":{"loc":{"start":{"line":39,"column":12},"end":{"line":41,"column":13}},"type":"if","locations":[{"start":{"line":39,"column":12},"end":{"line":41,"column":13}},{"start":{},"end":{}}],"line":39},"4":{"loc":{"start":{"line":55,"column":4},"end":{"line":57,"column":5}},"type":"if","locations":[{"start":{"line":55,"column":4},"end":{"line":57,"column":5}},{"start":{},"end":{}}],"line":55},"5":{"loc":{"start":{"line":63,"column":11},"end":{"line":63,"column":51}},"type":"binary-expr","locations":[{"start":{"line":63,"column":11},"end":{"line":63,"column":34}},{"start":{"line":63,"column":38},"end":{"line":63,"column":51}}],"line":63}},"s":{"0":21,"1":21,"2":21,"3":64,"4":41,"5":23,"6":3,"7":20,"8":20,"9":20,"10":9,"11":9,"12":1,"13":1,"14":3,"15":3,"16":2,"17":1,"18":1,"19":1,"20":3,"21":3,"22":2,"23":17,"24":15,"25":2,"26":13,"27":64},"f":{"0":21,"1":64},"b":{"0":[41,23],"1":[3,20],"2":[9,1,3,2,3,2],"3":[1,1],"4":[2,13],"5":[64,41]},"_coverageSchema":"1a1c01bbd47fc00a2c39e90264f33305004495a9","hash":"13758ddc80bee25faa98c101a2af483b98097947"}
,"/Users/jair/Desktop/MobileAppDevelopment/3_ReactNative/Assignment7/src/UI/CalendarGeneratorView.js": {"path":"/Users/jair/Desktop/MobileAppDevelopment/3_ReactNative/Assignment7/src/UI/CalendarGeneratorView.js","statementMap":{"0":{"start":{"line":33,"column":30},"end":{"line":80,"column":1}},"1":{"start":{"line":34,"column":28},"end":{"line":34,"column":48}},"2":{"start":{"line":36,"column":28},"end":{"line":39,"column":5}},"3":{"start":{"line":37,"column":27},"end":{"line":37,"column":149}},"4":{"start":{"line":38,"column":8},"end":{"line":38,"column":70}},"5":{"start":{"line":42,"column":26},"end":{"line":42,"column":119}},"6":{"start":{"line":45,"column":26},"end":{"line":47,"column":5}},"7":{"start":{"line":46,"column":8},"end":{"line":46,"column":90}},"8":{"start":{"line":46,"column":28},"end":{"line":46,"column":88}},"9":{"start":{"line":49,"column":22},"end":{"line":51,"column":5}},"10":{"start":{"line":50,"column":8},"end":{"line":50,"column":90}},"11":{"start":{"line":50,"column":28},"end":{"line":50,"column":88}},"12":{"start":{"line":53,"column":25},"end":{"line":56,"column":3}},"13":{"start":{"line":54,"column":18},"end":{"line":54,"column":28}},"14":{"start":{"line":55,"column":6},"end":{"line":55,"column":62}},"15":{"start":{"line":59,"column":4},"end":{"line":79,"column":6}},"16":{"start":{"line":65,"column":20},"end":{"line":69,"column":27}},"17":{"start":{"line":67,"column":28},"end":{"line":67,"column":77}},"18":{"start":{"line":71,"column":47},"end":{"line":71,"column":63}},"19":{"start":{"line":82,"column":15},"end":{"line":106,"column":2}}},"fnMap":{"0":{"name":"(anonymous_0)","decl":{"start":{"line":33,"column":30},"end":{"line":33,"column":31}},"loc":{"start":{"line":33,"column":36},"end":{"line":80,"column":1}},"line":33},"1":{"name":"(anonymous_1)","decl":{"start":{"line":36,"column":28},"end":{"line":36,"column":29}},"loc":{"start":{"line":36,"column":38},"end":{"line":39,"column":5}},"line":36},"2":{"name":"(anonymous_2)","decl":{"start":{"line":45,"column":26},"end":{"line":45,"column":27}},"loc":{"start":{"line":45,"column":32},"end":{"line":47,"column":5}},"line":45},"3":{"name":"(anonymous_3)","decl":{"start":{"line":46,"column":16},"end":{"line":46,"column":17}},"loc":{"start":{"line":46,"column":28},"end":{"line":46,"column":88}},"line":46},"4":{"name":"(anonymous_4)","decl":{"start":{"line":49,"column":22},"end":{"line":49,"column":23}},"loc":{"start":{"line":49,"column":28},"end":{"line":51,"column":5}},"line":49},"5":{"name":"(anonymous_5)","decl":{"start":{"line":50,"column":16},"end":{"line":50,"column":17}},"loc":{"start":{"line":50,"column":28},"end":{"line":50,"column":88}},"line":50},"6":{"name":"(anonymous_6)","decl":{"start":{"line":53,"column":25},"end":{"line":53,"column":26}},"loc":{"start":{"line":53,"column":31},"end":{"line":56,"column":3}},"line":53},"7":{"name":"(anonymous_7)","decl":{"start":{"line":64,"column":28},"end":{"line":64,"column":29}},"loc":{"start":{"line":65,"column":20},"end":{"line":69,"column":27}},"line":65},"8":{"name":"(anonymous_8)","decl":{"start":{"line":66,"column":34},"end":{"line":66,"column":35}},"loc":{"start":{"line":67,"column":28},"end":{"line":67,"column":77}},"line":67},"9":{"name":"(anonymous_9)","decl":{"start":{"line":71,"column":30},"end":{"line":71,"column":31}},"loc":{"start":{"line":71,"column":47},"end":{"line":71,"column":63}},"line":71}},"branchMap":{},"s":{"0":1,"1":1,"2":1,"3":1,"4":1,"5":1,"6":1,"7":0,"8":0,"9":1,"10":0,"11":0,"12":1,"13":0,"14":0,"15":1,"16":6,"17":42,"18":7,"19":1},"f":{"0":1,"1":1,"2":0,"3":0,"4":0,"5":0,"6":0,"7":6,"8":42,"9":7},"b":{},"_coverageSchema":"1a1c01bbd47fc00a2c39e90264f33305004495a9","hash":"3bf4982181c92058eb8c5e4b7cf4b945972a87e6"}
,"/Users/jair/Desktop/MobileAppDevelopment/3_ReactNative/Assignment7/src/UI/PostfixCalculatorView.js": {"path":"/Users/jair/Desktop/MobileAppDevelopment/3_ReactNative/Assignment7/src/UI/PostfixCalculatorView.js","statementMap":{"0":{"start":{"line":16,"column":30},"end":{"line":86,"column":1}},"1":{"start":{"line":19,"column":38},"end":{"line":19,"column":50}},"2":{"start":{"line":20,"column":30},"end":{"line":20,"column":42}},"3":{"start":{"line":23,"column":29},"end":{"line":32,"column":3}},"4":{"start":{"line":24,"column":4},"end":{"line":31,"column":5}},"5":{"start":{"line":26,"column":25},"end":{"line":26,"column":63}},"6":{"start":{"line":28,"column":6},"end":{"line":28,"column":36}},"7":{"start":{"line":30,"column":6},"end":{"line":30,"column":36}},"8":{"start":{"line":35,"column":22},"end":{"line":38,"column":3}},"9":{"start":{"line":36,"column":4},"end":{"line":36,"column":22}},"10":{"start":{"line":37,"column":4},"end":{"line":37,"column":18}},"11":{"start":{"line":41,"column":2},"end":{"line":85,"column":6}},"12":{"start":{"line":89,"column":15},"end":{"line":114,"column":2}}},"fnMap":{"0":{"name":"(anonymous_0)","decl":{"start":{"line":16,"column":30},"end":{"line":16,"column":31}},"loc":{"start":{"line":16,"column":36},"end":{"line":86,"column":1}},"line":16},"1":{"name":"(anonymous_1)","decl":{"start":{"line":23,"column":29},"end":{"line":23,"column":30}},"loc":{"start":{"line":23,"column":35},"end":{"line":32,"column":3}},"line":23},"2":{"name":"(anonymous_2)","decl":{"start":{"line":35,"column":22},"end":{"line":35,"column":23}},"loc":{"start":{"line":35,"column":28},"end":{"line":38,"column":3}},"line":35}},"branchMap":{},"s":{"0":3,"1":34,"2":34,"3":34,"4":11,"5":11,"6":6,"7":5,"8":34,"9":1,"10":1,"11":34,"12":3},"f":{"0":34,"1":11,"2":1},"b":{},"_coverageSchema":"1a1c01bbd47fc00a2c39e90264f33305004495a9","hash":"62ac25c5571b4d5478b9f8a1af2782f6280ac89c"}
}
