TN:
SF:App.js
FN:18,(anonymous_0)
FNF:1
FNH:1
FNDA:1,(anonymous_0)
DA:18,1
DA:19,1
DA:28,1
LF:3
LH:3
BRF:0
BRH:0
end_of_record
TN:
SF:src/Logic/CalendarGenerator.js
FN:10,(anonymous_0)
FN:26,(anonymous_1)
FNF:2
FNH:2
FNDA:8,(anonymous_0)
FNDA:48,(anonymous_1)
DA:11,8
DA:12,8
DA:13,8
DA:14,8
DA:15,8
DA:16,8
DA:19,8
DA:20,8
DA:23,8
DA:24,8
DA:26,48
DA:28,8
DA:29,48
DA:30,336
DA:31,37
DA:32,37
DA:33,299
DA:34,247
DA:35,247
DA:37,52
DA:38,52
DA:42,8
LF:22
LH:22
BRDA:30,0,0,37
BRDA:30,0,1,299
BRDA:30,1,0,336
BRDA:30,1,1,56
BRDA:33,2,0,247
BRDA:33,2,1,52
BRF:6
BRH:6
end_of_record
TN:
SF:src/Logic/PostfixCalculator.js
FN:11,(anonymous_0)
FN:62,(anonymous_1)
FNF:2
FNH:2
FNDA:21,(anonymous_0)
FNDA:64,(anonymous_1)
DA:12,21
DA:14,21
DA:16,21
DA:17,64
DA:18,41
DA:20,23
DA:21,3
DA:24,20
DA:25,20
DA:28,20
DA:30,9
DA:31,9
DA:33,1
DA:34,1
DA:36,3
DA:37,3
DA:39,2
DA:40,1
DA:42,1
DA:43,1
DA:45,3
DA:46,3
DA:48,2
DA:50,17
DA:55,15
DA:56,2
DA:59,13
DA:63,64
LF:28
LH:28
BRDA:17,0,0,41
BRDA:17,0,1,23
BRDA:20,1,0,3
BRDA:20,1,1,20
BRDA:28,2,0,9
BRDA:28,2,1,1
BRDA:28,2,2,3
BRDA:28,2,3,2
BRDA:28,2,4,3
BRDA:28,2,5,2
BRDA:39,3,0,1
BRDA:39,3,1,1
BRDA:55,4,0,2
BRDA:55,4,1,13
BRDA:63,5,0,64
BRDA:63,5,1,41
BRF:16
BRH:16
end_of_record
TN:
SF:src/UI/CalendarGeneratorView.js
FN:13,(anonymous_0)
FN:16,(anonymous_1)
FN:25,(anonymous_2)
FN:26,(anonymous_3)
FN:29,(anonymous_4)
FN:30,(anonymous_5)
FN:33,(anonymous_6)
FN:42,(anonymous_7)
FN:44,(anonymous_8)
FN:49,(anonymous_9)
FNF:10
FNH:10
FNDA:7,(anonymous_0)
FNDA:7,(anonymous_1)
FNDA:1,(anonymous_2)
FNDA:1,(anonymous_3)
FNDA:1,(anonymous_4)
FNDA:1,(anonymous_5)
FNDA:1,(anonymous_6)
FNDA:42,(anonymous_7)
FNDA:294,(anonymous_8)
FNDA:46,(anonymous_9)
DA:13,1
DA:14,7
DA:16,7
DA:17,7
DA:18,7
DA:22,7
DA:25,7
DA:26,1
DA:29,7
DA:30,1
DA:33,7
DA:34,1
DA:35,1
DA:37,7
DA:43,42
DA:45,294
DA:49,46
DA:60,1
LF:18
LH:18
BRF:0
BRH:0
end_of_record
TN:
SF:src/UI/PostfixCalculatorView.js
FN:16,(anonymous_0)
FN:23,(anonymous_1)
FN:35,(anonymous_2)
FNF:3
FNH:3
FNDA:34,(anonymous_0)
FNDA:11,(anonymous_1)
FNDA:1,(anonymous_2)
DA:16,3
DA:19,34
DA:20,34
DA:23,34
DA:24,11
DA:26,11
DA:28,6
DA:30,5
DA:35,34
DA:36,1
DA:37,1
DA:41,34
DA:89,3
LF:13
LH:13
BRF:0
BRH:0
end_of_record
