TN:
SF:App.js
FN:18,(anonymous_0)
FNF:1
FNH:1
FNDA:1,(anonymous_0)
DA:18,1
DA:19,1
DA:28,1
LF:3
LH:3
BRF:0
BRH:0
end_of_record
TN:
SF:src/Logic/CalendarGenerator.js
FN:13,(anonymous_0)
FNF:1
FNH:0
FNDA:0,(anonymous_0)
DA:14,0
LF:1
LH:0
BRF:0
BRH:0
end_of_record
TN:
SF:src/Logic/PostfixCalculator.js
FN:26,(anonymous_0)
FN:81,(anonymous_1)
FNF:2
FNH:2
FNDA:10,(anonymous_0)
FNDA:29,(anonymous_1)
DA:27,10
DA:28,10
DA:30,10
DA:31,29
DA:32,19
DA:34,10
DA:35,1
DA:38,9
DA:39,9
DA:42,9
DA:44,2
DA:45,2
DA:47,1
DA:48,1
DA:50,1
DA:51,1
DA:53,2
DA:54,1
DA:56,1
DA:57,1
DA:59,2
DA:60,2
DA:62,1
DA:65,7
DA:73,7
DA:82,29
LF:26
LH:26
BRDA:31,0,0,19
BRDA:31,0,1,10
BRDA:34,1,0,1
BRDA:34,1,1,9
BRDA:42,2,0,2
BRDA:42,2,1,1
BRDA:42,2,2,1
BRDA:42,2,3,2
BRDA:42,2,4,2
BRDA:42,2,5,1
BRDA:53,3,0,1
BRDA:53,3,1,1
BRDA:82,4,0,29
BRDA:82,4,1,19
BRF:14
BRH:14
end_of_record
TN:
SF:src/UI/CalendarGeneratorView.js
FN:13,(anonymous_0)
FNF:1
FNH:1
FNDA:1,(anonymous_0)
DA:13,1
DA:14,1
LF:2
LH:2
BRF:0
BRH:0
end_of_record
TN:
SF:src/UI/PostfixCalculatorView.js
FN:28,(anonymous_0)
FN:32,(anonymous_1)
FN:41,(anonymous_2)
FNF:3
FNH:1
FNDA:5,(anonymous_0)
FNDA:0,(anonymous_1)
FNDA:0,(anonymous_2)
DA:28,2
DA:29,5
DA:30,5
DA:32,5
DA:33,0
DA:34,0
DA:35,0
DA:37,0
DA:41,5
DA:42,0
DA:43,0
DA:46,5
DA:71,2
LF:13
LH:7
BRF:0
BRH:0
end_of_record
