{"/Users/jair/Desktop/MobileAppDevelopment/3_ReactNative/Assignment8/App.js": {"path":"/Users/jair/Desktop/MobileAppDevelopment/3_ReactNative/Assignment8/App.js","statementMap":{"0":{"start":{"line":16,"column":14},"end":{"line":16,"column":36}},"1":{"start":{"line":18,"column":12},"end":{"line":39,"column":1}},"2":{"start":{"line":19,"column":4},"end":{"line":38,"column":6}}},"fnMap":{"0":{"name":"(anonymous_0)","decl":{"start":{"line":18,"column":12},"end":{"line":18,"column":13}},"loc":{"start":{"line":18,"column":18},"end":{"line":39,"column":1}},"line":18}},"branchMap":{},"s":{"0":1,"1":1,"2":8},"f":{"0":8},"b":{},"_coverageSchema":"1a1c01bbd47fc00a2c39e90264f33305004495a9","hash":"6a8aa186939cd33133fb2edf1d2ea03efa271205"}
,"/Users/jair/Desktop/MobileAppDevelopment/3_ReactNative/Assignment8/src/Model/WorkspaceViewModel.js": {"path":"/Users/jair/Desktop/MobileAppDevelopment/3_ReactNative/Assignment8/src/Model/WorkspaceViewModel.js","statementMap":{"0":{"start":{"line":4,"column":32},"end":{"line":4,"column":53}},"1":{"start":{"line":6,"column":33},"end":{"line":23,"column":1}},"2":{"start":{"line":7,"column":38},"end":{"line":7,"column":56}},"3":{"start":{"line":8,"column":36},"end":{"line":8,"column":52}},"4":{"start":{"line":10,"column":2},"end":{"line":16,"column":9}},"5":{"start":{"line":11,"column":22},"end":{"line":14,"column":5}},"6":{"start":{"line":12,"column":17},"end":{"line":12,"column":39}},"7":{"start":{"line":13,"column":6},"end":{"line":13,"column":24}},"8":{"start":{"line":15,"column":4},"end":{"line":15,"column":16}},"9":{"start":{"line":18,"column":2},"end":{"line":22,"column":4}}},"fnMap":{"0":{"name":"(anonymous_0)","decl":{"start":{"line":6,"column":33},"end":{"line":6,"column":34}},"loc":{"start":{"line":6,"column":44},"end":{"line":23,"column":1}},"line":6},"1":{"name":"(anonymous_1)","decl":{"start":{"line":10,"column":18},"end":{"line":10,"column":19}},"loc":{"start":{"line":10,"column":24},"end":{"line":16,"column":3}},"line":10},"2":{"name":"(anonymous_2)","decl":{"start":{"line":11,"column":22},"end":{"line":11,"column":23}},"loc":{"start":{"line":11,"column":34},"end":{"line":14,"column":5}},"line":11}},"branchMap":{},"s":{"0":1,"1":1,"2":21,"3":20,"4":20,"5":7,"6":7,"7":7,"8":7,"9":20},"f":{"0":21,"1":7,"2":7},"b":{},"_coverageSchema":"1a1c01bbd47fc00a2c39e90264f33305004495a9","hash":"c660627f014f82f0df95db76410fb09d110bbc4f"}
,"/Users/jair/Desktop/MobileAppDevelopment/3_ReactNative/Assignment8/src/Repo/WorkspaceRepo.js": {"path":"/Users/jair/Desktop/MobileAppDevelopment/3_ReactNative/Assignment8/src/Repo/WorkspaceRepo.js","statementMap":{"0":{"start":{"line":1,"column":30},"end":{"line":9,"column":3}},"1":{"start":{"line":2,"column":4},"end":{"line":8,"column":5}},"2":{"start":{"line":3,"column":29},"end":{"line":3,"column":68}},"3":{"start":{"line":5,"column":6},"end":{"line":5,"column":28}},"4":{"start":{"line":7,"column":6},"end":{"line":7,"column":56}}},"fnMap":{"0":{"name":"(anonymous_0)","decl":{"start":{"line":1,"column":30},"end":{"line":1,"column":31}},"loc":{"start":{"line":1,"column":42},"end":{"line":9,"column":3}},"line":1}},"branchMap":{},"s":{"0":1,"1":7,"2":7,"3":7,"4":0},"f":{"0":7},"b":{},"_coverageSchema":"1a1c01bbd47fc00a2c39e90264f33305004495a9","hash":"c4b0a370fd2a2b77a0fd11421d17012ea3d7d68f"}
,"/Users/jair/Desktop/MobileAppDevelopment/3_ReactNative/Assignment8/src/UI/ChannelList.js": {"path":"/Users/jair/Desktop/MobileAppDevelopment/3_ReactNative/Assignment8/src/UI/ChannelList.js","statementMap":{"0":{"start":{"line":5,"column":20},"end":{"line":20,"column":1}},"1":{"start":{"line":6,"column":25},"end":{"line":6,"column":37}},"2":{"start":{"line":8,"column":4},"end":{"line":19,"column":6}},"3":{"start":{"line":11,"column":36},"end":{"line":11,"column":43}},"4":{"start":{"line":13,"column":16},"end":{"line":16,"column":18}}},"fnMap":{"0":{"name":"(anonymous_0)","decl":{"start":{"line":5,"column":20},"end":{"line":5,"column":21}},"loc":{"start":{"line":5,"column":47},"end":{"line":20,"column":1}},"line":5},"1":{"name":"(anonymous_1)","decl":{"start":{"line":11,"column":26},"end":{"line":11,"column":27}},"loc":{"start":{"line":11,"column":36},"end":{"line":11,"column":43}},"line":11},"2":{"name":"(anonymous_2)","decl":{"start":{"line":12,"column":24},"end":{"line":12,"column":25}},"loc":{"start":{"line":13,"column":16},"end":{"line":16,"column":18}},"line":13}},"branchMap":{},"s":{"0":1,"1":6,"2":6,"3":18,"4":12},"f":{"0":6,"1":18,"2":12},"b":{},"_coverageSchema":"1a1c01bbd47fc00a2c39e90264f33305004495a9","hash":"5979f6c0436239cd63fb234e2e6dab768d77af14"}
,"/Users/jair/Desktop/MobileAppDevelopment/3_ReactNative/Assignment8/src/UI/ChannelListItem.js": {"path":"/Users/jair/Desktop/MobileAppDevelopment/3_ReactNative/Assignment8/src/UI/ChannelListItem.js","statementMap":{"0":{"start":{"line":4,"column":24},"end":{"line":17,"column":1}},"1":{"start":{"line":6,"column":24},"end":{"line":8,"column":5}},"2":{"start":{"line":7,"column":8},"end":{"line":7,"column":68}},"3":{"start":{"line":10,"column":4},"end":{"line":16,"column":6}},"4":{"start":{"line":19,"column":15},"end":{"line":30,"column":2}}},"fnMap":{"0":{"name":"(anonymous_0)","decl":{"start":{"line":4,"column":24},"end":{"line":4,"column":25}},"loc":{"start":{"line":4,"column":53},"end":{"line":17,"column":1}},"line":4},"1":{"name":"(anonymous_1)","decl":{"start":{"line":6,"column":24},"end":{"line":6,"column":25}},"loc":{"start":{"line":6,"column":30},"end":{"line":8,"column":5}},"line":6}},"branchMap":{},"s":{"0":1,"1":12,"2":4,"3":12,"4":1},"f":{"0":12,"1":4},"b":{},"_coverageSchema":"1a1c01bbd47fc00a2c39e90264f33305004495a9","hash":"0c26af6ae901db8d4d569cdeff16e7708d9bdaed"}
,"/Users/jair/Desktop/MobileAppDevelopment/3_ReactNative/Assignment8/src/UI/MessageList.js": {"path":"/Users/jair/Desktop/MobileAppDevelopment/3_ReactNative/Assignment8/src/UI/MessageList.js","statementMap":{"0":{"start":{"line":4,"column":20},"end":{"line":18,"column":1}},"1":{"start":{"line":5,"column":25},"end":{"line":5,"column":37}},"2":{"start":{"line":7,"column":4},"end":{"line":17,"column":6}},"3":{"start":{"line":10,"column":36},"end":{"line":10,"column":43}},"4":{"start":{"line":12,"column":16},"end":{"line":14,"column":23}},"5":{"start":{"line":20,"column":15},"end":{"line":31,"column":2}}},"fnMap":{"0":{"name":"(anonymous_0)","decl":{"start":{"line":4,"column":20},"end":{"line":4,"column":21}},"loc":{"start":{"line":4,"column":35},"end":{"line":18,"column":1}},"line":4},"1":{"name":"(anonymous_1)","decl":{"start":{"line":10,"column":26},"end":{"line":10,"column":27}},"loc":{"start":{"line":10,"column":36},"end":{"line":10,"column":43}},"line":10},"2":{"name":"(anonymous_2)","decl":{"start":{"line":11,"column":24},"end":{"line":11,"column":25}},"loc":{"start":{"line":12,"column":16},"end":{"line":14,"column":23}},"line":12}},"branchMap":{},"s":{"0":1,"1":4,"2":4,"3":24,"4":20,"5":1},"f":{"0":4,"1":24,"2":20},"b":{},"_coverageSchema":"1a1c01bbd47fc00a2c39e90264f33305004495a9","hash":"800ec6bd918fad83bca61a2c0f65f3086f8201eb"}
,"/Users/jair/Desktop/MobileAppDevelopment/3_ReactNative/Assignment8/src/UI/WorkspaceList.js": {"path":"/Users/jair/Desktop/MobileAppDevelopment/3_ReactNative/Assignment8/src/UI/WorkspaceList.js","statementMap":{"0":{"start":{"line":13,"column":22},"end":{"line":32,"column":1}},"1":{"start":{"line":14,"column":40},"end":{"line":14,"column":52}},"2":{"start":{"line":16,"column":4},"end":{"line":18,"column":11}},"3":{"start":{"line":17,"column":8},"end":{"line":17,"column":38}},"4":{"start":{"line":20,"column":4},"end":{"line":31,"column":6}},"5":{"start":{"line":23,"column":36},"end":{"line":23,"column":43}},"6":{"start":{"line":25,"column":16},"end":{"line":28,"column":18}}},"fnMap":{"0":{"name":"(anonymous_0)","decl":{"start":{"line":13,"column":22},"end":{"line":13,"column":23}},"loc":{"start":{"line":13,"column":42},"end":{"line":32,"column":1}},"line":13},"1":{"name":"(anonymous_1)","decl":{"start":{"line":16,"column":14},"end":{"line":16,"column":15}},"loc":{"start":{"line":16,"column":20},"end":{"line":18,"column":5}},"line":16},"2":{"name":"(anonymous_2)","decl":{"start":{"line":23,"column":26},"end":{"line":23,"column":27}},"loc":{"start":{"line":23,"column":36},"end":{"line":23,"column":43}},"line":23},"3":{"name":"(anonymous_3)","decl":{"start":{"line":24,"column":24},"end":{"line":24,"column":25}},"loc":{"start":{"line":25,"column":16},"end":{"line":28,"column":18}},"line":25}},"branchMap":{},"s":{"0":1,"1":14,"2":14,"3":7,"4":14,"5":91,"6":70},"f":{"0":14,"1":7,"2":91,"3":70},"b":{},"_coverageSchema":"1a1c01bbd47fc00a2c39e90264f33305004495a9","hash":"f48ebbb6e2d69b3b3f7604053934e4e618b1990a"}
,"/Users/jair/Desktop/MobileAppDevelopment/3_ReactNative/Assignment8/src/UI/WorkspaceListItem.js": {"path":"/Users/jair/Desktop/MobileAppDevelopment/3_ReactNative/Assignment8/src/UI/WorkspaceListItem.js","statementMap":{"0":{"start":{"line":11,"column":15},"end":{"line":23,"column":2}},"1":{"start":{"line":25,"column":26},"end":{"line":39,"column":1}},"2":{"start":{"line":26,"column":27},"end":{"line":26,"column":61}},"3":{"start":{"line":28,"column":2},"end":{"line":38,"column":4}},"4":{"start":{"line":31,"column":8},"end":{"line":31,"column":32}},"5":{"start":{"line":32,"column":8},"end":{"line":32,"column":74}}},"fnMap":{"0":{"name":"(anonymous_0)","decl":{"start":{"line":25,"column":26},"end":{"line":25,"column":27}},"loc":{"start":{"line":25,"column":57},"end":{"line":39,"column":1}},"line":25},"1":{"name":"(anonymous_1)","decl":{"start":{"line":30,"column":15},"end":{"line":30,"column":16}},"loc":{"start":{"line":30,"column":21},"end":{"line":33,"column":7}},"line":30}},"branchMap":{},"s":{"0":1,"1":1,"2":200,"3":200,"4":6,"5":6},"f":{"0":200,"1":6},"b":{},"_coverageSchema":"1a1c01bbd47fc00a2c39e90264f33305004495a9","hash":"e85ce8c67c3375ab16abc08e483a0c7a56987a21"}
}
