{"/Users/jair/Desktop/MobileAppDevelopment/3_ReactNative/Assignment8/App.js": {"path":"/Users/jair/Desktop/MobileAppDevelopment/3_ReactNative/Assignment8/App.js","statementMap":{"0":{"start":{"line":25,"column":14},"end":{"line":25,"column":36}},"1":{"start":{"line":27,"column":12},"end":{"line":55,"column":1}},"2":{"start":{"line":28,"column":2},"end":{"line":54,"column":4}},"3":{"start":{"line":39,"column":39},"end":{"line":39,"column":72}},"4":{"start":{"line":44,"column":39},"end":{"line":47,"column":17}}},"fnMap":{"0":{"name":"(anonymous_0)","decl":{"start":{"line":27,"column":12},"end":{"line":27,"column":13}},"loc":{"start":{"line":27,"column":18},"end":{"line":55,"column":1}},"line":27},"1":{"name":"(anonymous_1)","decl":{"start":{"line":39,"column":25},"end":{"line":39,"column":26}},"loc":{"start":{"line":39,"column":39},"end":{"line":39,"column":72}},"line":39},"2":{"name":"(anonymous_2)","decl":{"start":{"line":44,"column":25},"end":{"line":44,"column":26}},"loc":{"start":{"line":44,"column":39},"end":{"line":47,"column":17}},"line":44}},"branchMap":{},"s":{"0":1,"1":1,"2":8,"3":11,"4":2},"f":{"0":8,"1":11,"2":2},"b":{},"_coverageSchema":"1a1c01bbd47fc00a2c39e90264f33305004495a9","hash":"21c8b0b482c63aa8ea1777d0f6fb94da79d8bb40"}
,"/Users/jair/Desktop/MobileAppDevelopment/3_ReactNative/Assignment8/src/Model/ChannelViewModel.js": {"path":"/Users/jair/Desktop/MobileAppDevelopment/3_ReactNative/Assignment8/src/Model/ChannelViewModel.js","statementMap":{"0":{"start":{"line":4,"column":30},"end":{"line":4,"column":51}},"1":{"start":{"line":6,"column":31},"end":{"line":19,"column":1}},"2":{"start":{"line":7,"column":34},"end":{"line":7,"column":52}},"3":{"start":{"line":9,"column":35},"end":{"line":12,"column":3}},"4":{"start":{"line":10,"column":28},"end":{"line":10,"column":73}},"5":{"start":{"line":11,"column":4},"end":{"line":11,"column":33}},"6":{"start":{"line":14,"column":2},"end":{"line":18,"column":4}}},"fnMap":{"0":{"name":"(anonymous_0)","decl":{"start":{"line":6,"column":31},"end":{"line":6,"column":32}},"loc":{"start":{"line":6,"column":40},"end":{"line":19,"column":1}},"line":6},"1":{"name":"(anonymous_1)","decl":{"start":{"line":9,"column":35},"end":{"line":9,"column":36}},"loc":{"start":{"line":9,"column":56},"end":{"line":12,"column":3}},"line":9}},"branchMap":{},"s":{"0":1,"1":1,"2":14,"3":13,"4":6,"5":6,"6":13},"f":{"0":14,"1":6},"b":{},"_coverageSchema":"1a1c01bbd47fc00a2c39e90264f33305004495a9","hash":"35abdc2ae449f0ed28ba097f55690d130da4a2af"}
,"/Users/jair/Desktop/MobileAppDevelopment/3_ReactNative/Assignment8/src/Model/DataUtil.js": {"path":"/Users/jair/Desktop/MobileAppDevelopment/3_ReactNative/Assignment8/src/Model/DataUtil.js","statementMap":{"0":{"start":{"line":3,"column":26},"end":{"line":26,"column":1}},"1":{"start":{"line":4,"column":22},"end":{"line":8,"column":3}},"2":{"start":{"line":10,"column":22},"end":{"line":14,"column":3}},"3":{"start":{"line":16,"column":24},"end":{"line":19,"column":3}},"4":{"start":{"line":20,"column":24},"end":{"line":23,"column":3}},"5":{"start":{"line":25,"column":2},"end":{"line":25,"column":48}}},"fnMap":{"0":{"name":"(anonymous_0)","decl":{"start":{"line":3,"column":26},"end":{"line":3,"column":27}},"loc":{"start":{"line":3,"column":34},"end":{"line":26,"column":1}},"line":3}},"branchMap":{},"s":{"0":1,"1":22,"2":22,"3":22,"4":22,"5":22},"f":{"0":22},"b":{},"_coverageSchema":"1a1c01bbd47fc00a2c39e90264f33305004495a9","hash":"60cd68fd758760ea5e6a42c2c456b1c3ad6adc8d"}
,"/Users/jair/Desktop/MobileAppDevelopment/3_ReactNative/Assignment8/src/Model/MessageViewModel.js": {"path":"/Users/jair/Desktop/MobileAppDevelopment/3_ReactNative/Assignment8/src/Model/MessageViewModel.js","statementMap":{"0":{"start":{"line":5,"column":30},"end":{"line":5,"column":45}},"1":{"start":{"line":7,"column":31},"end":{"line":15,"column":1}},"2":{"start":{"line":8,"column":34},"end":{"line":8,"column":46}},"3":{"start":{"line":10,"column":2},"end":{"line":14,"column":4}}},"fnMap":{"0":{"name":"(anonymous_0)","decl":{"start":{"line":7,"column":31},"end":{"line":7,"column":32}},"loc":{"start":{"line":7,"column":47},"end":{"line":15,"column":1}},"line":7}},"branchMap":{},"s":{"0":1,"1":1,"2":11,"3":11},"f":{"0":11},"b":{},"_coverageSchema":"1a1c01bbd47fc00a2c39e90264f33305004495a9","hash":"0695473bda3e7a5b0da8b36f6cb65953e0b0d9cb"}
,"/Users/jair/Desktop/MobileAppDevelopment/3_ReactNative/Assignment8/src/Model/WorkspaceViewModel.js": {"path":"/Users/jair/Desktop/MobileAppDevelopment/3_ReactNative/Assignment8/src/Model/WorkspaceViewModel.js","statementMap":{"0":{"start":{"line":4,"column":32},"end":{"line":4,"column":53}},"1":{"start":{"line":6,"column":33},"end":{"line":23,"column":1}},"2":{"start":{"line":7,"column":38},"end":{"line":7,"column":56}},"3":{"start":{"line":8,"column":36},"end":{"line":8,"column":52}},"4":{"start":{"line":10,"column":2},"end":{"line":16,"column":9}},"5":{"start":{"line":11,"column":22},"end":{"line":14,"column":5}},"6":{"start":{"line":12,"column":17},"end":{"line":12,"column":39}},"7":{"start":{"line":13,"column":6},"end":{"line":13,"column":24}},"8":{"start":{"line":15,"column":4},"end":{"line":15,"column":16}},"9":{"start":{"line":18,"column":2},"end":{"line":22,"column":4}}},"fnMap":{"0":{"name":"(anonymous_0)","decl":{"start":{"line":6,"column":33},"end":{"line":6,"column":34}},"loc":{"start":{"line":6,"column":42},"end":{"line":23,"column":1}},"line":6},"1":{"name":"(anonymous_1)","decl":{"start":{"line":10,"column":18},"end":{"line":10,"column":19}},"loc":{"start":{"line":10,"column":24},"end":{"line":16,"column":3}},"line":10},"2":{"name":"(anonymous_2)","decl":{"start":{"line":11,"column":22},"end":{"line":11,"column":23}},"loc":{"start":{"line":11,"column":34},"end":{"line":14,"column":5}},"line":11}},"branchMap":{},"s":{"0":1,"1":1,"2":15,"3":14,"4":14,"5":7,"6":7,"7":7,"8":7,"9":14},"f":{"0":15,"1":7,"2":7},"b":{},"_coverageSchema":"1a1c01bbd47fc00a2c39e90264f33305004495a9","hash":"f5013e04be209970c0e65445824a6be7192de036"}
,"/Users/jair/Desktop/MobileAppDevelopment/3_ReactNative/Assignment8/src/Repo/ChannelRepo.js": {"path":"/Users/jair/Desktop/MobileAppDevelopment/3_ReactNative/Assignment8/src/Repo/ChannelRepo.js","statementMap":{"0":{"start":{"line":7,"column":23},"end":{"line":7,"column":62}},"1":{"start":{"line":18,"column":42},"end":{"line":25,"column":1}},"2":{"start":{"line":20,"column":20},"end":{"line":20,"column":68}},"3":{"start":{"line":20,"column":46},"end":{"line":20,"column":67}},"4":{"start":{"line":24,"column":2},"end":{"line":24,"column":28}}},"fnMap":{"0":{"name":"(anonymous_0)","decl":{"start":{"line":18,"column":42},"end":{"line":18,"column":43}},"loc":{"start":{"line":18,"column":63},"end":{"line":25,"column":1}},"line":18},"1":{"name":"(anonymous_1)","decl":{"start":{"line":20,"column":40},"end":{"line":20,"column":41}},"loc":{"start":{"line":20,"column":46},"end":{"line":20,"column":67}},"line":20}},"branchMap":{},"s":{"0":1,"1":1,"2":6,"3":12,"4":6},"f":{"0":6,"1":12},"b":{},"_coverageSchema":"1a1c01bbd47fc00a2c39e90264f33305004495a9","hash":"7a9c8d942f0207fcc54ef1df1d640881a7eacfa5"}
,"/Users/jair/Desktop/MobileAppDevelopment/3_ReactNative/Assignment8/src/Repo/MessageRepo.js": {"path":"/Users/jair/Desktop/MobileAppDevelopment/3_ReactNative/Assignment8/src/Repo/MessageRepo.js","statementMap":{"0":{"start":{"line":7,"column":23},"end":{"line":7,"column":62}},"1":{"start":{"line":17,"column":40},"end":{"line":27,"column":1}},"2":{"start":{"line":20,"column":18},"end":{"line":22,"column":36}},"3":{"start":{"line":21,"column":26},"end":{"line":21,"column":44}},"4":{"start":{"line":22,"column":16},"end":{"line":22,"column":35}},"5":{"start":{"line":26,"column":2},"end":{"line":26,"column":26}}},"fnMap":{"0":{"name":"(anonymous_0)","decl":{"start":{"line":17,"column":40},"end":{"line":17,"column":41}},"loc":{"start":{"line":17,"column":59},"end":{"line":27,"column":1}},"line":17},"1":{"name":"(anonymous_1)","decl":{"start":{"line":21,"column":13},"end":{"line":21,"column":14}},"loc":{"start":{"line":21,"column":26},"end":{"line":21,"column":44}},"line":21},"2":{"name":"(anonymous_2)","decl":{"start":{"line":22,"column":10},"end":{"line":22,"column":11}},"loc":{"start":{"line":22,"column":16},"end":{"line":22,"column":35}},"line":22}},"branchMap":{},"s":{"0":1,"1":1,"2":4,"3":80,"4":32,"5":4},"f":{"0":4,"1":80,"2":32},"b":{},"_coverageSchema":"1a1c01bbd47fc00a2c39e90264f33305004495a9","hash":"045df68a5db1ae569de00475fd6c9676860c4fcd"}
,"/Users/jair/Desktop/MobileAppDevelopment/3_ReactNative/Assignment8/src/Repo/WorkspaceRepo.js": {"path":"/Users/jair/Desktop/MobileAppDevelopment/3_ReactNative/Assignment8/src/Repo/WorkspaceRepo.js","statementMap":{"0":{"start":{"line":6,"column":23},"end":{"line":6,"column":62}},"1":{"start":{"line":14,"column":30},"end":{"line":17,"column":1}},"2":{"start":{"line":16,"column":2},"end":{"line":16,"column":24}}},"fnMap":{"0":{"name":"(anonymous_0)","decl":{"start":{"line":14,"column":30},"end":{"line":14,"column":31}},"loc":{"start":{"line":14,"column":42},"end":{"line":17,"column":1}},"line":14}},"branchMap":{},"s":{"0":1,"1":1,"2":7},"f":{"0":7},"b":{},"_coverageSchema":"1a1c01bbd47fc00a2c39e90264f33305004495a9","hash":"8a8690613af8baf2a72a822776ba35a6f3c175ca"}
,"/Users/jair/Desktop/MobileAppDevelopment/3_ReactNative/Assignment8/src/UI/ChannelList.js": {"path":"/Users/jair/Desktop/MobileAppDevelopment/3_ReactNative/Assignment8/src/UI/ChannelList.js","statementMap":{"0":{"start":{"line":7,"column":20},"end":{"line":56,"column":1}},"1":{"start":{"line":8,"column":26},"end":{"line":8,"column":38}},"2":{"start":{"line":9,"column":21},"end":{"line":9,"column":53}},"3":{"start":{"line":11,"column":22},"end":{"line":18,"column":3}},"4":{"start":{"line":13,"column":6},"end":{"line":15,"column":13}},"5":{"start":{"line":20,"column":21},"end":{"line":31,"column":3}},"6":{"start":{"line":22,"column":6},"end":{"line":28,"column":25}},"7":{"start":{"line":23,"column":23},"end":{"line":23,"column":42}},"8":{"start":{"line":33,"column":2},"end":{"line":40,"column":44}},"9":{"start":{"line":34,"column":4},"end":{"line":39,"column":7}},"10":{"start":{"line":42,"column":2},"end":{"line":55,"column":4}},"11":{"start":{"line":45,"column":28},"end":{"line":45,"column":46}},"12":{"start":{"line":47,"column":8},"end":{"line":51,"column":10}},"13":{"start":{"line":58,"column":15},"end":{"line":73,"column":2}}},"fnMap":{"0":{"name":"(anonymous_0)","decl":{"start":{"line":7,"column":20},"end":{"line":7,"column":21}},"loc":{"start":{"line":7,"column":45},"end":{"line":56,"column":1}},"line":7},"1":{"name":"(anonymous_1)","decl":{"start":{"line":12,"column":4},"end":{"line":12,"column":5}},"loc":{"start":{"line":13,"column":6},"end":{"line":15,"column":13}},"line":13},"2":{"name":"(anonymous_2)","decl":{"start":{"line":21,"column":4},"end":{"line":21,"column":5}},"loc":{"start":{"line":22,"column":6},"end":{"line":28,"column":25}},"line":22},"3":{"name":"(anonymous_3)","decl":{"start":{"line":23,"column":17},"end":{"line":23,"column":18}},"loc":{"start":{"line":23,"column":23},"end":{"line":23,"column":42}},"line":23},"4":{"name":"(anonymous_4)","decl":{"start":{"line":33,"column":18},"end":{"line":33,"column":19}},"loc":{"start":{"line":33,"column":24},"end":{"line":40,"column":3}},"line":33},"5":{"name":"(anonymous_5)","decl":{"start":{"line":45,"column":20},"end":{"line":45,"column":21}},"loc":{"start":{"line":45,"column":28},"end":{"line":45,"column":46}},"line":45},"6":{"name":"(anonymous_6)","decl":{"start":{"line":46,"column":18},"end":{"line":46,"column":19}},"loc":{"start":{"line":47,"column":8},"end":{"line":51,"column":10}},"line":47}},"branchMap":{},"s":{"0":1,"1":6,"2":6,"3":6,"4":24,"5":6,"6":24,"7":3,"8":6,"9":6,"10":6,"11":18,"12":12,"13":1},"f":{"0":6,"1":24,"2":24,"3":3,"4":6,"5":18,"6":12},"b":{},"_coverageSchema":"1a1c01bbd47fc00a2c39e90264f33305004495a9","hash":"f7ce49a794b0cf760897634c10f0014b06ce7d78"}
,"/Users/jair/Desktop/MobileAppDevelopment/3_ReactNative/Assignment8/src/UI/ChannelListItem.js": {"path":"/Users/jair/Desktop/MobileAppDevelopment/3_ReactNative/Assignment8/src/UI/ChannelListItem.js","statementMap":{"0":{"start":{"line":5,"column":15},"end":{"line":16,"column":2}},"1":{"start":{"line":18,"column":24},"end":{"line":33,"column":1}},"2":{"start":{"line":19,"column":22},"end":{"line":25,"column":3}},"3":{"start":{"line":20,"column":4},"end":{"line":24,"column":7}},"4":{"start":{"line":26,"column":2},"end":{"line":32,"column":4}}},"fnMap":{"0":{"name":"(anonymous_0)","decl":{"start":{"line":18,"column":24},"end":{"line":18,"column":25}},"loc":{"start":{"line":18,"column":66},"end":{"line":33,"column":1}},"line":18},"1":{"name":"(anonymous_1)","decl":{"start":{"line":19,"column":22},"end":{"line":19,"column":23}},"loc":{"start":{"line":19,"column":28},"end":{"line":25,"column":3}},"line":19}},"branchMap":{},"s":{"0":1,"1":1,"2":12,"3":4,"4":12},"f":{"0":12,"1":4},"b":{},"_coverageSchema":"1a1c01bbd47fc00a2c39e90264f33305004495a9","hash":"c3e5858e2af66f986cd3cf03020f2fdf141b8bba"}
,"/Users/jair/Desktop/MobileAppDevelopment/3_ReactNative/Assignment8/src/UI/MessageDetail.js": {"path":"/Users/jair/Desktop/MobileAppDevelopment/3_ReactNative/Assignment8/src/UI/MessageDetail.js","statementMap":{"0":{"start":{"line":8,"column":22},"end":{"line":26,"column":1}},"1":{"start":{"line":10,"column":33},"end":{"line":10,"column":45}},"2":{"start":{"line":11,"column":24},"end":{"line":11,"column":50}},"3":{"start":{"line":13,"column":2},"end":{"line":25,"column":4}},"4":{"start":{"line":19,"column":23},"end":{"line":19,"column":42}},"5":{"start":{"line":28,"column":15},"end":{"line":53,"column":2}}},"fnMap":{"0":{"name":"(anonymous_0)","decl":{"start":{"line":8,"column":22},"end":{"line":8,"column":23}},"loc":{"start":{"line":8,"column":47},"end":{"line":26,"column":1}},"line":8},"1":{"name":"(anonymous_1)","decl":{"start":{"line":19,"column":17},"end":{"line":19,"column":18}},"loc":{"start":{"line":19,"column":23},"end":{"line":19,"column":42}},"line":19}},"branchMap":{},"s":{"0":1,"1":2,"2":2,"3":2,"4":1,"5":1},"f":{"0":2,"1":1},"b":{},"_coverageSchema":"1a1c01bbd47fc00a2c39e90264f33305004495a9","hash":"7a761917d04e72349b8b23bf61ead5bae885780e"}
,"/Users/jair/Desktop/MobileAppDevelopment/3_ReactNative/Assignment8/src/UI/MessageList.js": {"path":"/Users/jair/Desktop/MobileAppDevelopment/3_ReactNative/Assignment8/src/UI/MessageList.js","statementMap":{"0":{"start":{"line":13,"column":20},"end":{"line":17,"column":1}},"1":{"start":{"line":14,"column":2},"end":{"line":16,"column":9}},"2":{"start":{"line":19,"column":19},"end":{"line":27,"column":1}},"3":{"start":{"line":20,"column":2},"end":{"line":26,"column":21}},"4":{"start":{"line":21,"column":19},"end":{"line":21,"column":38}},"5":{"start":{"line":29,"column":20},"end":{"line":79,"column":1}},"6":{"start":{"line":30,"column":34},"end":{"line":30,"column":60}},"7":{"start":{"line":31,"column":39},"end":{"line":31,"column":51}},"8":{"start":{"line":33,"column":29},"end":{"line":35,"column":3}},"9":{"start":{"line":34,"column":4},"end":{"line":34,"column":80}},"10":{"start":{"line":34,"column":39},"end":{"line":34,"column":78}},"11":{"start":{"line":37,"column":25},"end":{"line":37,"column":53}},"12":{"start":{"line":39,"column":2},"end":{"line":45,"column":34}},"13":{"start":{"line":40,"column":36},"end":{"line":43,"column":5}},"14":{"start":{"line":41,"column":30},"end":{"line":41,"column":71}},"15":{"start":{"line":42,"column":6},"end":{"line":42,"column":35}},"16":{"start":{"line":44,"column":4},"end":{"line":44,"column":52}},"17":{"start":{"line":47,"column":30},"end":{"line":50,"column":3}},"18":{"start":{"line":48,"column":10},"end":{"line":48,"column":51}},"19":{"start":{"line":51,"column":29},"end":{"line":54,"column":3}},"20":{"start":{"line":52,"column":10},"end":{"line":52,"column":78}},"21":{"start":{"line":56,"column":2},"end":{"line":63,"column":60}},"22":{"start":{"line":57,"column":4},"end":{"line":62,"column":7}},"23":{"start":{"line":65,"column":2},"end":{"line":78,"column":4}},"24":{"start":{"line":68,"column":28},"end":{"line":68,"column":46}},"25":{"start":{"line":70,"column":8},"end":{"line":74,"column":10}},"26":{"start":{"line":81,"column":15},"end":{"line":95,"column":2}}},"fnMap":{"0":{"name":"(anonymous_0)","decl":{"start":{"line":13,"column":20},"end":{"line":13,"column":21}},"loc":{"start":{"line":14,"column":2},"end":{"line":16,"column":9}},"line":14},"1":{"name":"(anonymous_1)","decl":{"start":{"line":19,"column":19},"end":{"line":19,"column":20}},"loc":{"start":{"line":20,"column":2},"end":{"line":26,"column":21}},"line":20},"2":{"name":"(anonymous_2)","decl":{"start":{"line":21,"column":13},"end":{"line":21,"column":14}},"loc":{"start":{"line":21,"column":19},"end":{"line":21,"column":38}},"line":21},"3":{"name":"(anonymous_3)","decl":{"start":{"line":29,"column":20},"end":{"line":29,"column":21}},"loc":{"start":{"line":29,"column":45},"end":{"line":79,"column":1}},"line":29},"4":{"name":"(anonymous_4)","decl":{"start":{"line":33,"column":29},"end":{"line":33,"column":30}},"loc":{"start":{"line":33,"column":37},"end":{"line":35,"column":3}},"line":33},"5":{"name":"(anonymous_5)","decl":{"start":{"line":34,"column":29},"end":{"line":34,"column":30}},"loc":{"start":{"line":34,"column":39},"end":{"line":34,"column":78}},"line":34},"6":{"name":"(anonymous_6)","decl":{"start":{"line":39,"column":12},"end":{"line":39,"column":13}},"loc":{"start":{"line":39,"column":18},"end":{"line":45,"column":3}},"line":39},"7":{"name":"(anonymous_7)","decl":{"start":{"line":40,"column":36},"end":{"line":40,"column":37}},"loc":{"start":{"line":40,"column":55},"end":{"line":43,"column":5}},"line":40},"8":{"name":"(anonymous_8)","decl":{"start":{"line":48,"column":4},"end":{"line":48,"column":5}},"loc":{"start":{"line":48,"column":10},"end":{"line":48,"column":51}},"line":48},"9":{"name":"(anonymous_9)","decl":{"start":{"line":52,"column":4},"end":{"line":52,"column":5}},"loc":{"start":{"line":52,"column":10},"end":{"line":52,"column":78}},"line":52},"10":{"name":"(anonymous_10)","decl":{"start":{"line":56,"column":18},"end":{"line":56,"column":19}},"loc":{"start":{"line":56,"column":24},"end":{"line":63,"column":3}},"line":56},"11":{"name":"(anonymous_11)","decl":{"start":{"line":68,"column":20},"end":{"line":68,"column":21}},"loc":{"start":{"line":68,"column":28},"end":{"line":68,"column":46}},"line":68},"12":{"name":"(anonymous_12)","decl":{"start":{"line":69,"column":18},"end":{"line":69,"column":19}},"loc":{"start":{"line":70,"column":8},"end":{"line":74,"column":10}},"line":70}},"branchMap":{},"s":{"0":1,"1":9,"2":1,"3":9,"4":2,"5":1,"6":8,"7":8,"8":8,"9":8,"10":24,"11":8,"12":8,"13":4,"14":4,"15":4,"16":4,"17":8,"18":9,"19":8,"20":9,"21":8,"22":4,"23":8,"24":24,"25":20,"26":1},"f":{"0":9,"1":9,"2":2,"3":8,"4":8,"5":24,"6":4,"7":4,"8":9,"9":9,"10":4,"11":24,"12":20},"b":{},"_coverageSchema":"1a1c01bbd47fc00a2c39e90264f33305004495a9","hash":"23d9bae7829899df84d4673365fa5c8bf490a204"}
,"/Users/jair/Desktop/MobileAppDevelopment/3_ReactNative/Assignment8/src/UI/MessageListItem.js": {"path":"/Users/jair/Desktop/MobileAppDevelopment/3_ReactNative/Assignment8/src/UI/MessageListItem.js","statementMap":{"0":{"start":{"line":9,"column":24},"end":{"line":23,"column":1}},"1":{"start":{"line":10,"column":22},"end":{"line":12,"column":3}},"2":{"start":{"line":11,"column":4},"end":{"line":11,"column":61}},"3":{"start":{"line":14,"column":2},"end":{"line":22,"column":4}},"4":{"start":{"line":26,"column":15},"end":{"line":47,"column":2}}},"fnMap":{"0":{"name":"(anonymous_0)","decl":{"start":{"line":9,"column":24},"end":{"line":9,"column":25}},"loc":{"start":{"line":9,"column":51},"end":{"line":23,"column":1}},"line":9},"1":{"name":"(anonymous_1)","decl":{"start":{"line":10,"column":22},"end":{"line":10,"column":23}},"loc":{"start":{"line":10,"column":28},"end":{"line":12,"column":3}},"line":10}},"branchMap":{},"s":{"0":1,"1":20,"2":2,"3":20,"4":1},"f":{"0":20,"1":2},"b":{},"_coverageSchema":"1a1c01bbd47fc00a2c39e90264f33305004495a9","hash":"852c63bc8b0891ea31dc89cad1280d40c0afcedc"}
,"/Users/jair/Desktop/MobileAppDevelopment/3_ReactNative/Assignment8/src/UI/WorkspaceList.js": {"path":"/Users/jair/Desktop/MobileAppDevelopment/3_ReactNative/Assignment8/src/UI/WorkspaceList.js","statementMap":{"0":{"start":{"line":7,"column":2},"end":{"line":9,"column":71}},"1":{"start":{"line":9,"column":20},"end":{"line":9,"column":69}},"2":{"start":{"line":12,"column":22},"end":{"line":27,"column":1}},"3":{"start":{"line":13,"column":23},"end":{"line":13,"column":51}},"4":{"start":{"line":15,"column":27},"end":{"line":15,"column":59}},"5":{"start":{"line":17,"column":2},"end":{"line":26,"column":4}},"6":{"start":{"line":20,"column":28},"end":{"line":20,"column":46}},"7":{"start":{"line":22,"column":8},"end":{"line":22,"column":70}}},"fnMap":{"0":{"name":"sortWorkspacesByDate","decl":{"start":{"line":6,"column":9},"end":{"line":6,"column":29}},"loc":{"start":{"line":6,"column":42},"end":{"line":10,"column":1}},"line":6},"1":{"name":"(anonymous_1)","decl":{"start":{"line":9,"column":10},"end":{"line":9,"column":11}},"loc":{"start":{"line":9,"column":20},"end":{"line":9,"column":69}},"line":9},"2":{"name":"(anonymous_2)","decl":{"start":{"line":12,"column":22},"end":{"line":12,"column":23}},"loc":{"start":{"line":12,"column":40},"end":{"line":27,"column":1}},"line":12},"3":{"name":"(anonymous_3)","decl":{"start":{"line":20,"column":20},"end":{"line":20,"column":21}},"loc":{"start":{"line":20,"column":28},"end":{"line":20,"column":46}},"line":20},"4":{"name":"(anonymous_4)","decl":{"start":{"line":21,"column":18},"end":{"line":21,"column":19}},"loc":{"start":{"line":22,"column":8},"end":{"line":22,"column":70}},"line":22}},"branchMap":{},"s":{"0":14,"1":133,"2":1,"3":14,"4":14,"5":14,"6":147,"7":140},"f":{"0":14,"1":133,"2":14,"3":147,"4":140},"b":{},"_coverageSchema":"1a1c01bbd47fc00a2c39e90264f33305004495a9","hash":"baa767bd62078705316bad4739c6dc1eabdc242d"}
,"/Users/jair/Desktop/MobileAppDevelopment/3_ReactNative/Assignment8/src/UI/WorkspaceListItem.js": {"path":"/Users/jair/Desktop/MobileAppDevelopment/3_ReactNative/Assignment8/src/UI/WorkspaceListItem.js","statementMap":{"0":{"start":{"line":7,"column":15},"end":{"line":18,"column":2}},"1":{"start":{"line":20,"column":26},"end":{"line":37,"column":1}},"2":{"start":{"line":21,"column":37},"end":{"line":21,"column":69}},"3":{"start":{"line":23,"column":2},"end":{"line":36,"column":4}},"4":{"start":{"line":26,"column":8},"end":{"line":26,"column":53}},"5":{"start":{"line":27,"column":8},"end":{"line":29,"column":11}}},"fnMap":{"0":{"name":"(anonymous_0)","decl":{"start":{"line":20,"column":26},"end":{"line":20,"column":27}},"loc":{"start":{"line":20,"column":55},"end":{"line":37,"column":1}},"line":20},"1":{"name":"(anonymous_1)","decl":{"start":{"line":25,"column":15},"end":{"line":25,"column":16}},"loc":{"start":{"line":25,"column":27},"end":{"line":30,"column":7}},"line":25}},"branchMap":{},"s":{"0":1,"1":1,"2":260,"3":260,"4":6,"5":6},"f":{"0":260,"1":6},"b":{},"_coverageSchema":"1a1c01bbd47fc00a2c39e90264f33305004495a9","hash":"ed29b70fcffc9bbcc1d76191c6af1e08bdda17fb"}
}
