TN:
SF:App.js
FN:18,(anonymous_0)
FNF:1
FNH:1
FNDA:8,(anonymous_0)
DA:16,1
DA:18,1
DA:19,8
LF:3
LH:3
BRF:0
BRH:0
end_of_record
TN:
SF:src/Model/WorkspaceViewModel.js
FN:6,(anonymous_0)
FN:10,(anonymous_1)
FN:11,(anonymous_2)
FNF:3
FNH:3
FNDA:21,(anonymous_0)
FNDA:7,(anonymous_1)
FNDA:7,(anonymous_2)
DA:4,1
DA:6,1
DA:7,21
DA:8,20
DA:10,20
DA:11,7
DA:12,7
DA:13,7
DA:15,7
DA:18,20
LF:10
LH:10
BRF:0
BRH:0
end_of_record
TN:
SF:src/Repo/WorkspaceRepo.js
FN:1,(anonymous_0)
FNF:1
FNH:1
FNDA:7,(anonymous_0)
DA:1,1
DA:2,7
DA:3,7
DA:5,7
DA:7,0
LF:5
LH:4
BRF:0
BRH:0
end_of_record
TN:
SF:src/UI/ChannelList.js
FN:5,(anonymous_0)
FN:11,(anonymous_1)
FN:12,(anonymous_2)
FNF:3
FNH:3
FNDA:6,(anonymous_0)
FNDA:18,(anonymous_1)
FNDA:12,(anonymous_2)
DA:5,1
DA:6,6
DA:8,6
DA:11,18
DA:13,12
LF:5
LH:5
BRF:0
BRH:0
end_of_record
TN:
SF:src/UI/ChannelListItem.js
FN:4,(anonymous_0)
FN:6,(anonymous_1)
FNF:2
FNH:2
FNDA:12,(anonymous_0)
FNDA:4,(anonymous_1)
DA:4,1
DA:6,12
DA:7,4
DA:10,12
DA:19,1
LF:5
LH:5
BRF:0
BRH:0
end_of_record
TN:
SF:src/UI/MessageList.js
FN:4,(anonymous_0)
FN:10,(anonymous_1)
FN:11,(anonymous_2)
FNF:3
FNH:3
FNDA:4,(anonymous_0)
FNDA:24,(anonymous_1)
FNDA:20,(anonymous_2)
DA:4,1
DA:5,4
DA:7,4
DA:10,24
DA:12,20
DA:20,1
LF:6
LH:6
BRF:0
BRH:0
end_of_record
TN:
SF:src/UI/WorkspaceList.js
FN:13,(anonymous_0)
FN:16,(anonymous_1)
FN:23,(anonymous_2)
FN:24,(anonymous_3)
FNF:4
FNH:4
FNDA:14,(anonymous_0)
FNDA:7,(anonymous_1)
FNDA:91,(anonymous_2)
FNDA:70,(anonymous_3)
DA:13,1
DA:14,14
DA:16,14
DA:17,7
DA:20,14
DA:23,91
DA:25,70
LF:7
LH:7
BRF:0
BRH:0
end_of_record
TN:
SF:src/UI/WorkspaceListItem.js
FN:25,(anonymous_0)
FN:30,(anonymous_1)
FNF:2
FNH:2
FNDA:200,(anonymous_0)
FNDA:6,(anonymous_1)
DA:11,1
DA:25,1
DA:26,200
DA:28,200
DA:31,6
DA:32,6
LF:6
LH:6
BRF:0
BRH:0
end_of_record
