TN:
SF:App.js
FN:27,(anonymous_0)
FN:39,(anonymous_1)
FN:44,(anonymous_2)
FNF:3
FNH:3
FNDA:8,(anonymous_0)
FNDA:10,(anonymous_1)
FNDA:2,(anonymous_2)
DA:25,1
DA:27,1
DA:28,8
DA:39,10
DA:44,2
LF:5
LH:5
BRF:0
BRH:0
end_of_record
TN:
SF:src/Model/ChannelViewModel.js
FN:6,(anonymous_0)
FN:9,(anonymous_1)
FNF:2
FNH:2
FNDA:14,(anonymous_0)
FNDA:6,(anonymous_1)
DA:4,1
DA:6,1
DA:7,14
DA:9,13
DA:10,6
DA:11,6
DA:14,13
LF:7
LH:7
BRF:0
BRH:0
end_of_record
TN:
SF:src/Model/DataUtil.js
FN:3,(anonymous_0)
FNF:1
FNH:1
FNDA:22,(anonymous_0)
DA:3,1
DA:4,22
DA:10,22
DA:16,22
DA:17,22
DA:19,22
LF:6
LH:6
BRF:0
BRH:0
end_of_record
TN:
SF:src/Model/MessageViewModel.js
FN:7,(anonymous_0)
FNF:1
FNH:1
FNDA:11,(anonymous_0)
DA:5,1
DA:7,1
DA:8,11
DA:10,11
LF:4
LH:4
BRF:0
BRH:0
end_of_record
TN:
SF:src/Model/WorkspaceViewModel.js
FN:6,(anonymous_0)
FN:10,(anonymous_1)
FN:11,(anonymous_2)
FNF:3
FNH:3
FNDA:15,(anonymous_0)
FNDA:7,(anonymous_1)
FNDA:7,(anonymous_2)
DA:4,1
DA:6,1
DA:7,15
DA:8,14
DA:10,14
DA:11,7
DA:12,7
DA:13,7
DA:15,7
DA:18,14
LF:10
LH:10
BRF:0
BRH:0
end_of_record
TN:
SF:src/Repo/ChannelRepo.js
FN:18,(anonymous_0)
FN:21,(anonymous_1)
FNF:2
FNH:2
FNDA:6,(anonymous_0)
FNDA:12,(anonymous_1)
DA:7,1
DA:18,1
DA:19,6
DA:21,12
DA:25,6
DA:27,0
LF:6
LH:5
BRDA:25,0,0,6
BRDA:25,0,1,0
BRF:2
BRH:1
end_of_record
TN:
SF:src/Repo/MessageRepo.js
FN:17,(anonymous_0)
FN:22,(anonymous_1)
FN:23,(anonymous_2)
FNF:3
FNH:3
FNDA:4,(anonymous_0)
FNDA:80,(anonymous_1)
FNDA:32,(anonymous_2)
DA:7,1
DA:17,1
DA:18,4
DA:21,4
DA:22,80
DA:23,32
DA:27,4
DA:29,0
LF:8
LH:7
BRDA:27,0,0,4
BRDA:27,0,1,0
BRF:2
BRH:1
end_of_record
TN:
SF:src/Repo/WorkspaceRepo.js
FN:14,(anonymous_0)
FNF:1
FNH:1
FNDA:7,(anonymous_0)
DA:6,1
DA:14,1
DA:15,7
DA:17,7
DA:19,0
LF:5
LH:4
BRF:0
BRH:0
end_of_record
TN:
SF:src/UI/ChannelList.js
FN:10,(anonymous_0)
FN:14,(anonymous_1)
FN:16,(anonymous_2)
FN:21,(anonymous_3)
FN:23,(anonymous_4)
FN:37,(anonymous_5)
FN:38,(anonymous_6)
FNF:7
FNH:6
FNDA:6,(anonymous_0)
FNDA:6,(anonymous_1)
FNDA:27,(anonymous_2)
FNDA:27,(anonymous_3)
FNDA:0,(anonymous_4)
FNDA:18,(anonymous_5)
FNDA:12,(anonymous_6)
DA:10,1
DA:11,6
DA:12,6
DA:14,6
DA:15,6
DA:17,27
DA:22,27
DA:23,0
DA:34,6
DA:37,18
DA:39,12
DA:50,1
LF:12
LH:11
BRF:0
BRH:0
end_of_record
TN:
SF:src/UI/ChannelListItem.js
FN:18,(anonymous_0)
FN:19,(anonymous_1)
FNF:2
FNH:2
FNDA:12,(anonymous_0)
FNDA:4,(anonymous_1)
DA:5,1
DA:18,1
DA:19,12
DA:25,4
DA:31,12
LF:5
LH:5
BRF:0
BRH:0
end_of_record
TN:
SF:src/UI/MessageDetail.js
FN:9,(anonymous_0)
FNF:1
FNH:1
FNDA:2,(anonymous_0)
DA:9,1
DA:10,2
DA:11,2
DA:14,2
DA:23,1
LF:5
LH:5
BRF:0
BRH:0
end_of_record
TN:
SF:src/UI/MessageList.js
FN:8,(anonymous_0)
FN:15,(anonymous_1)
FN:16,(anonymous_2)
FN:30,(anonymous_3)
FN:32,(anonymous_4)
FN:37,(anonymous_5)
FN:39,(anonymous_6)
FN:53,(anonymous_7)
FN:54,(anonymous_8)
FNF:9
FNH:8
FNDA:8,(anonymous_0)
FNDA:4,(anonymous_1)
FNDA:4,(anonymous_2)
FNDA:4,(anonymous_3)
FNDA:16,(anonymous_4)
FNDA:16,(anonymous_5)
FNDA:0,(anonymous_6)
FNDA:24,(anonymous_7)
FNDA:20,(anonymous_8)
DA:8,1
DA:9,8
DA:12,8
DA:15,8
DA:16,4
DA:17,4
DA:18,4
DA:19,4
DA:21,0
DA:25,4
DA:26,4
DA:30,8
DA:31,4
DA:33,16
DA:38,16
DA:39,0
DA:50,8
DA:53,24
DA:55,20
DA:66,1
LF:20
LH:18
BRDA:25,0,0,4
BRDA:25,0,1,0
BRDA:25,1,0,4
BRDA:25,1,1,4
BRF:4
BRH:3
end_of_record
TN:
SF:src/UI/MessageListItem.js
FN:9,(anonymous_0)
FN:10,(anonymous_1)
FNF:2
FNH:2
FNDA:20,(anonymous_0)
FNDA:2,(anonymous_1)
DA:9,1
DA:10,20
DA:11,2
DA:14,20
DA:32,1
LF:5
LH:5
BRF:0
BRH:0
end_of_record
TN:
SF:src/UI/WorkspaceList.js
FN:6,(anonymous_0)
FN:12,(anonymous_1)
FN:13,(anonymous_2)
FNF:3
FNH:3
FNDA:14,(anonymous_0)
FNDA:147,(anonymous_1)
FNDA:140,(anonymous_2)
DA:6,1
DA:7,14
DA:9,14
DA:12,147
DA:14,140
LF:5
LH:5
BRF:0
BRH:0
end_of_record
TN:
SF:src/UI/WorkspaceListItem.js
FN:22,(anonymous_0)
FN:27,(anonymous_1)
FNF:2
FNH:2
FNDA:260,(anonymous_0)
FNDA:6,(anonymous_1)
DA:9,1
DA:22,1
DA:23,260
DA:25,260
DA:28,6
DA:29,6
LF:6
LH:6
BRF:0
BRH:0
end_of_record
