{"/Users/jair/Desktop/MobileAppDevelopment/3_ReactNative/Assignment9/App.js": {"path":"/Users/jair/Desktop/MobileAppDevelopment/3_ReactNative/Assignment9/App.js","statementMap":{"0":{"start":{"line":30,"column":14},"end":{"line":30,"column":36}},"1":{"start":{"line":32,"column":12},"end":{"line":74,"column":1}},"2":{"start":{"line":33,"column":2},"end":{"line":73,"column":4}},"3":{"start":{"line":52,"column":41},"end":{"line":52,"column":74}},"4":{"start":{"line":57,"column":41},"end":{"line":60,"column":19}}},"fnMap":{"0":{"name":"(anonymous_0)","decl":{"start":{"line":32,"column":12},"end":{"line":32,"column":13}},"loc":{"start":{"line":32,"column":18},"end":{"line":74,"column":1}},"line":32},"1":{"name":"(anonymous_1)","decl":{"start":{"line":52,"column":27},"end":{"line":52,"column":28}},"loc":{"start":{"line":52,"column":41},"end":{"line":52,"column":74}},"line":52},"2":{"name":"(anonymous_2)","decl":{"start":{"line":57,"column":27},"end":{"line":57,"column":28}},"loc":{"start":{"line":57,"column":41},"end":{"line":60,"column":19}},"line":57}},"branchMap":{},"s":{"0":1,"1":1,"2":12,"3":30,"4":2},"f":{"0":12,"1":30,"2":2},"b":{},"_coverageSchema":"1a1c01bbd47fc00a2c39e90264f33305004495a9","hash":"9f90823538768f909c41db505fb11e096d018582"}
,"/Users/jair/Desktop/MobileAppDevelopment/3_ReactNative/Assignment9/src/Model/AuthContext.js": {"path":"/Users/jair/Desktop/MobileAppDevelopment/3_ReactNative/Assignment9/src/Model/AuthContext.js","statementMap":{"0":{"start":{"line":5,"column":20},"end":{"line":9,"column":2}}},"fnMap":{},"branchMap":{},"s":{"0":1},"f":{},"b":{},"_coverageSchema":"1a1c01bbd47fc00a2c39e90264f33305004495a9","hash":"d13d4ff4bdeaa5fd9b0c16dbf1ba4c5bd1a32406"}
,"/Users/jair/Desktop/MobileAppDevelopment/3_ReactNative/Assignment9/src/Model/AuthProvider.js": {"path":"/Users/jair/Desktop/MobileAppDevelopment/3_ReactNative/Assignment9/src/Model/AuthProvider.js","statementMap":{"0":{"start":{"line":5,"column":21},"end":{"line":21,"column":1}},"1":{"start":{"line":6,"column":28},"end":{"line":6,"column":42}},"2":{"start":{"line":8,"column":17},"end":{"line":10,"column":3}},"3":{"start":{"line":9,"column":4},"end":{"line":9,"column":23}},"4":{"start":{"line":12,"column":18},"end":{"line":14,"column":3}},"5":{"start":{"line":13,"column":4},"end":{"line":13,"column":19}},"6":{"start":{"line":16,"column":2},"end":{"line":20,"column":4}}},"fnMap":{"0":{"name":"(anonymous_0)","decl":{"start":{"line":5,"column":21},"end":{"line":5,"column":22}},"loc":{"start":{"line":5,"column":37},"end":{"line":21,"column":1}},"line":5},"1":{"name":"(anonymous_1)","decl":{"start":{"line":8,"column":17},"end":{"line":8,"column":18}},"loc":{"start":{"line":8,"column":29},"end":{"line":10,"column":3}},"line":8},"2":{"name":"(anonymous_2)","decl":{"start":{"line":12,"column":18},"end":{"line":12,"column":19}},"loc":{"start":{"line":12,"column":24},"end":{"line":14,"column":3}},"line":12}},"branchMap":{},"s":{"0":1,"1":22,"2":22,"3":10,"4":22,"5":1,"6":22},"f":{"0":22,"1":10,"2":1},"b":{},"_coverageSchema":"1a1c01bbd47fc00a2c39e90264f33305004495a9","hash":"d5a7786e2c2793ca7896ec8b497425992a853b0e"}
,"/Users/jair/Desktop/MobileAppDevelopment/3_ReactNative/Assignment9/src/Model/ChannelViewModel.js": {"path":"/Users/jair/Desktop/MobileAppDevelopment/3_ReactNative/Assignment9/src/Model/ChannelViewModel.js","statementMap":{"0":{"start":{"line":6,"column":30},"end":{"line":6,"column":51}},"1":{"start":{"line":8,"column":31},"end":{"line":25,"column":1}},"2":{"start":{"line":9,"column":34},"end":{"line":9,"column":52}},"3":{"start":{"line":11,"column":35},"end":{"line":18,"column":3}},"4":{"start":{"line":12,"column":28},"end":{"line":15,"column":5}},"5":{"start":{"line":16,"column":4},"end":{"line":16,"column":33}},"6":{"start":{"line":17,"column":4},"end":{"line":17,"column":27}},"7":{"start":{"line":20,"column":2},"end":{"line":24,"column":4}}},"fnMap":{"0":{"name":"(anonymous_0)","decl":{"start":{"line":8,"column":31},"end":{"line":8,"column":32}},"loc":{"start":{"line":8,"column":40},"end":{"line":25,"column":1}},"line":8},"1":{"name":"(anonymous_1)","decl":{"start":{"line":11,"column":35},"end":{"line":11,"column":36}},"loc":{"start":{"line":11,"column":65},"end":{"line":18,"column":3}},"line":11}},"branchMap":{},"s":{"0":1,"1":1,"2":45,"3":44,"4":36,"5":35,"6":35,"7":44},"f":{"0":45,"1":36},"b":{},"_coverageSchema":"1a1c01bbd47fc00a2c39e90264f33305004495a9","hash":"98eb57ecd61850f4515fbce5b1ecc31918ec424f"}
,"/Users/jair/Desktop/MobileAppDevelopment/3_ReactNative/Assignment9/src/Model/DataClasses.js": {"path":"/Users/jair/Desktop/MobileAppDevelopment/3_ReactNative/Assignment9/src/Model/DataClasses.js","statementMap":{"0":{"start":{"line":4,"column":4},"end":{"line":4,"column":17}},"1":{"start":{"line":5,"column":4},"end":{"line":5,"column":21}},"2":{"start":{"line":6,"column":4},"end":{"line":6,"column":29}},"3":{"start":{"line":12,"column":4},"end":{"line":12,"column":17}},"4":{"start":{"line":13,"column":4},"end":{"line":13,"column":21}},"5":{"start":{"line":14,"column":4},"end":{"line":14,"column":38}},"6":{"start":{"line":18,"column":4},"end":{"line":18,"column":30}},"7":{"start":{"line":24,"column":4},"end":{"line":24,"column":17}},"8":{"start":{"line":25,"column":4},"end":{"line":25,"column":27}},"9":{"start":{"line":26,"column":4},"end":{"line":26,"column":35}},"10":{"start":{"line":27,"column":4},"end":{"line":27,"column":25}},"11":{"start":{"line":33,"column":4},"end":{"line":33,"column":17}},"12":{"start":{"line":34,"column":4},"end":{"line":34,"column":21}}},"fnMap":{"0":{"name":"(anonymous_0)","decl":{"start":{"line":3,"column":2},"end":{"line":3,"column":3}},"loc":{"start":{"line":3,"column":34},"end":{"line":7,"column":3}},"line":3},"1":{"name":"(anonymous_1)","decl":{"start":{"line":11,"column":2},"end":{"line":11,"column":3}},"loc":{"start":{"line":11,"column":38},"end":{"line":15,"column":3}},"line":11},"2":{"name":"(anonymous_2)","decl":{"start":{"line":17,"column":2},"end":{"line":17,"column":3}},"loc":{"start":{"line":17,"column":21},"end":{"line":19,"column":3}},"line":17},"3":{"name":"(anonymous_3)","decl":{"start":{"line":23,"column":2},"end":{"line":23,"column":3}},"loc":{"start":{"line":23,"column":43},"end":{"line":28,"column":3}},"line":23},"4":{"name":"(anonymous_4)","decl":{"start":{"line":32,"column":2},"end":{"line":32,"column":3}},"loc":{"start":{"line":32,"column":24},"end":{"line":35,"column":3}},"line":32}},"branchMap":{},"s":{"0":63,"1":63,"2":63,"3":93,"4":93,"5":93,"6":108,"7":13,"8":13,"9":13,"10":13,"11":13,"12":13},"f":{"0":63,"1":93,"2":108,"3":13,"4":13},"b":{},"_coverageSchema":"1a1c01bbd47fc00a2c39e90264f33305004495a9","hash":"f20081aae593613c1106958297ca62fd3cc3364b"}
,"/Users/jair/Desktop/MobileAppDevelopment/3_ReactNative/Assignment9/src/Model/DataUtil.js": {"path":"/Users/jair/Desktop/MobileAppDevelopment/3_ReactNative/Assignment9/src/Model/DataUtil.js","statementMap":{"0":{"start":{"line":4,"column":26},"end":{"line":27,"column":1}},"1":{"start":{"line":5,"column":22},"end":{"line":9,"column":3}},"2":{"start":{"line":11,"column":22},"end":{"line":15,"column":3}},"3":{"start":{"line":17,"column":24},"end":{"line":20,"column":3}},"4":{"start":{"line":21,"column":24},"end":{"line":24,"column":3}},"5":{"start":{"line":26,"column":2},"end":{"line":26,"column":48}}},"fnMap":{"0":{"name":"(anonymous_0)","decl":{"start":{"line":4,"column":26},"end":{"line":4,"column":27}},"loc":{"start":{"line":4,"column":34},"end":{"line":27,"column":1}},"line":4}},"branchMap":{},"s":{"0":1,"1":26,"2":26,"3":26,"4":26,"5":26},"f":{"0":26},"b":{},"_coverageSchema":"1a1c01bbd47fc00a2c39e90264f33305004495a9","hash":"8126db190e2e185bd74bf34924a61b084f62f0e1"}
,"/Users/jair/Desktop/MobileAppDevelopment/3_ReactNative/Assignment9/src/Model/MessageViewModel.js": {"path":"/Users/jair/Desktop/MobileAppDevelopment/3_ReactNative/Assignment9/src/Model/MessageViewModel.js","statementMap":{"0":{"start":{"line":7,"column":30},"end":{"line":7,"column":45}},"1":{"start":{"line":9,"column":31},"end":{"line":28,"column":1}},"2":{"start":{"line":10,"column":34},"end":{"line":10,"column":46}},"3":{"start":{"line":11,"column":18},"end":{"line":11,"column":41}},"4":{"start":{"line":13,"column":33},"end":{"line":21,"column":3}},"5":{"start":{"line":15,"column":6},"end":{"line":15,"column":22}},"6":{"start":{"line":16,"column":30},"end":{"line":16,"column":78}},"7":{"start":{"line":17,"column":6},"end":{"line":17,"column":56}},"8":{"start":{"line":18,"column":6},"end":{"line":18,"column":35}},"9":{"start":{"line":23,"column":2},"end":{"line":27,"column":4}}},"fnMap":{"0":{"name":"(anonymous_0)","decl":{"start":{"line":9,"column":31},"end":{"line":9,"column":32}},"loc":{"start":{"line":9,"column":47},"end":{"line":28,"column":1}},"line":9},"1":{"name":"(anonymous_1)","decl":{"start":{"line":14,"column":4},"end":{"line":14,"column":5}},"loc":{"start":{"line":14,"column":23},"end":{"line":19,"column":5}},"line":14}},"branchMap":{},"s":{"0":1,"1":1,"2":42,"3":42,"4":42,"5":10,"6":10,"7":10,"8":10,"9":42},"f":{"0":42,"1":10},"b":{},"_coverageSchema":"1a1c01bbd47fc00a2c39e90264f33305004495a9","hash":"45657ba36e62dbc1fdd1591f4bb6aa2c20f63595"}
,"/Users/jair/Desktop/MobileAppDevelopment/3_ReactNative/Assignment9/src/Model/WorkspaceViewModel.js": {"path":"/Users/jair/Desktop/MobileAppDevelopment/3_ReactNative/Assignment9/src/Model/WorkspaceViewModel.js","statementMap":{"0":{"start":{"line":7,"column":32},"end":{"line":7,"column":53}},"1":{"start":{"line":9,"column":33},"end":{"line":29,"column":1}},"2":{"start":{"line":10,"column":38},"end":{"line":10,"column":56}},"3":{"start":{"line":11,"column":36},"end":{"line":11,"column":52}},"4":{"start":{"line":12,"column":18},"end":{"line":12,"column":41}},"5":{"start":{"line":14,"column":2},"end":{"line":22,"column":14}},"6":{"start":{"line":15,"column":22},"end":{"line":20,"column":5}},"7":{"start":{"line":16,"column":6},"end":{"line":19,"column":7}},"8":{"start":{"line":17,"column":19},"end":{"line":17,"column":46}},"9":{"start":{"line":18,"column":8},"end":{"line":18,"column":26}},"10":{"start":{"line":21,"column":4},"end":{"line":21,"column":16}},"11":{"start":{"line":24,"column":2},"end":{"line":28,"column":4}}},"fnMap":{"0":{"name":"(anonymous_0)","decl":{"start":{"line":9,"column":33},"end":{"line":9,"column":34}},"loc":{"start":{"line":9,"column":42},"end":{"line":29,"column":1}},"line":9},"1":{"name":"(anonymous_1)","decl":{"start":{"line":14,"column":18},"end":{"line":14,"column":19}},"loc":{"start":{"line":14,"column":24},"end":{"line":22,"column":3}},"line":14},"2":{"name":"(anonymous_2)","decl":{"start":{"line":15,"column":22},"end":{"line":15,"column":23}},"loc":{"start":{"line":15,"column":34},"end":{"line":20,"column":5}},"line":15}},"branchMap":{"0":{"loc":{"start":{"line":16,"column":6},"end":{"line":19,"column":7}},"type":"if","locations":[{"start":{"line":16,"column":6},"end":{"line":19,"column":7}},{"start":{},"end":{}}],"line":16}},"s":{"0":1,"1":1,"2":32,"3":31,"4":31,"5":31,"6":22,"7":22,"8":10,"9":10,"10":22,"11":31},"f":{"0":32,"1":22,"2":22},"b":{"0":[10,12]},"_coverageSchema":"1a1c01bbd47fc00a2c39e90264f33305004495a9","hash":"24a15e04bf1a949057e10340afe4d646b66ba9ff"}
,"/Users/jair/Desktop/MobileAppDevelopment/3_ReactNative/Assignment9/src/Repo/ChannelRepo.js": {"path":"/Users/jair/Desktop/MobileAppDevelopment/3_ReactNative/Assignment9/src/Repo/ChannelRepo.js","statementMap":{"0":{"start":{"line":5,"column":42},"end":{"line":25,"column":1}},"1":{"start":{"line":7,"column":19},"end":{"line":16,"column":3}},"2":{"start":{"line":18,"column":23},"end":{"line":18,"column":44}},"3":{"start":{"line":21,"column":2},"end":{"line":24,"column":4}},"4":{"start":{"line":23,"column":6},"end":{"line":23,"column":73}}},"fnMap":{"0":{"name":"(anonymous_0)","decl":{"start":{"line":5,"column":42},"end":{"line":5,"column":43}},"loc":{"start":{"line":5,"column":72},"end":{"line":25,"column":1}},"line":5},"1":{"name":"(anonymous_1)","decl":{"start":{"line":22,"column":4},"end":{"line":22,"column":5}},"loc":{"start":{"line":23,"column":6},"end":{"line":23,"column":73}},"line":23}},"branchMap":{},"s":{"0":1,"1":36,"2":35,"3":35,"4":93},"f":{"0":36,"1":93},"b":{},"_coverageSchema":"1a1c01bbd47fc00a2c39e90264f33305004495a9","hash":"a9cc14b34183f9d029b15263bdd25949daabcadb"}
,"/Users/jair/Desktop/MobileAppDevelopment/3_ReactNative/Assignment9/src/Repo/MembersRepo.js": {"path":"/Users/jair/Desktop/MobileAppDevelopment/3_ReactNative/Assignment9/src/Repo/MembersRepo.js","statementMap":{"0":{"start":{"line":3,"column":21},"end":{"line":3,"column":55}},"1":{"start":{"line":5,"column":19},"end":{"line":5,"column":21}},"2":{"start":{"line":7,"column":24},"end":{"line":18,"column":1}},"3":{"start":{"line":8,"column":17},"end":{"line":14,"column":4}},"4":{"start":{"line":16,"column":19},"end":{"line":16,"column":40}},"5":{"start":{"line":17,"column":2},"end":{"line":17,"column":20}},"6":{"start":{"line":20,"column":24},"end":{"line":40,"column":1}},"7":{"start":{"line":21,"column":2},"end":{"line":23,"column":3}},"8":{"start":{"line":22,"column":4},"end":{"line":22,"column":34}},"9":{"start":{"line":25,"column":17},"end":{"line":31,"column":4}},"10":{"start":{"line":33,"column":19},"end":{"line":33,"column":40}},"11":{"start":{"line":34,"column":15},"end":{"line":34,"column":54}},"12":{"start":{"line":34,"column":36},"end":{"line":34,"column":53}},"13":{"start":{"line":37,"column":2},"end":{"line":37,"column":39}},"14":{"start":{"line":39,"column":2},"end":{"line":39,"column":21}}},"fnMap":{"0":{"name":"(anonymous_0)","decl":{"start":{"line":7,"column":24},"end":{"line":7,"column":25}},"loc":{"start":{"line":7,"column":45},"end":{"line":18,"column":1}},"line":7},"1":{"name":"(anonymous_1)","decl":{"start":{"line":20,"column":24},"end":{"line":20,"column":25}},"loc":{"start":{"line":20,"column":57},"end":{"line":40,"column":1}},"line":20},"2":{"name":"(anonymous_2)","decl":{"start":{"line":34,"column":31},"end":{"line":34,"column":32}},"loc":{"start":{"line":34,"column":36},"end":{"line":34,"column":53}},"line":34}},"branchMap":{"0":{"loc":{"start":{"line":21,"column":2},"end":{"line":23,"column":3}},"type":"if","locations":[{"start":{"line":21,"column":2},"end":{"line":23,"column":3}},{"start":{},"end":{}}],"line":21}},"s":{"0":1,"1":1,"2":1,"3":10,"4":10,"5":10,"6":1,"7":14,"8":9,"9":5,"10":5,"11":5,"12":87,"13":5,"14":5},"f":{"0":10,"1":14,"2":87},"b":{"0":[9,5]},"_coverageSchema":"1a1c01bbd47fc00a2c39e90264f33305004495a9","hash":"1dd9962966bba6016c13b611a52569a41b00213c"}
,"/Users/jair/Desktop/MobileAppDevelopment/3_ReactNative/Assignment9/src/Repo/MessageRepo.js": {"path":"/Users/jair/Desktop/MobileAppDevelopment/3_ReactNative/Assignment9/src/Repo/MessageRepo.js","statementMap":{"0":{"start":{"line":6,"column":40},"end":{"line":34,"column":1}},"1":{"start":{"line":7,"column":17},"end":{"line":16,"column":3}},"2":{"start":{"line":18,"column":23},"end":{"line":18,"column":44}},"3":{"start":{"line":22,"column":19},"end":{"line":22,"column":64}},"4":{"start":{"line":25,"column":2},"end":{"line":33,"column":5}},"5":{"start":{"line":26,"column":19},"end":{"line":26,"column":68}},"6":{"start":{"line":26,"column":40},"end":{"line":26,"column":67}},"7":{"start":{"line":27,"column":4},"end":{"line":32,"column":6}}},"fnMap":{"0":{"name":"(anonymous_0)","decl":{"start":{"line":6,"column":40},"end":{"line":6,"column":41}},"loc":{"start":{"line":6,"column":68},"end":{"line":34,"column":1}},"line":6},"1":{"name":"(anonymous_1)","decl":{"start":{"line":25,"column":26},"end":{"line":25,"column":27}},"loc":{"start":{"line":25,"column":41},"end":{"line":33,"column":3}},"line":25},"2":{"name":"(anonymous_2)","decl":{"start":{"line":26,"column":35},"end":{"line":26,"column":36}},"loc":{"start":{"line":26,"column":40},"end":{"line":26,"column":67}},"line":26}},"branchMap":{},"s":{"0":1,"1":10,"2":10,"3":10,"4":10,"5":13,"6":252,"7":13},"f":{"0":10,"1":13,"2":252},"b":{},"_coverageSchema":"1a1c01bbd47fc00a2c39e90264f33305004495a9","hash":"b642b1c177495941adca83b1daf190645c0186ef"}
,"/Users/jair/Desktop/MobileAppDevelopment/3_ReactNative/Assignment9/src/Repo/WorkspaceRepo.js": {"path":"/Users/jair/Desktop/MobileAppDevelopment/3_ReactNative/Assignment9/src/Repo/WorkspaceRepo.js","statementMap":{"0":{"start":{"line":5,"column":30},"end":{"line":20,"column":1}},"1":{"start":{"line":6,"column":19},"end":{"line":12,"column":4}},"2":{"start":{"line":14,"column":25},"end":{"line":14,"column":46}},"3":{"start":{"line":16,"column":2},"end":{"line":19,"column":5}},"4":{"start":{"line":17,"column":21},"end":{"line":17,"column":43}},"5":{"start":{"line":18,"column":4},"end":{"line":18,"column":73}}},"fnMap":{"0":{"name":"(anonymous_0)","decl":{"start":{"line":5,"column":30},"end":{"line":5,"column":31}},"loc":{"start":{"line":5,"column":45},"end":{"line":20,"column":1}},"line":5},"1":{"name":"(anonymous_1)","decl":{"start":{"line":16,"column":28},"end":{"line":16,"column":29}},"loc":{"start":{"line":16,"column":45},"end":{"line":19,"column":3}},"line":16}},"branchMap":{},"s":{"0":1,"1":21,"2":21,"3":21,"4":63,"5":63},"f":{"0":21,"1":63},"b":{},"_coverageSchema":"1a1c01bbd47fc00a2c39e90264f33305004495a9","hash":"3b9760ba2878d61d09f1da68a4201e4f637d258d"}
,"/Users/jair/Desktop/MobileAppDevelopment/3_ReactNative/Assignment9/src/UI/ChannelList.js": {"path":"/Users/jair/Desktop/MobileAppDevelopment/3_ReactNative/Assignment9/src/UI/ChannelList.js","statementMap":{"0":{"start":{"line":12,"column":20},"end":{"line":16,"column":1}},"1":{"start":{"line":13,"column":2},"end":{"line":15,"column":9}},"2":{"start":{"line":19,"column":19},"end":{"line":26,"column":1}},"3":{"start":{"line":20,"column":2},"end":{"line":25,"column":4}},"4":{"start":{"line":28,"column":20},"end":{"line":71,"column":1}},"5":{"start":{"line":29,"column":39},"end":{"line":29,"column":51}},"6":{"start":{"line":30,"column":37},"end":{"line":30,"column":69}},"7":{"start":{"line":31,"column":18},"end":{"line":31,"column":41}},"8":{"start":{"line":32,"column":34},"end":{"line":32,"column":46}},"9":{"start":{"line":34,"column":2},"end":{"line":42,"column":34}},"10":{"start":{"line":35,"column":4},"end":{"line":41,"column":7}},"11":{"start":{"line":44,"column":2},"end":{"line":55,"column":4}},"12":{"start":{"line":46,"column":28},"end":{"line":52,"column":7}},"13":{"start":{"line":47,"column":32},"end":{"line":50,"column":9}},"14":{"start":{"line":51,"column":8},"end":{"line":51,"column":37}},"15":{"start":{"line":53,"column":6},"end":{"line":53,"column":22}},"16":{"start":{"line":57,"column":2},"end":{"line":70,"column":4}},"17":{"start":{"line":60,"column":28},"end":{"line":60,"column":46}},"18":{"start":{"line":62,"column":8},"end":{"line":66,"column":10}},"19":{"start":{"line":73,"column":15},"end":{"line":78,"column":2}}},"fnMap":{"0":{"name":"(anonymous_0)","decl":{"start":{"line":12,"column":20},"end":{"line":12,"column":21}},"loc":{"start":{"line":13,"column":2},"end":{"line":15,"column":9}},"line":13},"1":{"name":"(anonymous_1)","decl":{"start":{"line":19,"column":19},"end":{"line":19,"column":20}},"loc":{"start":{"line":20,"column":2},"end":{"line":25,"column":4}},"line":20},"2":{"name":"(anonymous_2)","decl":{"start":{"line":28,"column":20},"end":{"line":28,"column":21}},"loc":{"start":{"line":28,"column":45},"end":{"line":71,"column":1}},"line":28},"3":{"name":"(anonymous_3)","decl":{"start":{"line":34,"column":18},"end":{"line":34,"column":19}},"loc":{"start":{"line":34,"column":24},"end":{"line":42,"column":3}},"line":34},"4":{"name":"(anonymous_4)","decl":{"start":{"line":45,"column":16},"end":{"line":45,"column":17}},"loc":{"start":{"line":45,"column":22},"end":{"line":54,"column":5}},"line":45},"5":{"name":"(anonymous_5)","decl":{"start":{"line":46,"column":28},"end":{"line":46,"column":29}},"loc":{"start":{"line":46,"column":40},"end":{"line":52,"column":7}},"line":46},"6":{"name":"(anonymous_6)","decl":{"start":{"line":60,"column":20},"end":{"line":60,"column":21}},"loc":{"start":{"line":60,"column":28},"end":{"line":60,"column":46}},"line":60},"7":{"name":"(anonymous_7)","decl":{"start":{"line":61,"column":18},"end":{"line":61,"column":19}},"loc":{"start":{"line":62,"column":8},"end":{"line":66,"column":10}},"line":62}},"branchMap":{},"s":{"0":1,"1":44,"2":1,"3":44,"4":1,"5":56,"6":56,"7":56,"8":56,"9":56,"10":8,"11":56,"12":28,"13":28,"14":27,"15":28,"16":56,"17":116,"18":108,"19":1},"f":{"0":44,"1":44,"2":56,"3":8,"4":28,"5":28,"6":116,"7":108},"b":{},"_coverageSchema":"1a1c01bbd47fc00a2c39e90264f33305004495a9","hash":"0003b9dae1f8fcb705665c7a29088b140bf3910f"}
,"/Users/jair/Desktop/MobileAppDevelopment/3_ReactNative/Assignment9/src/UI/ChannelListItem.js": {"path":"/Users/jair/Desktop/MobileAppDevelopment/3_ReactNative/Assignment9/src/UI/ChannelListItem.js","statementMap":{"0":{"start":{"line":5,"column":15},"end":{"line":7,"column":2}},"1":{"start":{"line":9,"column":24},"end":{"line":32,"column":1}},"2":{"start":{"line":10,"column":22},"end":{"line":16,"column":3}},"3":{"start":{"line":11,"column":4},"end":{"line":15,"column":7}},"4":{"start":{"line":18,"column":2},"end":{"line":31,"column":4}}},"fnMap":{"0":{"name":"(anonymous_0)","decl":{"start":{"line":9,"column":24},"end":{"line":9,"column":25}},"loc":{"start":{"line":9,"column":66},"end":{"line":32,"column":1}},"line":9},"1":{"name":"(anonymous_1)","decl":{"start":{"line":10,"column":22},"end":{"line":10,"column":23}},"loc":{"start":{"line":10,"column":28},"end":{"line":16,"column":3}},"line":10}},"branchMap":{"0":{"loc":{"start":{"line":26,"column":16},"end":{"line":26,"column":45}},"type":"cond-expr","locations":[{"start":{"line":26,"column":39},"end":{"line":26,"column":40}},{"start":{"line":26,"column":43},"end":{"line":26,"column":45}}],"line":26}},"s":{"0":1,"1":1,"2":108,"3":7,"4":108},"f":{"0":108,"1":7},"b":{"0":[49,59]},"_coverageSchema":"1a1c01bbd47fc00a2c39e90264f33305004495a9","hash":"9f71468b4d1278f525a9761df3fe41806c2b4f35"}
,"/Users/jair/Desktop/MobileAppDevelopment/3_ReactNative/Assignment9/src/UI/Login.js": {"path":"/Users/jair/Desktop/MobileAppDevelopment/3_ReactNative/Assignment9/src/UI/Login.js","statementMap":{"0":{"start":{"line":7,"column":14},"end":{"line":53,"column":1}},"1":{"start":{"line":8,"column":28},"end":{"line":8,"column":40}},"2":{"start":{"line":9,"column":34},"end":{"line":9,"column":46}},"3":{"start":{"line":10,"column":19},"end":{"line":10,"column":42}},"4":{"start":{"line":12,"column":22},"end":{"line":31,"column":3}},"5":{"start":{"line":13,"column":21},"end":{"line":19,"column":6}},"6":{"start":{"line":21,"column":4},"end":{"line":30,"column":5}},"7":{"start":{"line":22,"column":19},"end":{"line":22,"column":40}},"8":{"start":{"line":23,"column":6},"end":{"line":23,"column":31}},"9":{"start":{"line":24,"column":6},"end":{"line":24,"column":40}},"10":{"start":{"line":26,"column":6},"end":{"line":29,"column":8}},"11":{"start":{"line":33,"column":2},"end":{"line":52,"column":4}},"12":{"start":{"line":55,"column":15},"end":{"line":68,"column":2}}},"fnMap":{"0":{"name":"(anonymous_0)","decl":{"start":{"line":7,"column":14},"end":{"line":7,"column":15}},"loc":{"start":{"line":7,"column":32},"end":{"line":53,"column":1}},"line":7},"1":{"name":"(anonymous_1)","decl":{"start":{"line":12,"column":22},"end":{"line":12,"column":23}},"loc":{"start":{"line":12,"column":34},"end":{"line":31,"column":3}},"line":12}},"branchMap":{"0":{"loc":{"start":{"line":21,"column":4},"end":{"line":30,"column":5}},"type":"if","locations":[{"start":{"line":21,"column":4},"end":{"line":30,"column":5}},{"start":{"line":25,"column":11},"end":{"line":30,"column":5}}],"line":21}},"s":{"0":1,"1":44,"2":44,"3":44,"4":44,"5":11,"6":11,"7":10,"8":10,"9":10,"10":1,"11":44,"12":1},"f":{"0":44,"1":11},"b":{"0":[10,1]},"_coverageSchema":"1a1c01bbd47fc00a2c39e90264f33305004495a9","hash":"0e042434dc01b2fd6bef98519a62154b60e442b7"}
,"/Users/jair/Desktop/MobileAppDevelopment/3_ReactNative/Assignment9/src/UI/MessageDetail.js": {"path":"/Users/jair/Desktop/MobileAppDevelopment/3_ReactNative/Assignment9/src/UI/MessageDetail.js","statementMap":{"0":{"start":{"line":6,"column":22},"end":{"line":23,"column":1}},"1":{"start":{"line":7,"column":20},"end":{"line":7,"column":32}},"2":{"start":{"line":8,"column":24},"end":{"line":8,"column":38}},"3":{"start":{"line":10,"column":2},"end":{"line":15,"column":19}},"4":{"start":{"line":12,"column":4},"end":{"line":14,"column":7}},"5":{"start":{"line":17,"column":2},"end":{"line":22,"column":4}},"6":{"start":{"line":25,"column":15},"end":{"line":41,"column":2}}},"fnMap":{"0":{"name":"(anonymous_0)","decl":{"start":{"line":6,"column":22},"end":{"line":6,"column":23}},"loc":{"start":{"line":6,"column":47},"end":{"line":23,"column":1}},"line":6},"1":{"name":"(anonymous_1)","decl":{"start":{"line":10,"column":12},"end":{"line":10,"column":13}},"loc":{"start":{"line":10,"column":18},"end":{"line":15,"column":3}},"line":10}},"branchMap":{},"s":{"0":1,"1":1,"2":1,"3":1,"4":1,"5":1,"6":1},"f":{"0":1,"1":1},"b":{},"_coverageSchema":"1a1c01bbd47fc00a2c39e90264f33305004495a9","hash":"3c9cbe34fbe44484f5fbce6bcb72440f36e73ce0"}
,"/Users/jair/Desktop/MobileAppDevelopment/3_ReactNative/Assignment9/src/UI/MessageList.js": {"path":"/Users/jair/Desktop/MobileAppDevelopment/3_ReactNative/Assignment9/src/UI/MessageList.js","statementMap":{"0":{"start":{"line":13,"column":20},"end":{"line":17,"column":1}},"1":{"start":{"line":14,"column":2},"end":{"line":16,"column":9}},"2":{"start":{"line":19,"column":25},"end":{"line":30,"column":1}},"3":{"start":{"line":20,"column":2},"end":{"line":29,"column":4}},"4":{"start":{"line":23,"column":6},"end":{"line":26,"column":8}},"5":{"start":{"line":32,"column":20},"end":{"line":99,"column":1}},"6":{"start":{"line":33,"column":45},"end":{"line":33,"column":71}},"7":{"start":{"line":34,"column":35},"end":{"line":34,"column":47}},"8":{"start":{"line":35,"column":18},"end":{"line":35,"column":41}},"9":{"start":{"line":37,"column":20},"end":{"line":37,"column":34}},"10":{"start":{"line":39,"column":29},"end":{"line":41,"column":3}},"11":{"start":{"line":40,"column":4},"end":{"line":40,"column":80}},"12":{"start":{"line":40,"column":39},"end":{"line":40,"column":78}},"13":{"start":{"line":43,"column":2},"end":{"line":47,"column":53}},"14":{"start":{"line":44,"column":4},"end":{"line":46,"column":5}},"15":{"start":{"line":45,"column":6},"end":{"line":45,"column":40}},"16":{"start":{"line":49,"column":25},"end":{"line":49,"column":53}},"17":{"start":{"line":51,"column":30},"end":{"line":54,"column":3}},"18":{"start":{"line":52,"column":10},"end":{"line":52,"column":51}},"19":{"start":{"line":56,"column":35},"end":{"line":65,"column":3}},"20":{"start":{"line":58,"column":6},"end":{"line":62,"column":8}},"21":{"start":{"line":67,"column":2},"end":{"line":75,"column":66}},"22":{"start":{"line":68,"column":4},"end":{"line":74,"column":7}},"23":{"start":{"line":77,"column":2},"end":{"line":98,"column":4}},"24":{"start":{"line":80,"column":28},"end":{"line":80,"column":46}},"25":{"start":{"line":88,"column":8},"end":{"line":94,"column":10}},"26":{"start":{"line":101,"column":15},"end":{"line":105,"column":2}}},"fnMap":{"0":{"name":"(anonymous_0)","decl":{"start":{"line":13,"column":20},"end":{"line":13,"column":21}},"loc":{"start":{"line":14,"column":2},"end":{"line":16,"column":9}},"line":14},"1":{"name":"(anonymous_1)","decl":{"start":{"line":19,"column":25},"end":{"line":19,"column":26}},"loc":{"start":{"line":20,"column":2},"end":{"line":29,"column":4}},"line":20},"2":{"name":"(anonymous_2)","decl":{"start":{"line":22,"column":13},"end":{"line":22,"column":14}},"loc":{"start":{"line":23,"column":6},"end":{"line":26,"column":8}},"line":23},"3":{"name":"(anonymous_3)","decl":{"start":{"line":32,"column":20},"end":{"line":32,"column":21}},"loc":{"start":{"line":32,"column":45},"end":{"line":99,"column":1}},"line":32},"4":{"name":"(anonymous_4)","decl":{"start":{"line":39,"column":29},"end":{"line":39,"column":30}},"loc":{"start":{"line":39,"column":37},"end":{"line":41,"column":3}},"line":39},"5":{"name":"(anonymous_5)","decl":{"start":{"line":40,"column":29},"end":{"line":40,"column":30}},"loc":{"start":{"line":40,"column":39},"end":{"line":40,"column":78}},"line":40},"6":{"name":"(anonymous_6)","decl":{"start":{"line":43,"column":12},"end":{"line":43,"column":13}},"loc":{"start":{"line":43,"column":18},"end":{"line":47,"column":3}},"line":43},"7":{"name":"(anonymous_7)","decl":{"start":{"line":52,"column":4},"end":{"line":52,"column":5}},"loc":{"start":{"line":52,"column":10},"end":{"line":52,"column":51}},"line":52},"8":{"name":"(anonymous_8)","decl":{"start":{"line":57,"column":4},"end":{"line":57,"column":5}},"loc":{"start":{"line":58,"column":6},"end":{"line":62,"column":8}},"line":58},"9":{"name":"(anonymous_9)","decl":{"start":{"line":67,"column":18},"end":{"line":67,"column":19}},"loc":{"start":{"line":67,"column":24},"end":{"line":75,"column":3}},"line":67},"10":{"name":"(anonymous_10)","decl":{"start":{"line":80,"column":20},"end":{"line":80,"column":21}},"loc":{"start":{"line":80,"column":28},"end":{"line":80,"column":46}},"line":80},"11":{"name":"(anonymous_11)","decl":{"start":{"line":81,"column":18},"end":{"line":81,"column":19}},"loc":{"start":{"line":88,"column":8},"end":{"line":94,"column":10}},"line":88}},"branchMap":{"0":{"loc":{"start":{"line":44,"column":4},"end":{"line":46,"column":5}},"type":"if","locations":[{"start":{"line":44,"column":4},"end":{"line":46,"column":5}},{"start":{},"end":{}}],"line":44}},"s":{"0":1,"1":22,"2":1,"3":22,"4":4,"5":1,"6":33,"7":33,"8":33,"9":33,"10":33,"11":33,"12":7,"13":33,"14":15,"15":10,"16":33,"17":33,"18":22,"19":33,"20":22,"21":33,"22":8,"23":33,"24":24,"25":16,"26":1},"f":{"0":22,"1":22,"2":4,"3":33,"4":33,"5":7,"6":15,"7":22,"8":22,"9":8,"10":24,"11":16},"b":{"0":[10,5]},"_coverageSchema":"1a1c01bbd47fc00a2c39e90264f33305004495a9","hash":"a804518a69ab5042f2c6dfe15ea1fdbf3d477536"}
,"/Users/jair/Desktop/MobileAppDevelopment/3_ReactNative/Assignment9/src/UI/MessageListItem.js": {"path":"/Users/jair/Desktop/MobileAppDevelopment/3_ReactNative/Assignment9/src/UI/MessageListItem.js","statementMap":{"0":{"start":{"line":8,"column":22},"end":{"line":16,"column":1}},"1":{"start":{"line":9,"column":2},"end":{"line":15,"column":5}},"2":{"start":{"line":19,"column":24},"end":{"line":85,"column":1}},"3":{"start":{"line":26,"column":38},"end":{"line":26,"column":60}},"4":{"start":{"line":28,"column":2},"end":{"line":37,"column":39}},"5":{"start":{"line":29,"column":28},"end":{"line":35,"column":5}},"6":{"start":{"line":30,"column":19},"end":{"line":33,"column":7}},"7":{"start":{"line":34,"column":6},"end":{"line":34,"column":26}},"8":{"start":{"line":36,"column":4},"end":{"line":36,"column":22}},"9":{"start":{"line":39,"column":22},"end":{"line":42,"column":3}},"10":{"start":{"line":40,"column":4},"end":{"line":40,"column":48}},"11":{"start":{"line":41,"column":4},"end":{"line":41,"column":61}},"12":{"start":{"line":44,"column":29},"end":{"line":72,"column":3}},"13":{"start":{"line":45,"column":18},"end":{"line":48,"column":6}},"14":{"start":{"line":49,"column":4},"end":{"line":71,"column":6}},"15":{"start":{"line":52,"column":10},"end":{"line":52,"column":55}},"16":{"start":{"line":53,"column":10},"end":{"line":56,"column":13}},"17":{"start":{"line":74,"column":2},"end":{"line":84,"column":4}},"18":{"start":{"line":87,"column":15},"end":{"line":99,"column":2}}},"fnMap":{"0":{"name":"(anonymous_0)","decl":{"start":{"line":8,"column":22},"end":{"line":8,"column":23}},"loc":{"start":{"line":8,"column":56},"end":{"line":16,"column":1}},"line":8},"1":{"name":"(anonymous_1)","decl":{"start":{"line":19,"column":24},"end":{"line":19,"column":25}},"loc":{"start":{"line":25,"column":6},"end":{"line":85,"column":1}},"line":25},"2":{"name":"(anonymous_2)","decl":{"start":{"line":28,"column":12},"end":{"line":28,"column":13}},"loc":{"start":{"line":28,"column":18},"end":{"line":37,"column":3}},"line":28},"3":{"name":"(anonymous_3)","decl":{"start":{"line":29,"column":28},"end":{"line":29,"column":29}},"loc":{"start":{"line":29,"column":40},"end":{"line":35,"column":5}},"line":29},"4":{"name":"(anonymous_4)","decl":{"start":{"line":39,"column":22},"end":{"line":39,"column":23}},"loc":{"start":{"line":39,"column":28},"end":{"line":42,"column":3}},"line":39},"5":{"name":"(anonymous_5)","decl":{"start":{"line":44,"column":29},"end":{"line":44,"column":30}},"loc":{"start":{"line":44,"column":50},"end":{"line":72,"column":3}},"line":44},"6":{"name":"(anonymous_6)","decl":{"start":{"line":51,"column":17},"end":{"line":51,"column":18}},"loc":{"start":{"line":51,"column":29},"end":{"line":57,"column":9}},"line":51}},"branchMap":{},"s":{"0":1,"1":1,"2":1,"3":25,"4":25,"5":14,"6":14,"7":14,"8":14,"9":25,"10":1,"11":1,"12":25,"13":25,"14":25,"15":1,"16":1,"17":25,"18":1},"f":{"0":1,"1":25,"2":14,"3":14,"4":1,"5":25,"6":1},"b":{},"_coverageSchema":"1a1c01bbd47fc00a2c39e90264f33305004495a9","hash":"adb8209f69b2e4bfe369e854a4b0e4c93e68b5af"}
,"/Users/jair/Desktop/MobileAppDevelopment/3_ReactNative/Assignment9/src/UI/NewMessageScreen.js": {"path":"/Users/jair/Desktop/MobileAppDevelopment/3_ReactNative/Assignment9/src/UI/NewMessageScreen.js","statementMap":{"0":{"start":{"line":6,"column":25},"end":{"line":46,"column":1}},"1":{"start":{"line":7,"column":46},"end":{"line":7,"column":58}},"2":{"start":{"line":8,"column":20},"end":{"line":8,"column":42}},"3":{"start":{"line":9,"column":22},"end":{"line":9,"column":40}},"4":{"start":{"line":12,"column":2},"end":{"line":18,"column":19}},"5":{"start":{"line":13,"column":4},"end":{"line":17,"column":7}},"6":{"start":{"line":20,"column":27},"end":{"line":32,"column":3}},"7":{"start":{"line":21,"column":4},"end":{"line":30,"column":7}},"8":{"start":{"line":31,"column":4},"end":{"line":31,"column":24}},"9":{"start":{"line":34,"column":2},"end":{"line":45,"column":4}},"10":{"start":{"line":48,"column":15},"end":{"line":60,"column":2}}},"fnMap":{"0":{"name":"(anonymous_0)","decl":{"start":{"line":6,"column":25},"end":{"line":6,"column":26}},"loc":{"start":{"line":6,"column":50},"end":{"line":46,"column":1}},"line":6},"1":{"name":"(anonymous_1)","decl":{"start":{"line":12,"column":18},"end":{"line":12,"column":19}},"loc":{"start":{"line":12,"column":24},"end":{"line":18,"column":3}},"line":12},"2":{"name":"(anonymous_2)","decl":{"start":{"line":20,"column":27},"end":{"line":20,"column":28}},"loc":{"start":{"line":20,"column":39},"end":{"line":32,"column":3}},"line":20}},"branchMap":{},"s":{"0":1,"1":6,"2":6,"3":6,"4":6,"5":4,"6":6,"7":2,"8":2,"9":6,"10":1},"f":{"0":6,"1":4,"2":2},"b":{},"_coverageSchema":"1a1c01bbd47fc00a2c39e90264f33305004495a9","hash":"c13c4ea1aea4e40a89cd9d86d62e16ff43cf03f5"}
,"/Users/jair/Desktop/MobileAppDevelopment/3_ReactNative/Assignment9/src/UI/WorkspaceList.js": {"path":"/Users/jair/Desktop/MobileAppDevelopment/3_ReactNative/Assignment9/src/UI/WorkspaceList.js","statementMap":{"0":{"start":{"line":11,"column":2},"end":{"line":13,"column":71}},"1":{"start":{"line":13,"column":20},"end":{"line":13,"column":69}},"2":{"start":{"line":16,"column":25},"end":{"line":23,"column":1}},"3":{"start":{"line":17,"column":2},"end":{"line":22,"column":4}},"4":{"start":{"line":25,"column":26},"end":{"line":32,"column":1}},"5":{"start":{"line":26,"column":2},"end":{"line":31,"column":4}},"6":{"start":{"line":34,"column":22},"end":{"line":86,"column":1}},"7":{"start":{"line":35,"column":27},"end":{"line":35,"column":50}},"8":{"start":{"line":36,"column":23},"end":{"line":36,"column":51}},"9":{"start":{"line":37,"column":52},"end":{"line":37,"column":64}},"10":{"start":{"line":39,"column":2},"end":{"line":41,"column":14}},"11":{"start":{"line":40,"column":4},"end":{"line":40,"column":67}},"12":{"start":{"line":40,"column":39},"end":{"line":40,"column":65}},"13":{"start":{"line":43,"column":22},"end":{"line":54,"column":13}},"14":{"start":{"line":44,"column":4},"end":{"line":50,"column":7}},"15":{"start":{"line":52,"column":30},"end":{"line":52,"column":57}},"16":{"start":{"line":53,"column":4},"end":{"line":53,"column":44}},"17":{"start":{"line":56,"column":24},"end":{"line":62,"column":27}},"18":{"start":{"line":57,"column":4},"end":{"line":57,"column":14}},"19":{"start":{"line":58,"column":4},"end":{"line":61,"column":7}},"20":{"start":{"line":64,"column":2},"end":{"line":70,"column":47}},"21":{"start":{"line":65,"column":4},"end":{"line":69,"column":7}},"22":{"start":{"line":66,"column":24},"end":{"line":66,"column":68}},"23":{"start":{"line":67,"column":25},"end":{"line":67,"column":68}},"24":{"start":{"line":72,"column":27},"end":{"line":74,"column":3}},"25":{"start":{"line":76,"column":2},"end":{"line":85,"column":4}},"26":{"start":{"line":79,"column":28},"end":{"line":79,"column":46}},"27":{"start":{"line":81,"column":8},"end":{"line":81,"column":70}}},"fnMap":{"0":{"name":"sortWorkspacesByDate","decl":{"start":{"line":10,"column":9},"end":{"line":10,"column":29}},"loc":{"start":{"line":10,"column":42},"end":{"line":14,"column":1}},"line":10},"1":{"name":"(anonymous_1)","decl":{"start":{"line":13,"column":10},"end":{"line":13,"column":11}},"loc":{"start":{"line":13,"column":20},"end":{"line":13,"column":69}},"line":13},"2":{"name":"(anonymous_2)","decl":{"start":{"line":16,"column":25},"end":{"line":16,"column":26}},"loc":{"start":{"line":17,"column":2},"end":{"line":22,"column":4}},"line":17},"3":{"name":"(anonymous_3)","decl":{"start":{"line":25,"column":26},"end":{"line":25,"column":27}},"loc":{"start":{"line":26,"column":2},"end":{"line":31,"column":4}},"line":26},"4":{"name":"(anonymous_4)","decl":{"start":{"line":34,"column":22},"end":{"line":34,"column":23}},"loc":{"start":{"line":34,"column":40},"end":{"line":86,"column":1}},"line":34},"5":{"name":"(anonymous_5)","decl":{"start":{"line":39,"column":12},"end":{"line":39,"column":13}},"loc":{"start":{"line":39,"column":18},"end":{"line":41,"column":3}},"line":39},"6":{"name":"(anonymous_6)","decl":{"start":{"line":40,"column":31},"end":{"line":40,"column":32}},"loc":{"start":{"line":40,"column":39},"end":{"line":40,"column":65}},"line":40},"7":{"name":"(anonymous_7)","decl":{"start":{"line":43,"column":34},"end":{"line":43,"column":35}},"loc":{"start":{"line":43,"column":46},"end":{"line":54,"column":3}},"line":43},"8":{"name":"(anonymous_8)","decl":{"start":{"line":56,"column":36},"end":{"line":56,"column":37}},"loc":{"start":{"line":56,"column":42},"end":{"line":62,"column":3}},"line":56},"9":{"name":"(anonymous_9)","decl":{"start":{"line":64,"column":24},"end":{"line":64,"column":25}},"loc":{"start":{"line":64,"column":30},"end":{"line":70,"column":3}},"line":64},"10":{"name":"(anonymous_10)","decl":{"start":{"line":66,"column":18},"end":{"line":66,"column":19}},"loc":{"start":{"line":66,"column":24},"end":{"line":66,"column":68}},"line":66},"11":{"name":"(anonymous_11)","decl":{"start":{"line":67,"column":19},"end":{"line":67,"column":20}},"loc":{"start":{"line":67,"column":25},"end":{"line":67,"column":68}},"line":67},"12":{"name":"(anonymous_12)","decl":{"start":{"line":79,"column":20},"end":{"line":79,"column":21}},"loc":{"start":{"line":79,"column":28},"end":{"line":79,"column":46}},"line":79},"13":{"name":"(anonymous_13)","decl":{"start":{"line":80,"column":18},"end":{"line":80,"column":19}},"loc":{"start":{"line":81,"column":8},"end":{"line":81,"column":70}},"line":81}},"branchMap":{"0":{"loc":{"start":{"line":73,"column":4},"end":{"line":73,"column":65}},"type":"cond-expr","locations":[{"start":{"line":73,"column":35},"end":{"line":73,"column":52}},{"start":{"line":73,"column":55},"end":{"line":73,"column":65}}],"line":73}},"s":{"0":29,"1":38,"2":1,"3":54,"4":1,"5":54,"6":1,"7":29,"8":29,"9":29,"10":29,"11":10,"12":10,"13":29,"14":1,"15":1,"16":1,"17":29,"18":1,"19":1,"20":29,"21":10,"22":54,"23":54,"24":29,"25":29,"26":66,"27":57},"f":{"0":29,"1":38,"2":54,"3":54,"4":29,"5":10,"6":10,"7":1,"8":1,"9":10,"10":54,"11":54,"12":66,"13":57},"b":{"0":[10,19]},"_coverageSchema":"1a1c01bbd47fc00a2c39e90264f33305004495a9","hash":"5f0e15ec132cca4f982b6e47233150ff4ead3d79"}
,"/Users/jair/Desktop/MobileAppDevelopment/3_ReactNative/Assignment9/src/UI/WorkspaceListItem.js": {"path":"/Users/jair/Desktop/MobileAppDevelopment/3_ReactNative/Assignment9/src/UI/WorkspaceListItem.js","statementMap":{"0":{"start":{"line":7,"column":15},"end":{"line":9,"column":2}},"1":{"start":{"line":11,"column":26},"end":{"line":42,"column":1}},"2":{"start":{"line":12,"column":34},"end":{"line":12,"column":49}},"3":{"start":{"line":13,"column":37},"end":{"line":13,"column":69}},"4":{"start":{"line":14,"column":18},"end":{"line":14,"column":41}},"5":{"start":{"line":16,"column":31},"end":{"line":24,"column":3}},"6":{"start":{"line":17,"column":4},"end":{"line":17,"column":21}},"7":{"start":{"line":18,"column":4},"end":{"line":18,"column":56}},"8":{"start":{"line":19,"column":4},"end":{"line":22,"column":7}},"9":{"start":{"line":23,"column":4},"end":{"line":23,"column":22}},"10":{"start":{"line":26,"column":2},"end":{"line":41,"column":4}}},"fnMap":{"0":{"name":"(anonymous_0)","decl":{"start":{"line":11,"column":26},"end":{"line":11,"column":27}},"loc":{"start":{"line":11,"column":55},"end":{"line":42,"column":1}},"line":11},"1":{"name":"(anonymous_1)","decl":{"start":{"line":16,"column":31},"end":{"line":16,"column":32}},"loc":{"start":{"line":16,"column":43},"end":{"line":24,"column":3}},"line":16}},"branchMap":{},"s":{"0":1,"1":1,"2":172,"3":172,"4":172,"5":172,"6":8,"7":8,"8":8,"9":8,"10":172},"f":{"0":172,"1":8},"b":{},"_coverageSchema":"1a1c01bbd47fc00a2c39e90264f33305004495a9","hash":"495398427211be611ee9bd4fe43c47e6b477ea83"}
}
