{"/Users/jair/Desktop/MobileAppDevelopment/3_ReactNative/Assignment9/App.js": {"path":"/Users/jair/Desktop/MobileAppDevelopment/3_ReactNative/Assignment9/App.js","statementMap":{"0":{"start":{"line":30,"column":14},"end":{"line":30,"column":36}},"1":{"start":{"line":32,"column":12},"end":{"line":67,"column":1}},"2":{"start":{"line":33,"column":2},"end":{"line":66,"column":4}},"3":{"start":{"line":50,"column":41},"end":{"line":50,"column":74}},"4":{"start":{"line":55,"column":41},"end":{"line":58,"column":19}}},"fnMap":{"0":{"name":"(anonymous_0)","decl":{"start":{"line":32,"column":12},"end":{"line":32,"column":13}},"loc":{"start":{"line":32,"column":18},"end":{"line":67,"column":1}},"line":32},"1":{"name":"(anonymous_1)","decl":{"start":{"line":50,"column":27},"end":{"line":50,"column":28}},"loc":{"start":{"line":50,"column":41},"end":{"line":50,"column":74}},"line":50},"2":{"name":"(anonymous_2)","decl":{"start":{"line":55,"column":27},"end":{"line":55,"column":28}},"loc":{"start":{"line":55,"column":41},"end":{"line":58,"column":19}},"line":55}},"branchMap":{},"s":{"0":1,"1":1,"2":12,"3":12,"4":0},"f":{"0":12,"1":12,"2":0},"b":{},"_coverageSchema":"1a1c01bbd47fc00a2c39e90264f33305004495a9","hash":"534e1af6ac0e88ff41bb66fc3a22daf76a8d6c30"}
,"/Users/jair/Desktop/MobileAppDevelopment/3_ReactNative/Assignment9/src/Model/AuthContext.js": {"path":"/Users/jair/Desktop/MobileAppDevelopment/3_ReactNative/Assignment9/src/Model/AuthContext.js","statementMap":{"0":{"start":{"line":5,"column":20},"end":{"line":9,"column":2}}},"fnMap":{"0":{"name":"(anonymous_0)","decl":{"start":{"line":7,"column":10},"end":{"line":7,"column":11}},"loc":{"start":{"line":7,"column":16},"end":{"line":7,"column":18}},"line":7},"1":{"name":"(anonymous_1)","decl":{"start":{"line":8,"column":11},"end":{"line":8,"column":12}},"loc":{"start":{"line":8,"column":17},"end":{"line":8,"column":19}},"line":8}},"branchMap":{},"s":{"0":1},"f":{"0":0,"1":0},"b":{},"_coverageSchema":"1a1c01bbd47fc00a2c39e90264f33305004495a9","hash":"a377cb546ec9106ffcffb6ad75b13729293924ce"}
,"/Users/jair/Desktop/MobileAppDevelopment/3_ReactNative/Assignment9/src/Model/AuthProvider.js": {"path":"/Users/jair/Desktop/MobileAppDevelopment/3_ReactNative/Assignment9/src/Model/AuthProvider.js","statementMap":{"0":{"start":{"line":5,"column":21},"end":{"line":22,"column":1}},"1":{"start":{"line":6,"column":28},"end":{"line":6,"column":42}},"2":{"start":{"line":8,"column":17},"end":{"line":11,"column":3}},"3":{"start":{"line":9,"column":4},"end":{"line":9,"column":47}},"4":{"start":{"line":10,"column":4},"end":{"line":10,"column":23}},"5":{"start":{"line":13,"column":18},"end":{"line":15,"column":3}},"6":{"start":{"line":14,"column":4},"end":{"line":14,"column":19}},"7":{"start":{"line":17,"column":2},"end":{"line":21,"column":4}}},"fnMap":{"0":{"name":"(anonymous_0)","decl":{"start":{"line":5,"column":21},"end":{"line":5,"column":22}},"loc":{"start":{"line":5,"column":37},"end":{"line":22,"column":1}},"line":5},"1":{"name":"(anonymous_1)","decl":{"start":{"line":8,"column":17},"end":{"line":8,"column":18}},"loc":{"start":{"line":8,"column":29},"end":{"line":11,"column":3}},"line":8},"2":{"name":"(anonymous_2)","decl":{"start":{"line":13,"column":18},"end":{"line":13,"column":19}},"loc":{"start":{"line":13,"column":24},"end":{"line":15,"column":3}},"line":13}},"branchMap":{},"s":{"0":1,"1":21,"2":21,"3":10,"4":10,"5":21,"6":0,"7":21},"f":{"0":21,"1":10,"2":0},"b":{},"_coverageSchema":"1a1c01bbd47fc00a2c39e90264f33305004495a9","hash":"47d27e91d988eb3177b68abfd8cb0a6e2b6c1b60"}
,"/Users/jair/Desktop/MobileAppDevelopment/3_ReactNative/Assignment9/src/Model/ChannelViewModel.js": {"path":"/Users/jair/Desktop/MobileAppDevelopment/3_ReactNative/Assignment9/src/Model/ChannelViewModel.js","statementMap":{"0":{"start":{"line":5,"column":30},"end":{"line":5,"column":51}},"1":{"start":{"line":7,"column":31},"end":{"line":26,"column":1}},"2":{"start":{"line":8,"column":34},"end":{"line":8,"column":52}},"3":{"start":{"line":9,"column":18},"end":{"line":9,"column":41}},"4":{"start":{"line":11,"column":35},"end":{"line":19,"column":3}},"5":{"start":{"line":12,"column":4},"end":{"line":12,"column":20}},"6":{"start":{"line":13,"column":28},"end":{"line":16,"column":5}},"7":{"start":{"line":17,"column":4},"end":{"line":17,"column":54}},"8":{"start":{"line":18,"column":4},"end":{"line":18,"column":33}},"9":{"start":{"line":21,"column":2},"end":{"line":25,"column":4}}},"fnMap":{"0":{"name":"(anonymous_0)","decl":{"start":{"line":7,"column":31},"end":{"line":7,"column":32}},"loc":{"start":{"line":7,"column":40},"end":{"line":26,"column":1}},"line":7},"1":{"name":"(anonymous_1)","decl":{"start":{"line":11,"column":35},"end":{"line":11,"column":36}},"loc":{"start":{"line":11,"column":65},"end":{"line":19,"column":3}},"line":11}},"branchMap":{},"s":{"0":1,"1":1,"2":36,"3":35,"4":35,"5":7,"6":7,"7":7,"8":7,"9":35},"f":{"0":36,"1":7},"b":{},"_coverageSchema":"1a1c01bbd47fc00a2c39e90264f33305004495a9","hash":"e47e574b24da2eb19593157abfbd81dd1d056b32"}
,"/Users/jair/Desktop/MobileAppDevelopment/3_ReactNative/Assignment9/src/Model/DataClasses.js": {"path":"/Users/jair/Desktop/MobileAppDevelopment/3_ReactNative/Assignment9/src/Model/DataClasses.js","statementMap":{"0":{"start":{"line":4,"column":4},"end":{"line":4,"column":17}},"1":{"start":{"line":5,"column":4},"end":{"line":5,"column":21}},"2":{"start":{"line":6,"column":4},"end":{"line":6,"column":29}},"3":{"start":{"line":10,"column":20},"end":{"line":12,"column":5}},"4":{"start":{"line":11,"column":6},"end":{"line":11,"column":56}},"5":{"start":{"line":11,"column":38},"end":{"line":11,"column":55}},"6":{"start":{"line":13,"column":4},"end":{"line":13,"column":33}},"7":{"start":{"line":17,"column":4},"end":{"line":17,"column":80}},"8":{"start":{"line":17,"column":52},"end":{"line":17,"column":77}},"9":{"start":{"line":23,"column":4},"end":{"line":23,"column":17}},"10":{"start":{"line":24,"column":4},"end":{"line":24,"column":21}},"11":{"start":{"line":25,"column":4},"end":{"line":25,"column":38}},"12":{"start":{"line":29,"column":20},"end":{"line":29,"column":67}},"13":{"start":{"line":29,"column":49},"end":{"line":29,"column":66}},"14":{"start":{"line":30,"column":4},"end":{"line":30,"column":33}},"15":{"start":{"line":34,"column":4},"end":{"line":34,"column":69}},"16":{"start":{"line":34,"column":52},"end":{"line":34,"column":66}},"17":{"start":{"line":38,"column":4},"end":{"line":38,"column":30}},"18":{"start":{"line":44,"column":4},"end":{"line":44,"column":17}},"19":{"start":{"line":45,"column":4},"end":{"line":45,"column":27}},"20":{"start":{"line":46,"column":4},"end":{"line":46,"column":35}},"21":{"start":{"line":47,"column":4},"end":{"line":47,"column":25}},"22":{"start":{"line":53,"column":4},"end":{"line":53,"column":17}},"23":{"start":{"line":54,"column":4},"end":{"line":54,"column":21}}},"fnMap":{"0":{"name":"(anonymous_0)","decl":{"start":{"line":3,"column":2},"end":{"line":3,"column":3}},"loc":{"start":{"line":3,"column":34},"end":{"line":7,"column":3}},"line":3},"1":{"name":"(anonymous_1)","decl":{"start":{"line":9,"column":2},"end":{"line":9,"column":3}},"loc":{"start":{"line":9,"column":22},"end":{"line":14,"column":3}},"line":9},"2":{"name":"(anonymous_2)","decl":{"start":{"line":10,"column":42},"end":{"line":10,"column":43}},"loc":{"start":{"line":11,"column":6},"end":{"line":11,"column":56}},"line":11},"3":{"name":"(anonymous_3)","decl":{"start":{"line":11,"column":27},"end":{"line":11,"column":28}},"loc":{"start":{"line":11,"column":38},"end":{"line":11,"column":55}},"line":11},"4":{"name":"(anonymous_4)","decl":{"start":{"line":16,"column":2},"end":{"line":16,"column":3}},"loc":{"start":{"line":16,"column":26},"end":{"line":18,"column":3}},"line":16},"5":{"name":"(anonymous_5)","decl":{"start":{"line":17,"column":41},"end":{"line":17,"column":42}},"loc":{"start":{"line":17,"column":52},"end":{"line":17,"column":77}},"line":17},"6":{"name":"(anonymous_6)","decl":{"start":{"line":22,"column":2},"end":{"line":22,"column":3}},"loc":{"start":{"line":22,"column":38},"end":{"line":26,"column":3}},"line":22},"7":{"name":"(anonymous_7)","decl":{"start":{"line":28,"column":2},"end":{"line":28,"column":3}},"loc":{"start":{"line":28,"column":22},"end":{"line":31,"column":3}},"line":28},"8":{"name":"(anonymous_8)","decl":{"start":{"line":29,"column":38},"end":{"line":29,"column":39}},"loc":{"start":{"line":29,"column":49},"end":{"line":29,"column":66}},"line":29},"9":{"name":"(anonymous_9)","decl":{"start":{"line":33,"column":2},"end":{"line":33,"column":3}},"loc":{"start":{"line":33,"column":26},"end":{"line":35,"column":3}},"line":33},"10":{"name":"(anonymous_10)","decl":{"start":{"line":34,"column":41},"end":{"line":34,"column":42}},"loc":{"start":{"line":34,"column":52},"end":{"line":34,"column":66}},"line":34},"11":{"name":"(anonymous_11)","decl":{"start":{"line":37,"column":2},"end":{"line":37,"column":3}},"loc":{"start":{"line":37,"column":21},"end":{"line":39,"column":3}},"line":37},"12":{"name":"(anonymous_12)","decl":{"start":{"line":43,"column":2},"end":{"line":43,"column":3}},"loc":{"start":{"line":43,"column":43},"end":{"line":48,"column":3}},"line":43},"13":{"name":"(anonymous_13)","decl":{"start":{"line":52,"column":2},"end":{"line":52,"column":3}},"loc":{"start":{"line":52,"column":24},"end":{"line":55,"column":3}},"line":52}},"branchMap":{},"s":{"0":60,"1":60,"2":60,"3":0,"4":0,"5":0,"6":0,"7":0,"8":0,"9":17,"10":17,"11":17,"12":0,"13":0,"14":0,"15":0,"16":0,"17":17,"18":10,"19":10,"20":10,"21":10,"22":10,"23":10},"f":{"0":60,"1":0,"2":0,"3":0,"4":0,"5":0,"6":17,"7":0,"8":0,"9":0,"10":0,"11":17,"12":10,"13":10},"b":{},"_coverageSchema":"1a1c01bbd47fc00a2c39e90264f33305004495a9","hash":"abe776995a7a02f625d14cfa2065e849cf85c005"}
,"/Users/jair/Desktop/MobileAppDevelopment/3_ReactNative/Assignment9/src/Model/DataUtil.js": {"path":"/Users/jair/Desktop/MobileAppDevelopment/3_ReactNative/Assignment9/src/Model/DataUtil.js","statementMap":{"0":{"start":{"line":3,"column":26},"end":{"line":26,"column":1}},"1":{"start":{"line":4,"column":22},"end":{"line":8,"column":3}},"2":{"start":{"line":10,"column":22},"end":{"line":14,"column":3}},"3":{"start":{"line":16,"column":24},"end":{"line":19,"column":3}},"4":{"start":{"line":20,"column":24},"end":{"line":23,"column":3}},"5":{"start":{"line":25,"column":2},"end":{"line":25,"column":48}}},"fnMap":{"0":{"name":"(anonymous_0)","decl":{"start":{"line":3,"column":26},"end":{"line":3,"column":27}},"loc":{"start":{"line":3,"column":34},"end":{"line":26,"column":1}},"line":3}},"branchMap":{},"s":{"0":1,"1":0,"2":0,"3":0,"4":0,"5":0},"f":{"0":0},"b":{},"_coverageSchema":"1a1c01bbd47fc00a2c39e90264f33305004495a9","hash":"1cf9f628ce7c4150bc751d37124ad7c9128b166b"}
,"/Users/jair/Desktop/MobileAppDevelopment/3_ReactNative/Assignment9/src/Model/MessageViewModel.js": {"path":"/Users/jair/Desktop/MobileAppDevelopment/3_ReactNative/Assignment9/src/Model/MessageViewModel.js","statementMap":{"0":{"start":{"line":7,"column":30},"end":{"line":7,"column":45}},"1":{"start":{"line":9,"column":31},"end":{"line":27,"column":1}},"2":{"start":{"line":10,"column":34},"end":{"line":10,"column":46}},"3":{"start":{"line":11,"column":18},"end":{"line":11,"column":41}},"4":{"start":{"line":13,"column":33},"end":{"line":20,"column":3}},"5":{"start":{"line":15,"column":6},"end":{"line":15,"column":22}},"6":{"start":{"line":16,"column":30},"end":{"line":16,"column":78}},"7":{"start":{"line":17,"column":6},"end":{"line":17,"column":35}},"8":{"start":{"line":22,"column":2},"end":{"line":26,"column":4}}},"fnMap":{"0":{"name":"(anonymous_0)","decl":{"start":{"line":9,"column":31},"end":{"line":9,"column":32}},"loc":{"start":{"line":9,"column":47},"end":{"line":27,"column":1}},"line":9},"1":{"name":"(anonymous_1)","decl":{"start":{"line":14,"column":4},"end":{"line":14,"column":5}},"loc":{"start":{"line":14,"column":23},"end":{"line":18,"column":5}},"line":14}},"branchMap":{},"s":{"0":1,"1":1,"2":33,"3":33,"4":33,"5":6,"6":6,"7":6,"8":33},"f":{"0":33,"1":6},"b":{},"_coverageSchema":"1a1c01bbd47fc00a2c39e90264f33305004495a9","hash":"5deedf75a38b402c3a4a9f9b65e08c7a741b712d"}
,"/Users/jair/Desktop/MobileAppDevelopment/3_ReactNative/Assignment9/src/Model/WorkspaceViewModel.js": {"path":"/Users/jair/Desktop/MobileAppDevelopment/3_ReactNative/Assignment9/src/Model/WorkspaceViewModel.js","statementMap":{"0":{"start":{"line":7,"column":32},"end":{"line":7,"column":53}},"1":{"start":{"line":9,"column":33},"end":{"line":29,"column":1}},"2":{"start":{"line":10,"column":38},"end":{"line":10,"column":56}},"3":{"start":{"line":11,"column":36},"end":{"line":11,"column":52}},"4":{"start":{"line":12,"column":18},"end":{"line":12,"column":41}},"5":{"start":{"line":14,"column":2},"end":{"line":22,"column":14}},"6":{"start":{"line":15,"column":22},"end":{"line":20,"column":5}},"7":{"start":{"line":16,"column":6},"end":{"line":19,"column":7}},"8":{"start":{"line":17,"column":19},"end":{"line":17,"column":46}},"9":{"start":{"line":18,"column":8},"end":{"line":18,"column":26}},"10":{"start":{"line":21,"column":4},"end":{"line":21,"column":16}},"11":{"start":{"line":24,"column":2},"end":{"line":28,"column":4}}},"fnMap":{"0":{"name":"(anonymous_0)","decl":{"start":{"line":9,"column":33},"end":{"line":9,"column":34}},"loc":{"start":{"line":9,"column":42},"end":{"line":29,"column":1}},"line":9},"1":{"name":"(anonymous_1)","decl":{"start":{"line":14,"column":18},"end":{"line":14,"column":19}},"loc":{"start":{"line":14,"column":24},"end":{"line":22,"column":3}},"line":14},"2":{"name":"(anonymous_2)","decl":{"start":{"line":15,"column":22},"end":{"line":15,"column":23}},"loc":{"start":{"line":15,"column":34},"end":{"line":20,"column":5}},"line":15}},"branchMap":{"0":{"loc":{"start":{"line":16,"column":6},"end":{"line":19,"column":7}},"type":"if","locations":[{"start":{"line":16,"column":6},"end":{"line":19,"column":7}},{"start":{},"end":{}}],"line":16}},"s":{"0":1,"1":1,"2":32,"3":31,"4":31,"5":31,"6":21,"7":21,"8":10,"9":10,"10":21,"11":31},"f":{"0":32,"1":21,"2":21},"b":{"0":[10,11]},"_coverageSchema":"1a1c01bbd47fc00a2c39e90264f33305004495a9","hash":"24a15e04bf1a949057e10340afe4d646b66ba9ff"}
,"/Users/jair/Desktop/MobileAppDevelopment/3_ReactNative/Assignment9/src/Repo/ChannelRepo.js": {"path":"/Users/jair/Desktop/MobileAppDevelopment/3_ReactNative/Assignment9/src/Repo/ChannelRepo.js","statementMap":{"0":{"start":{"line":4,"column":42},"end":{"line":38,"column":1}},"1":{"start":{"line":5,"column":2},"end":{"line":5,"column":48}},"2":{"start":{"line":6,"column":19},"end":{"line":15,"column":3}},"3":{"start":{"line":19,"column":2},"end":{"line":21,"column":3}},"4":{"start":{"line":20,"column":4},"end":{"line":20,"column":66}},"5":{"start":{"line":23,"column":23},"end":{"line":23,"column":44}},"6":{"start":{"line":26,"column":2},"end":{"line":26,"column":55}},"7":{"start":{"line":29,"column":2},"end":{"line":37,"column":9}},"8":{"start":{"line":31,"column":8},"end":{"line":35,"column":10}}},"fnMap":{"0":{"name":"(anonymous_0)","decl":{"start":{"line":4,"column":42},"end":{"line":4,"column":43}},"loc":{"start":{"line":4,"column":72},"end":{"line":38,"column":1}},"line":4},"1":{"name":"(anonymous_1)","decl":{"start":{"line":30,"column":23},"end":{"line":30,"column":24}},"loc":{"start":{"line":30,"column":38},"end":{"line":36,"column":7}},"line":30}},"branchMap":{"0":{"loc":{"start":{"line":19,"column":2},"end":{"line":21,"column":3}},"type":"if","locations":[{"start":{"line":19,"column":2},"end":{"line":21,"column":3}},{"start":{},"end":{}}],"line":19},"1":{"loc":{"start":{"line":29,"column":9},"end":{"line":37,"column":8}},"type":"cond-expr","locations":[{"start":{"line":30,"column":6},"end":{"line":36,"column":8}},{"start":{"line":37,"column":6},"end":{"line":37,"column":8}}],"line":29}},"s":{"0":1,"1":7,"2":7,"3":7,"4":0,"5":7,"6":7,"7":7,"8":17},"f":{"0":7,"1":17},"b":{"0":[0,7],"1":[7,0]},"_coverageSchema":"1a1c01bbd47fc00a2c39e90264f33305004495a9","hash":"c0a05e6f9587b11cc296044cfe5ddb4deecfd345"}
,"/Users/jair/Desktop/MobileAppDevelopment/3_ReactNative/Assignment9/src/Repo/MessageRepo.js": {"path":"/Users/jair/Desktop/MobileAppDevelopment/3_ReactNative/Assignment9/src/Repo/MessageRepo.js","statementMap":{"0":{"start":{"line":5,"column":40},"end":{"line":33,"column":1}},"1":{"start":{"line":6,"column":19},"end":{"line":15,"column":3}},"2":{"start":{"line":17,"column":2},"end":{"line":19,"column":3}},"3":{"start":{"line":18,"column":4},"end":{"line":18,"column":64}},"4":{"start":{"line":21,"column":23},"end":{"line":21,"column":44}},"5":{"start":{"line":24,"column":2},"end":{"line":32,"column":5}},"6":{"start":{"line":25,"column":4},"end":{"line":31,"column":6}}},"fnMap":{"0":{"name":"(anonymous_0)","decl":{"start":{"line":5,"column":40},"end":{"line":5,"column":41}},"loc":{"start":{"line":5,"column":68},"end":{"line":33,"column":1}},"line":5},"1":{"name":"(anonymous_1)","decl":{"start":{"line":24,"column":26},"end":{"line":24,"column":27}},"loc":{"start":{"line":24,"column":41},"end":{"line":32,"column":3}},"line":24}},"branchMap":{"0":{"loc":{"start":{"line":17,"column":2},"end":{"line":19,"column":3}},"type":"if","locations":[{"start":{"line":17,"column":2},"end":{"line":19,"column":3}},{"start":{},"end":{}}],"line":17}},"s":{"0":1,"1":6,"2":6,"3":0,"4":6,"5":6,"6":10},"f":{"0":6,"1":10},"b":{"0":[0,6]},"_coverageSchema":"1a1c01bbd47fc00a2c39e90264f33305004495a9","hash":"2462c3355410c4ad1fbf529e435d4dc40ac84efd"}
,"/Users/jair/Desktop/MobileAppDevelopment/3_ReactNative/Assignment9/src/Repo/WorkspaceRepo.js": {"path":"/Users/jair/Desktop/MobileAppDevelopment/3_ReactNative/Assignment9/src/Repo/WorkspaceRepo.js","statementMap":{"0":{"start":{"line":5,"column":30},"end":{"line":25,"column":1}},"1":{"start":{"line":6,"column":19},"end":{"line":12,"column":4}},"2":{"start":{"line":14,"column":2},"end":{"line":16,"column":3}},"3":{"start":{"line":15,"column":4},"end":{"line":15,"column":50}},"4":{"start":{"line":18,"column":25},"end":{"line":18,"column":46}},"5":{"start":{"line":20,"column":2},"end":{"line":24,"column":5}},"6":{"start":{"line":22,"column":21},"end":{"line":22,"column":49}},"7":{"start":{"line":23,"column":4},"end":{"line":23,"column":73}}},"fnMap":{"0":{"name":"(anonymous_0)","decl":{"start":{"line":5,"column":30},"end":{"line":5,"column":31}},"loc":{"start":{"line":5,"column":45},"end":{"line":25,"column":1}},"line":5},"1":{"name":"(anonymous_1)","decl":{"start":{"line":20,"column":28},"end":{"line":20,"column":29}},"loc":{"start":{"line":20,"column":45},"end":{"line":24,"column":3}},"line":20}},"branchMap":{"0":{"loc":{"start":{"line":14,"column":2},"end":{"line":16,"column":3}},"type":"if","locations":[{"start":{"line":14,"column":2},"end":{"line":16,"column":3}},{"start":{},"end":{}}],"line":14},"1":{"loc":{"start":{"line":22,"column":21},"end":{"line":22,"column":49}},"type":"binary-expr","locations":[{"start":{"line":22,"column":21},"end":{"line":22,"column":43}},{"start":{"line":22,"column":47},"end":{"line":22,"column":49}}],"line":22}},"s":{"0":1,"1":20,"2":20,"3":0,"4":20,"5":20,"6":60,"7":60},"f":{"0":20,"1":60},"b":{"0":[0,20],"1":[60,0]},"_coverageSchema":"1a1c01bbd47fc00a2c39e90264f33305004495a9","hash":"606f48f769bad70d0ef23d004109aaa516e746c0"}
,"/Users/jair/Desktop/MobileAppDevelopment/3_ReactNative/Assignment9/src/UI/ChannelList.js": {"path":"/Users/jair/Desktop/MobileAppDevelopment/3_ReactNative/Assignment9/src/UI/ChannelList.js","statementMap":{"0":{"start":{"line":7,"column":20},"end":{"line":56,"column":1}},"1":{"start":{"line":8,"column":26},"end":{"line":8,"column":38}},"2":{"start":{"line":9,"column":21},"end":{"line":9,"column":53}},"3":{"start":{"line":11,"column":22},"end":{"line":18,"column":3}},"4":{"start":{"line":13,"column":6},"end":{"line":15,"column":13}},"5":{"start":{"line":20,"column":21},"end":{"line":31,"column":3}},"6":{"start":{"line":22,"column":6},"end":{"line":28,"column":25}},"7":{"start":{"line":23,"column":23},"end":{"line":23,"column":42}},"8":{"start":{"line":33,"column":2},"end":{"line":40,"column":44}},"9":{"start":{"line":34,"column":4},"end":{"line":39,"column":7}},"10":{"start":{"line":42,"column":2},"end":{"line":55,"column":4}},"11":{"start":{"line":45,"column":28},"end":{"line":45,"column":46}},"12":{"start":{"line":47,"column":8},"end":{"line":51,"column":10}},"13":{"start":{"line":58,"column":15},"end":{"line":73,"column":2}}},"fnMap":{"0":{"name":"(anonymous_0)","decl":{"start":{"line":7,"column":20},"end":{"line":7,"column":21}},"loc":{"start":{"line":7,"column":45},"end":{"line":56,"column":1}},"line":7},"1":{"name":"(anonymous_1)","decl":{"start":{"line":12,"column":4},"end":{"line":12,"column":5}},"loc":{"start":{"line":13,"column":6},"end":{"line":15,"column":13}},"line":13},"2":{"name":"(anonymous_2)","decl":{"start":{"line":21,"column":4},"end":{"line":21,"column":5}},"loc":{"start":{"line":22,"column":6},"end":{"line":28,"column":25}},"line":22},"3":{"name":"(anonymous_3)","decl":{"start":{"line":23,"column":17},"end":{"line":23,"column":18}},"loc":{"start":{"line":23,"column":23},"end":{"line":23,"column":42}},"line":23},"4":{"name":"(anonymous_4)","decl":{"start":{"line":33,"column":18},"end":{"line":33,"column":19}},"loc":{"start":{"line":33,"column":24},"end":{"line":40,"column":3}},"line":33},"5":{"name":"(anonymous_5)","decl":{"start":{"line":45,"column":20},"end":{"line":45,"column":21}},"loc":{"start":{"line":45,"column":28},"end":{"line":45,"column":46}},"line":45},"6":{"name":"(anonymous_6)","decl":{"start":{"line":46,"column":18},"end":{"line":46,"column":19}},"loc":{"start":{"line":47,"column":8},"end":{"line":51,"column":10}},"line":47}},"branchMap":{},"s":{"0":1,"1":7,"2":7,"3":7,"4":37,"5":7,"6":37,"7":0,"8":7,"9":7,"10":7,"11":24,"12":17,"13":1},"f":{"0":7,"1":37,"2":37,"3":0,"4":7,"5":24,"6":17},"b":{},"_coverageSchema":"1a1c01bbd47fc00a2c39e90264f33305004495a9","hash":"e7b198f474f7146e6b05e903c2fc519a4402f6ac"}
,"/Users/jair/Desktop/MobileAppDevelopment/3_ReactNative/Assignment9/src/UI/ChannelListItem.js": {"path":"/Users/jair/Desktop/MobileAppDevelopment/3_ReactNative/Assignment9/src/UI/ChannelListItem.js","statementMap":{"0":{"start":{"line":5,"column":15},"end":{"line":7,"column":2}},"1":{"start":{"line":9,"column":24},"end":{"line":32,"column":1}},"2":{"start":{"line":10,"column":22},"end":{"line":16,"column":3}},"3":{"start":{"line":11,"column":4},"end":{"line":15,"column":7}},"4":{"start":{"line":18,"column":2},"end":{"line":31,"column":4}}},"fnMap":{"0":{"name":"(anonymous_0)","decl":{"start":{"line":9,"column":24},"end":{"line":9,"column":25}},"loc":{"start":{"line":9,"column":66},"end":{"line":32,"column":1}},"line":9},"1":{"name":"(anonymous_1)","decl":{"start":{"line":10,"column":22},"end":{"line":10,"column":23}},"loc":{"start":{"line":10,"column":28},"end":{"line":16,"column":3}},"line":10}},"branchMap":{},"s":{"0":1,"1":1,"2":17,"3":6,"4":17},"f":{"0":17,"1":6},"b":{},"_coverageSchema":"1a1c01bbd47fc00a2c39e90264f33305004495a9","hash":"b0c3aeca7af5aab83e62fe62f8df4f69317541d7"}
,"/Users/jair/Desktop/MobileAppDevelopment/3_ReactNative/Assignment9/src/UI/Login.js": {"path":"/Users/jair/Desktop/MobileAppDevelopment/3_ReactNative/Assignment9/src/UI/Login.js","statementMap":{"0":{"start":{"line":7,"column":14},"end":{"line":69,"column":1}},"1":{"start":{"line":8,"column":28},"end":{"line":8,"column":40}},"2":{"start":{"line":9,"column":34},"end":{"line":9,"column":46}},"3":{"start":{"line":10,"column":19},"end":{"line":10,"column":42}},"4":{"start":{"line":12,"column":22},"end":{"line":47,"column":3}},"5":{"start":{"line":13,"column":4},"end":{"line":46,"column":5}},"6":{"start":{"line":14,"column":23},"end":{"line":20,"column":8}},"7":{"start":{"line":22,"column":6},"end":{"line":39,"column":7}},"8":{"start":{"line":23,"column":21},"end":{"line":23,"column":42}},"9":{"start":{"line":24,"column":8},"end":{"line":27,"column":9}},"10":{"start":{"line":25,"column":10},"end":{"line":25,"column":35}},"11":{"start":{"line":26,"column":10},"end":{"line":26,"column":44}},"12":{"start":{"line":29,"column":8},"end":{"line":38,"column":9}},"13":{"start":{"line":30,"column":31},"end":{"line":30,"column":52}},"14":{"start":{"line":31,"column":10},"end":{"line":31,"column":38}},"15":{"start":{"line":32,"column":10},"end":{"line":35,"column":12}},"16":{"start":{"line":37,"column":10},"end":{"line":37,"column":69}},"17":{"start":{"line":41,"column":6},"end":{"line":44,"column":8}},"18":{"start":{"line":45,"column":6},"end":{"line":45,"column":79}},"19":{"start":{"line":49,"column":2},"end":{"line":68,"column":4}},"20":{"start":{"line":71,"column":15},"end":{"line":84,"column":2}}},"fnMap":{"0":{"name":"(anonymous_0)","decl":{"start":{"line":7,"column":14},"end":{"line":7,"column":15}},"loc":{"start":{"line":7,"column":32},"end":{"line":69,"column":1}},"line":7},"1":{"name":"(anonymous_1)","decl":{"start":{"line":12,"column":22},"end":{"line":12,"column":23}},"loc":{"start":{"line":12,"column":34},"end":{"line":47,"column":3}},"line":12}},"branchMap":{"0":{"loc":{"start":{"line":22,"column":6},"end":{"line":39,"column":7}},"type":"if","locations":[{"start":{"line":22,"column":6},"end":{"line":39,"column":7}},{"start":{"line":28,"column":13},"end":{"line":39,"column":7}}],"line":22},"1":{"loc":{"start":{"line":24,"column":8},"end":{"line":27,"column":9}},"type":"if","locations":[{"start":{"line":24,"column":8},"end":{"line":27,"column":9}},{"start":{},"end":{}}],"line":24},"2":{"loc":{"start":{"line":29,"column":8},"end":{"line":38,"column":9}},"type":"if","locations":[{"start":{"line":29,"column":8},"end":{"line":38,"column":9}},{"start":{"line":36,"column":15},"end":{"line":38,"column":9}}],"line":29}},"s":{"0":1,"1":43,"2":43,"3":43,"4":43,"5":11,"6":11,"7":11,"8":10,"9":10,"10":10,"11":10,"12":1,"13":1,"14":1,"15":1,"16":0,"17":0,"18":0,"19":43,"20":1},"f":{"0":43,"1":11},"b":{"0":[10,1],"1":[10,0],"2":[1,0]},"_coverageSchema":"1a1c01bbd47fc00a2c39e90264f33305004495a9","hash":"0c777ce16e5b06c0b34856980c46526e98e71f9d"}
,"/Users/jair/Desktop/MobileAppDevelopment/3_ReactNative/Assignment9/src/UI/MessageDetail.js": {"path":"/Users/jair/Desktop/MobileAppDevelopment/3_ReactNative/Assignment9/src/UI/MessageDetail.js","statementMap":{"0":{"start":{"line":8,"column":22},"end":{"line":26,"column":1}},"1":{"start":{"line":10,"column":33},"end":{"line":10,"column":45}},"2":{"start":{"line":11,"column":24},"end":{"line":11,"column":50}},"3":{"start":{"line":13,"column":2},"end":{"line":25,"column":4}},"4":{"start":{"line":19,"column":23},"end":{"line":19,"column":42}},"5":{"start":{"line":28,"column":15},"end":{"line":53,"column":2}}},"fnMap":{"0":{"name":"(anonymous_0)","decl":{"start":{"line":8,"column":22},"end":{"line":8,"column":23}},"loc":{"start":{"line":8,"column":47},"end":{"line":26,"column":1}},"line":8},"1":{"name":"(anonymous_1)","decl":{"start":{"line":19,"column":17},"end":{"line":19,"column":18}},"loc":{"start":{"line":19,"column":23},"end":{"line":19,"column":42}},"line":19}},"branchMap":{},"s":{"0":1,"1":0,"2":0,"3":0,"4":0,"5":1},"f":{"0":0,"1":0},"b":{},"_coverageSchema":"1a1c01bbd47fc00a2c39e90264f33305004495a9","hash":"adff10c22374934a3cc2a02857f5f31110f383f9"}
,"/Users/jair/Desktop/MobileAppDevelopment/3_ReactNative/Assignment9/src/UI/MessageList.js": {"path":"/Users/jair/Desktop/MobileAppDevelopment/3_ReactNative/Assignment9/src/UI/MessageList.js","statementMap":{"0":{"start":{"line":12,"column":20},"end":{"line":16,"column":1}},"1":{"start":{"line":13,"column":2},"end":{"line":15,"column":9}},"2":{"start":{"line":18,"column":19},"end":{"line":26,"column":1}},"3":{"start":{"line":19,"column":2},"end":{"line":25,"column":21}},"4":{"start":{"line":20,"column":19},"end":{"line":20,"column":38}},"5":{"start":{"line":28,"column":20},"end":{"line":75,"column":1}},"6":{"start":{"line":29,"column":45},"end":{"line":29,"column":71}},"7":{"start":{"line":30,"column":50},"end":{"line":30,"column":62}},"8":{"start":{"line":32,"column":29},"end":{"line":34,"column":3}},"9":{"start":{"line":33,"column":4},"end":{"line":33,"column":80}},"10":{"start":{"line":33,"column":39},"end":{"line":33,"column":78}},"11":{"start":{"line":36,"column":2},"end":{"line":39,"column":42}},"12":{"start":{"line":37,"column":4},"end":{"line":37,"column":67}},"13":{"start":{"line":38,"column":4},"end":{"line":38,"column":38}},"14":{"start":{"line":41,"column":25},"end":{"line":41,"column":53}},"15":{"start":{"line":43,"column":30},"end":{"line":46,"column":3}},"16":{"start":{"line":44,"column":10},"end":{"line":44,"column":51}},"17":{"start":{"line":47,"column":29},"end":{"line":50,"column":3}},"18":{"start":{"line":48,"column":10},"end":{"line":48,"column":78}},"19":{"start":{"line":52,"column":2},"end":{"line":59,"column":60}},"20":{"start":{"line":53,"column":4},"end":{"line":58,"column":7}},"21":{"start":{"line":61,"column":2},"end":{"line":74,"column":4}},"22":{"start":{"line":64,"column":28},"end":{"line":64,"column":46}},"23":{"start":{"line":66,"column":8},"end":{"line":70,"column":10}},"24":{"start":{"line":77,"column":15},"end":{"line":91,"column":2}}},"fnMap":{"0":{"name":"(anonymous_0)","decl":{"start":{"line":12,"column":20},"end":{"line":12,"column":21}},"loc":{"start":{"line":13,"column":2},"end":{"line":15,"column":9}},"line":13},"1":{"name":"(anonymous_1)","decl":{"start":{"line":18,"column":19},"end":{"line":18,"column":20}},"loc":{"start":{"line":19,"column":2},"end":{"line":25,"column":21}},"line":19},"2":{"name":"(anonymous_2)","decl":{"start":{"line":20,"column":13},"end":{"line":20,"column":14}},"loc":{"start":{"line":20,"column":19},"end":{"line":20,"column":38}},"line":20},"3":{"name":"(anonymous_3)","decl":{"start":{"line":28,"column":20},"end":{"line":28,"column":21}},"loc":{"start":{"line":28,"column":45},"end":{"line":75,"column":1}},"line":28},"4":{"name":"(anonymous_4)","decl":{"start":{"line":32,"column":29},"end":{"line":32,"column":30}},"loc":{"start":{"line":32,"column":37},"end":{"line":34,"column":3}},"line":32},"5":{"name":"(anonymous_5)","decl":{"start":{"line":33,"column":29},"end":{"line":33,"column":30}},"loc":{"start":{"line":33,"column":39},"end":{"line":33,"column":78}},"line":33},"6":{"name":"(anonymous_6)","decl":{"start":{"line":36,"column":12},"end":{"line":36,"column":13}},"loc":{"start":{"line":36,"column":18},"end":{"line":39,"column":3}},"line":36},"7":{"name":"(anonymous_7)","decl":{"start":{"line":44,"column":4},"end":{"line":44,"column":5}},"loc":{"start":{"line":44,"column":10},"end":{"line":44,"column":51}},"line":44},"8":{"name":"(anonymous_8)","decl":{"start":{"line":48,"column":4},"end":{"line":48,"column":5}},"loc":{"start":{"line":48,"column":10},"end":{"line":48,"column":78}},"line":48},"9":{"name":"(anonymous_9)","decl":{"start":{"line":52,"column":18},"end":{"line":52,"column":19}},"loc":{"start":{"line":52,"column":24},"end":{"line":59,"column":3}},"line":52},"10":{"name":"(anonymous_10)","decl":{"start":{"line":64,"column":20},"end":{"line":64,"column":21}},"loc":{"start":{"line":64,"column":28},"end":{"line":64,"column":46}},"line":64},"11":{"name":"(anonymous_11)","decl":{"start":{"line":65,"column":18},"end":{"line":65,"column":19}},"loc":{"start":{"line":66,"column":8},"end":{"line":70,"column":10}},"line":66}},"branchMap":{},"s":{"0":1,"1":24,"2":1,"3":24,"4":0,"5":1,"6":18,"7":18,"8":18,"9":18,"10":6,"11":18,"12":6,"13":6,"14":18,"15":18,"16":24,"17":18,"18":24,"19":18,"20":6,"21":18,"22":14,"23":10,"24":1},"f":{"0":24,"1":24,"2":0,"3":18,"4":18,"5":6,"6":6,"7":24,"8":24,"9":6,"10":14,"11":10},"b":{},"_coverageSchema":"1a1c01bbd47fc00a2c39e90264f33305004495a9","hash":"d8e4937faae07d4256a3774de167cc27cad1bcef"}
,"/Users/jair/Desktop/MobileAppDevelopment/3_ReactNative/Assignment9/src/UI/MessageListItem.js": {"path":"/Users/jair/Desktop/MobileAppDevelopment/3_ReactNative/Assignment9/src/UI/MessageListItem.js","statementMap":{"0":{"start":{"line":9,"column":24},"end":{"line":23,"column":1}},"1":{"start":{"line":10,"column":22},"end":{"line":12,"column":3}},"2":{"start":{"line":11,"column":4},"end":{"line":11,"column":61}},"3":{"start":{"line":14,"column":2},"end":{"line":22,"column":4}},"4":{"start":{"line":26,"column":15},"end":{"line":47,"column":2}}},"fnMap":{"0":{"name":"(anonymous_0)","decl":{"start":{"line":9,"column":24},"end":{"line":9,"column":25}},"loc":{"start":{"line":9,"column":51},"end":{"line":23,"column":1}},"line":9},"1":{"name":"(anonymous_1)","decl":{"start":{"line":10,"column":22},"end":{"line":10,"column":23}},"loc":{"start":{"line":10,"column":28},"end":{"line":12,"column":3}},"line":10}},"branchMap":{},"s":{"0":1,"1":10,"2":0,"3":10,"4":1},"f":{"0":10,"1":0},"b":{},"_coverageSchema":"1a1c01bbd47fc00a2c39e90264f33305004495a9","hash":"5efbb76e304a3a36318554c19d093cd19c4d4fd7"}
,"/Users/jair/Desktop/MobileAppDevelopment/3_ReactNative/Assignment9/src/UI/WorkspaceList.js": {"path":"/Users/jair/Desktop/MobileAppDevelopment/3_ReactNative/Assignment9/src/UI/WorkspaceList.js","statementMap":{"0":{"start":{"line":11,"column":2},"end":{"line":13,"column":71}},"1":{"start":{"line":13,"column":20},"end":{"line":13,"column":69}},"2":{"start":{"line":16,"column":22},"end":{"line":45,"column":1}},"3":{"start":{"line":17,"column":18},"end":{"line":17,"column":41}},"4":{"start":{"line":18,"column":23},"end":{"line":18,"column":51}},"5":{"start":{"line":19,"column":52},"end":{"line":19,"column":64}},"6":{"start":{"line":21,"column":2},"end":{"line":29,"column":14}},"7":{"start":{"line":22,"column":4},"end":{"line":28,"column":5}},"8":{"start":{"line":23,"column":6},"end":{"line":27,"column":11}},"9":{"start":{"line":24,"column":22},"end":{"line":24,"column":48}},"10":{"start":{"line":26,"column":10},"end":{"line":26,"column":61}},"11":{"start":{"line":31,"column":27},"end":{"line":33,"column":3}},"12":{"start":{"line":35,"column":2},"end":{"line":44,"column":4}},"13":{"start":{"line":38,"column":28},"end":{"line":38,"column":46}},"14":{"start":{"line":40,"column":8},"end":{"line":40,"column":70}}},"fnMap":{"0":{"name":"sortWorkspacesByDate","decl":{"start":{"line":10,"column":9},"end":{"line":10,"column":29}},"loc":{"start":{"line":10,"column":42},"end":{"line":14,"column":1}},"line":10},"1":{"name":"(anonymous_1)","decl":{"start":{"line":13,"column":10},"end":{"line":13,"column":11}},"loc":{"start":{"line":13,"column":20},"end":{"line":13,"column":69}},"line":13},"2":{"name":"(anonymous_2)","decl":{"start":{"line":16,"column":22},"end":{"line":16,"column":23}},"loc":{"start":{"line":16,"column":40},"end":{"line":45,"column":1}},"line":16},"3":{"name":"(anonymous_3)","decl":{"start":{"line":21,"column":12},"end":{"line":21,"column":13}},"loc":{"start":{"line":21,"column":18},"end":{"line":29,"column":3}},"line":21},"4":{"name":"(anonymous_4)","decl":{"start":{"line":24,"column":14},"end":{"line":24,"column":15}},"loc":{"start":{"line":24,"column":22},"end":{"line":24,"column":48}},"line":24},"5":{"name":"(anonymous_5)","decl":{"start":{"line":25,"column":15},"end":{"line":25,"column":16}},"loc":{"start":{"line":25,"column":24},"end":{"line":27,"column":9}},"line":25},"6":{"name":"(anonymous_6)","decl":{"start":{"line":38,"column":20},"end":{"line":38,"column":21}},"loc":{"start":{"line":38,"column":28},"end":{"line":38,"column":46}},"line":38},"7":{"name":"(anonymous_7)","decl":{"start":{"line":39,"column":18},"end":{"line":39,"column":19}},"loc":{"start":{"line":40,"column":8},"end":{"line":40,"column":70}},"line":40}},"branchMap":{"0":{"loc":{"start":{"line":22,"column":4},"end":{"line":28,"column":5}},"type":"if","locations":[{"start":{"line":22,"column":4},"end":{"line":28,"column":5}},{"start":{},"end":{}}],"line":22},"1":{"loc":{"start":{"line":32,"column":4},"end":{"line":32,"column":65}},"type":"cond-expr","locations":[{"start":{"line":32,"column":35},"end":{"line":32,"column":52}},{"start":{"line":32,"column":55},"end":{"line":32,"column":65}}],"line":32}},"s":{"0":30,"1":40,"2":1,"3":30,"4":30,"5":30,"6":30,"7":10,"8":10,"9":10,"10":0,"11":30,"12":30,"13":70,"14":60},"f":{"0":30,"1":40,"2":30,"3":10,"4":10,"5":0,"6":70,"7":60},"b":{"0":[10,0],"1":[11,19]},"_coverageSchema":"1a1c01bbd47fc00a2c39e90264f33305004495a9","hash":"0244d8397249487a0a4fcbb3ebedc93ef3669d8f"}
,"/Users/jair/Desktop/MobileAppDevelopment/3_ReactNative/Assignment9/src/UI/WorkspaceListItem.js": {"path":"/Users/jair/Desktop/MobileAppDevelopment/3_ReactNative/Assignment9/src/UI/WorkspaceListItem.js","statementMap":{"0":{"start":{"line":7,"column":15},"end":{"line":9,"column":2}},"1":{"start":{"line":11,"column":26},"end":{"line":47,"column":1}},"2":{"start":{"line":12,"column":34},"end":{"line":12,"column":49}},"3":{"start":{"line":13,"column":37},"end":{"line":13,"column":69}},"4":{"start":{"line":14,"column":18},"end":{"line":14,"column":41}},"5":{"start":{"line":16,"column":31},"end":{"line":29,"column":3}},"6":{"start":{"line":17,"column":4},"end":{"line":17,"column":21}},"7":{"start":{"line":18,"column":4},"end":{"line":27,"column":5}},"8":{"start":{"line":19,"column":6},"end":{"line":19,"column":43}},"9":{"start":{"line":20,"column":6},"end":{"line":20,"column":58}},"10":{"start":{"line":21,"column":6},"end":{"line":23,"column":9}},"11":{"start":{"line":25,"column":6},"end":{"line":25,"column":62}},"12":{"start":{"line":28,"column":4},"end":{"line":28,"column":22}},"13":{"start":{"line":31,"column":2},"end":{"line":46,"column":4}}},"fnMap":{"0":{"name":"(anonymous_0)","decl":{"start":{"line":11,"column":26},"end":{"line":11,"column":27}},"loc":{"start":{"line":11,"column":55},"end":{"line":47,"column":1}},"line":11},"1":{"name":"(anonymous_1)","decl":{"start":{"line":16,"column":31},"end":{"line":16,"column":32}},"loc":{"start":{"line":16,"column":43},"end":{"line":29,"column":3}},"line":16}},"branchMap":{},"s":{"0":1,"1":1,"2":109,"3":109,"4":109,"5":109,"6":7,"7":7,"8":7,"9":7,"10":7,"11":0,"12":7,"13":109},"f":{"0":109,"1":7},"b":{},"_coverageSchema":"1a1c01bbd47fc00a2c39e90264f33305004495a9","hash":"33d1fa59278d223893f32a44214d7e95fb3455ad"}
}
