TN:
SF:App.js
FN:32,(anonymous_0)
FN:52,(anonymous_1)
FN:57,(anonymous_2)
FNF:3
FNH:3
FNDA:12,(anonymous_0)
FNDA:30,(anonymous_1)
FNDA:2,(anonymous_2)
DA:30,1
DA:32,1
DA:33,12
DA:52,30
DA:57,2
LF:5
LH:5
BRF:0
BRH:0
end_of_record
TN:
SF:src/Model/AuthContext.js
FNF:0
FNH:0
DA:5,1
LF:1
LH:1
BRF:0
BRH:0
end_of_record
TN:
SF:src/Model/AuthProvider.js
FN:6,(anonymous_0)
FN:9,(anonymous_1)
FN:13,(anonymous_2)
FNF:3
FNH:3
FNDA:22,(anonymous_0)
FNDA:10,(anonymous_1)
FNDA:1,(anonymous_2)
DA:6,1
DA:7,22
DA:9,22
DA:10,10
DA:13,22
DA:14,1
DA:17,22
LF:7
LH:7
BRF:0
BRH:0
end_of_record
TN:
SF:src/Model/ChannelViewModel.js
FN:8,(anonymous_0)
FN:11,(anonymous_1)
FNF:2
FNH:2
FNDA:47,(anonymous_0)
FNDA:38,(anonymous_1)
DA:6,1
DA:8,1
DA:9,47
DA:11,46
DA:12,38
DA:16,38
DA:17,38
DA:20,46
LF:8
LH:8
BRF:0
BRH:0
end_of_record
TN:
SF:src/Model/DataClasses.js
FN:3,(anonymous_0)
FN:11,(anonymous_1)
FN:17,(anonymous_2)
FN:23,(anonymous_3)
FN:32,(anonymous_4)
FNF:5
FNH:5
FNDA:63,(anonymous_0)
FNDA:100,(anonymous_1)
FNDA:116,(anonymous_2)
FNDA:13,(anonymous_3)
FNDA:13,(anonymous_4)
DA:4,63
DA:5,63
DA:6,63
DA:12,100
DA:13,100
DA:14,100
DA:18,116
DA:24,13
DA:25,13
DA:26,13
DA:27,13
DA:33,13
DA:34,13
LF:13
LH:13
BRF:0
BRH:0
end_of_record
TN:
SF:src/Model/DataUtil.js
FN:4,(anonymous_0)
FNF:1
FNH:1
FNDA:17,(anonymous_0)
DA:4,1
DA:5,17
DA:11,17
DA:17,17
DA:21,17
DA:26,17
LF:6
LH:6
BRF:0
BRH:0
end_of_record
TN:
SF:src/Model/MessageViewModel.js
FN:9,(anonymous_0)
FN:14,(anonymous_1)
FNF:2
FNH:2
FNDA:40,(anonymous_0)
FNDA:10,(anonymous_1)
DA:7,1
DA:9,1
DA:10,40
DA:11,40
DA:13,40
DA:15,10
DA:16,10
DA:17,10
DA:22,40
LF:9
LH:9
BRF:0
BRH:0
end_of_record
TN:
SF:src/Model/WorkspaceViewModel.js
FN:9,(anonymous_0)
FN:14,(anonymous_1)
FN:15,(anonymous_2)
FNF:3
FNH:3
FNDA:32,(anonymous_0)
FNDA:22,(anonymous_1)
FNDA:22,(anonymous_2)
DA:7,1
DA:9,1
DA:10,32
DA:11,31
DA:12,31
DA:14,31
DA:15,22
DA:16,22
DA:17,10
DA:18,10
DA:21,22
DA:24,31
LF:12
LH:12
BRDA:16,0,0,10
BRDA:16,0,1,12
BRF:2
BRH:2
end_of_record
TN:
SF:src/Repo/ChannelRepo.js
FN:5,(anonymous_0)
FN:21,(anonymous_1)
FNF:2
FNH:2
FNDA:38,(anonymous_0)
FNDA:100,(anonymous_1)
DA:5,1
DA:6,38
DA:17,38
DA:20,38
DA:22,100
LF:5
LH:5
BRF:0
BRH:0
end_of_record
TN:
SF:src/Repo/MembersRepo.js
FN:7,(anonymous_0)
FN:20,(anonymous_1)
FN:34,(anonymous_2)
FNF:3
FNH:3
FNDA:10,(anonymous_0)
FNDA:8,(anonymous_1)
FNDA:34,(anonymous_2)
DA:3,1
DA:5,1
DA:7,1
DA:8,10
DA:16,10
DA:17,10
DA:20,1
DA:21,8
DA:22,6
DA:25,2
DA:33,2
DA:34,34
DA:37,2
DA:39,2
LF:14
LH:14
BRDA:21,0,0,6
BRDA:21,0,1,2
BRF:2
BRH:2
end_of_record
TN:
SF:src/Repo/MessageRepo.js
FN:6,(anonymous_0)
FN:24,(anonymous_1)
FN:25,(anonymous_2)
FNF:3
FNH:3
FNDA:10,(anonymous_0)
FNDA:13,(anonymous_1)
FNDA:252,(anonymous_2)
DA:6,1
DA:7,10
DA:18,10
DA:21,10
DA:24,10
DA:25,252
DA:26,13
LF:7
LH:7
BRF:0
BRH:0
end_of_record
TN:
SF:src/Repo/WorkspaceRepo.js
FN:5,(anonymous_0)
FN:16,(anonymous_1)
FNF:2
FNH:2
FNDA:21,(anonymous_0)
FNDA:63,(anonymous_1)
DA:5,1
DA:6,21
DA:14,21
DA:16,21
DA:17,63
DA:18,63
LF:6
LH:6
BRF:0
BRH:0
end_of_record
TN:
SF:src/UI/ChannelList.js
FN:12,(anonymous_0)
FN:19,(anonymous_1)
FN:28,(anonymous_2)
FN:34,(anonymous_3)
FN:45,(anonymous_4)
FN:46,(anonymous_5)
FN:60,(anonymous_6)
FN:61,(anonymous_7)
FNF:8
FNH:8
FNDA:44,(anonymous_0)
FNDA:44,(anonymous_1)
FNDA:60,(anonymous_2)
FNDA:8,(anonymous_3)
FNDA:30,(anonymous_4)
FNDA:30,(anonymous_5)
FNDA:124,(anonymous_6)
FNDA:116,(anonymous_7)
DA:12,1
DA:13,44
DA:19,1
DA:20,44
DA:28,1
DA:29,60
DA:30,60
DA:31,60
DA:32,60
DA:34,60
DA:35,8
DA:44,60
DA:46,30
DA:47,30
DA:51,30
DA:53,30
DA:57,60
DA:60,124
DA:62,116
DA:73,1
LF:20
LH:20
BRF:0
BRH:0
end_of_record
TN:
SF:src/UI/ChannelListItem.js
FN:6,(anonymous_0)
FN:7,(anonymous_1)
FNF:2
FNH:2
FNDA:116,(anonymous_0)
FNDA:7,(anonymous_1)
DA:6,1
DA:7,116
DA:8,7
DA:15,116
LF:4
LH:4
BRDA:21,0,0,55
BRDA:21,0,1,61
BRF:2
BRH:2
end_of_record
TN:
SF:src/UI/Login.js
FN:7,(anonymous_0)
FN:12,(anonymous_1)
FNF:2
FNH:2
FNDA:44,(anonymous_0)
FNDA:11,(anonymous_1)
DA:7,1
DA:8,44
DA:9,44
DA:10,44
DA:12,44
DA:13,11
DA:21,11
DA:22,10
DA:23,10
DA:24,10
DA:26,1
DA:33,44
DA:55,1
LF:13
LH:13
BRDA:21,0,0,10
BRDA:21,0,1,1
BRF:2
BRH:2
end_of_record
TN:
SF:src/UI/MessageDetail.js
FN:6,(anonymous_0)
FN:10,(anonymous_1)
FNF:2
FNH:2
FNDA:1,(anonymous_0)
FNDA:1,(anonymous_1)
DA:6,1
DA:7,1
DA:8,1
DA:10,1
DA:12,1
DA:17,1
DA:25,1
LF:7
LH:7
BRF:0
BRH:0
end_of_record
TN:
SF:src/UI/MessageList.js
FN:13,(anonymous_0)
FN:19,(anonymous_1)
FN:22,(anonymous_2)
FN:32,(anonymous_3)
FN:39,(anonymous_4)
FN:40,(anonymous_5)
FN:43,(anonymous_6)
FN:52,(anonymous_7)
FN:57,(anonymous_8)
FN:67,(anonymous_9)
FN:80,(anonymous_10)
FN:81,(anonymous_11)
FNF:12
FNH:12
FNDA:22,(anonymous_0)
FNDA:22,(anonymous_1)
FNDA:4,(anonymous_2)
FNDA:31,(anonymous_3)
FNDA:31,(anonymous_4)
FNDA:3,(anonymous_5)
FNDA:15,(anonymous_6)
FNDA:22,(anonymous_7)
FNDA:22,(anonymous_8)
FNDA:8,(anonymous_9)
FNDA:16,(anonymous_10)
FNDA:10,(anonymous_11)
DA:13,1
DA:14,22
DA:19,1
DA:20,22
DA:23,4
DA:32,1
DA:33,31
DA:34,31
DA:35,31
DA:37,31
DA:39,31
DA:40,31
DA:43,31
DA:44,15
DA:45,10
DA:49,31
DA:51,31
DA:52,22
DA:56,31
DA:58,22
DA:67,31
DA:68,8
DA:77,31
DA:80,16
DA:82,10
DA:95,1
LF:26
LH:26
BRDA:44,0,0,10
BRDA:44,0,1,5
BRF:2
BRH:2
end_of_record
TN:
SF:src/UI/MessageListItem.js
FN:9,(anonymous_0)
FN:19,(anonymous_1)
FN:28,(anonymous_2)
FN:29,(anonymous_3)
FN:39,(anonymous_4)
FN:44,(anonymous_5)
FN:51,(anonymous_6)
FNF:7
FNH:7
FNDA:1,(anonymous_0)
FNDA:16,(anonymous_1)
FNDA:8,(anonymous_2)
FNDA:8,(anonymous_3)
FNDA:1,(anonymous_4)
FNDA:16,(anonymous_5)
FNDA:1,(anonymous_6)
DA:9,1
DA:10,1
DA:19,1
DA:26,16
DA:28,16
DA:29,8
DA:30,8
DA:34,8
DA:36,8
DA:39,16
DA:40,1
DA:41,1
DA:44,16
DA:45,16
DA:49,16
DA:52,1
DA:53,1
DA:74,16
DA:87,1
LF:19
LH:19
BRF:0
BRH:0
end_of_record
TN:
SF:src/UI/NewMessageScreen.js
FN:6,(anonymous_0)
FN:12,(anonymous_1)
FN:20,(anonymous_2)
FNF:3
FNH:3
FNDA:6,(anonymous_0)
FNDA:4,(anonymous_1)
FNDA:2,(anonymous_2)
DA:6,1
DA:7,6
DA:8,6
DA:9,6
DA:12,6
DA:13,4
DA:20,6
DA:21,2
DA:31,2
DA:34,6
DA:48,1
LF:11
LH:11
BRF:0
BRH:0
end_of_record
TN:
SF:src/UI/WorkspaceList.js
FN:14,sortWorkspacesByDate
FN:17,(anonymous_1)
FN:20,(anonymous_2)
FN:25,(anonymous_3)
FN:26,(anonymous_4)
FN:29,(anonymous_5)
FN:42,(anonymous_6)
FN:51,(anonymous_7)
FN:63,(anonymous_8)
FN:74,(anonymous_9)
FN:76,(anonymous_10)
FN:77,(anonymous_11)
FN:89,(anonymous_12)
FN:90,(anonymous_13)
FNF:14
FNH:14
FNDA:28,sortWorkspacesByDate
FNDA:36,(anonymous_1)
FNDA:28,(anonymous_2)
FNDA:10,(anonymous_3)
FNDA:10,(anonymous_4)
FNDA:1,(anonymous_5)
FNDA:1,(anonymous_6)
FNDA:10,(anonymous_7)
FNDA:10,(anonymous_8)
FNDA:10,(anonymous_9)
FNDA:54,(anonymous_10)
FNDA:54,(anonymous_11)
FNDA:63,(anonymous_12)
FNDA:54,(anonymous_13)
DA:15,28
DA:17,36
DA:20,1
DA:21,28
DA:22,28
DA:23,28
DA:25,28
DA:26,10
DA:29,28
DA:30,1
DA:38,1
DA:39,1
DA:42,28
DA:43,1
DA:44,1
DA:50,28
DA:52,10
DA:62,28
DA:64,10
DA:74,28
DA:75,10
DA:76,54
DA:77,54
DA:82,28
DA:86,28
DA:89,63
DA:91,54
LF:27
LH:27
BRDA:83,0,0,9
BRDA:83,0,1,19
BRF:2
BRH:2
end_of_record
TN:
SF:src/UI/WorkspaceListItem.js
FN:8,(anonymous_0)
FN:13,(anonymous_1)
FNF:2
FNH:2
FNDA:175,(anonymous_0)
FNDA:8,(anonymous_1)
DA:8,1
DA:9,175
DA:10,175
DA:11,175
DA:13,175
DA:14,8
DA:15,8
DA:16,8
DA:20,8
DA:23,175
LF:10
LH:10
BRF:0
BRH:0
end_of_record
