TN:
SF:App.js
FN:32,(anonymous_0)
FN:50,(anonymous_1)
FN:55,(anonymous_2)
FNF:3
FNH:3
FNDA:12,(anonymous_0)
FNDA:14,(anonymous_1)
FNDA:2,(anonymous_2)
DA:30,1
DA:32,1
DA:33,12
DA:50,14
DA:55,2
LF:5
LH:5
BRF:0
BRH:0
end_of_record
TN:
SF:src/Model/AuthContext.js
FN:7,(anonymous_0)
FN:8,(anonymous_1)
FNF:2
FNH:0
FNDA:0,(anonymous_0)
FNDA:0,(anonymous_1)
DA:5,1
LF:1
LH:1
BRF:0
BRH:0
end_of_record
TN:
SF:src/Model/AuthProvider.js
FN:5,(anonymous_0)
FN:8,(anonymous_1)
FN:12,(anonymous_2)
FNF:3
FNH:3
FNDA:22,(anonymous_0)
FNDA:10,(anonymous_1)
FNDA:1,(anonymous_2)
DA:5,1
DA:6,22
DA:8,22
DA:9,10
DA:12,22
DA:13,1
DA:16,22
LF:7
LH:7
BRF:0
BRH:0
end_of_record
TN:
SF:src/Model/ChannelViewModel.js
FN:7,(anonymous_0)
FN:11,(anonymous_1)
FNF:2
FNH:2
FNDA:37,(anonymous_0)
FNDA:7,(anonymous_1)
DA:5,1
DA:7,1
DA:8,37
DA:9,36
DA:11,36
DA:12,7
DA:13,7
DA:17,7
DA:20,36
LF:9
LH:9
BRF:0
BRH:0
end_of_record
TN:
SF:src/Model/DataClasses.js
FN:3,(anonymous_0)
FN:11,(anonymous_1)
FN:17,(anonymous_2)
FN:23,(anonymous_3)
FN:32,(anonymous_4)
FNF:5
FNH:5
FNDA:60,(anonymous_0)
FNDA:17,(anonymous_1)
FNDA:17,(anonymous_2)
FNDA:10,(anonymous_3)
FNDA:10,(anonymous_4)
DA:4,60
DA:5,60
DA:6,60
DA:12,17
DA:13,17
DA:14,17
DA:18,17
DA:24,10
DA:25,10
DA:26,10
DA:27,10
DA:33,10
DA:34,10
LF:13
LH:13
BRF:0
BRH:0
end_of_record
TN:
SF:src/Model/DataUtil.js
FN:4,(anonymous_0)
FNF:1
FNH:1
FNDA:21,(anonymous_0)
DA:4,1
DA:5,21
DA:11,21
DA:17,21
DA:21,21
DA:26,21
LF:6
LH:6
BRF:0
BRH:0
end_of_record
TN:
SF:src/Model/MessageViewModel.js
FN:9,(anonymous_0)
FN:14,(anonymous_1)
FNF:2
FNH:2
FNDA:34,(anonymous_0)
FNDA:6,(anonymous_1)
DA:7,1
DA:9,1
DA:10,34
DA:11,34
DA:13,34
DA:15,6
DA:16,6
DA:17,6
DA:22,34
LF:9
LH:9
BRF:0
BRH:0
end_of_record
TN:
SF:src/Model/WorkspaceViewModel.js
FN:9,(anonymous_0)
FN:14,(anonymous_1)
FN:15,(anonymous_2)
FNF:3
FNH:3
FNDA:32,(anonymous_0)
FNDA:22,(anonymous_1)
FNDA:22,(anonymous_2)
DA:7,1
DA:9,1
DA:10,32
DA:11,31
DA:12,31
DA:14,31
DA:15,22
DA:16,22
DA:17,10
DA:18,10
DA:21,22
DA:24,31
LF:12
LH:12
BRDA:16,0,0,10
BRDA:16,0,1,12
BRF:2
BRH:2
end_of_record
TN:
SF:src/Repo/ChannelRepo.js
FN:5,(anonymous_0)
FN:22,(anonymous_1)
FNF:2
FNH:2
FNDA:7,(anonymous_0)
FNDA:17,(anonymous_1)
DA:5,1
DA:6,7
DA:7,7
DA:18,7
DA:21,7
DA:23,17
LF:6
LH:6
BRF:0
BRH:0
end_of_record
TN:
SF:src/Repo/MembersRepo.js
FN:7,(anonymous_0)
FN:20,(anonymous_1)
FN:34,(anonymous_2)
FNF:3
FNH:3
FNDA:6,(anonymous_0)
FNDA:10,(anonymous_1)
FNDA:87,(anonymous_2)
DA:3,1
DA:5,1
DA:7,1
DA:8,6
DA:16,6
DA:17,6
DA:20,1
DA:21,10
DA:22,5
DA:25,5
DA:33,5
DA:34,87
DA:37,5
DA:39,5
LF:14
LH:14
BRDA:21,0,0,5
BRDA:21,0,1,5
BRF:2
BRH:2
end_of_record
TN:
SF:src/Repo/MessageRepo.js
FN:6,(anonymous_0)
FN:25,(anonymous_1)
FN:26,(anonymous_2)
FNF:3
FNH:3
FNDA:6,(anonymous_0)
FNDA:10,(anonymous_1)
FNDA:174,(anonymous_2)
DA:6,1
DA:7,6
DA:18,6
DA:19,6
DA:22,6
DA:25,6
DA:26,174
DA:27,10
LF:8
LH:8
BRF:0
BRH:0
end_of_record
TN:
SF:src/Repo/WorkspaceRepo.js
FN:5,(anonymous_0)
FN:16,(anonymous_1)
FNF:2
FNH:2
FNDA:20,(anonymous_0)
FNDA:60,(anonymous_1)
DA:5,1
DA:6,20
DA:14,20
DA:16,20
DA:17,60
DA:18,60
LF:6
LH:6
BRF:0
BRH:0
end_of_record
TN:
SF:src/UI/ChannelList.js
FN:7,(anonymous_0)
FN:12,(anonymous_1)
FN:21,(anonymous_2)
FN:23,(anonymous_3)
FN:33,(anonymous_4)
FN:45,(anonymous_5)
FN:46,(anonymous_6)
FNF:7
FNH:6
FNDA:7,(anonymous_0)
FNDA:33,(anonymous_1)
FNDA:33,(anonymous_2)
FNDA:0,(anonymous_3)
FNDA:7,(anonymous_4)
FNDA:24,(anonymous_5)
FNDA:17,(anonymous_6)
DA:7,1
DA:8,7
DA:9,7
DA:11,7
DA:13,33
DA:20,7
DA:22,33
DA:23,0
DA:33,7
DA:34,7
DA:42,7
DA:45,24
DA:47,17
DA:58,1
LF:14
LH:13
BRF:0
BRH:0
end_of_record
TN:
SF:src/UI/ChannelListItem.js
FN:9,(anonymous_0)
FN:10,(anonymous_1)
FNF:2
FNH:2
FNDA:17,(anonymous_0)
FNDA:6,(anonymous_1)
DA:5,1
DA:9,1
DA:10,17
DA:11,6
DA:18,17
LF:5
LH:5
BRF:0
BRH:0
end_of_record
TN:
SF:src/UI/Login.js
FN:7,(anonymous_0)
FN:12,(anonymous_1)
FNF:2
FNH:2
FNDA:44,(anonymous_0)
FNDA:11,(anonymous_1)
DA:7,1
DA:8,44
DA:9,44
DA:10,44
DA:12,44
DA:13,11
DA:21,11
DA:22,10
DA:23,10
DA:24,10
DA:26,1
DA:33,44
DA:55,1
LF:13
LH:13
BRDA:21,0,0,10
BRDA:21,0,1,1
BRF:2
BRH:2
end_of_record
TN:
SF:src/UI/MessageDetail.js
FN:6,(anonymous_0)
FN:10,(anonymous_1)
FNF:2
FNH:2
FNDA:1,(anonymous_0)
FNDA:1,(anonymous_1)
DA:6,1
DA:7,1
DA:8,1
DA:10,1
DA:12,1
DA:17,1
DA:25,1
LF:7
LH:7
BRF:0
BRH:0
end_of_record
TN:
SF:src/UI/MessageList.js
FN:14,(anonymous_0)
FN:20,(anonymous_1)
FN:25,(anonymous_2)
FN:26,(anonymous_3)
FN:29,(anonymous_4)
FN:36,(anonymous_5)
FN:40,(anonymous_6)
FN:52,(anonymous_7)
FN:53,(anonymous_8)
FNF:9
FNH:9
FNDA:20,(anonymous_0)
FNDA:18,(anonymous_1)
FNDA:18,(anonymous_2)
FNDA:6,(anonymous_3)
FNDA:6,(anonymous_4)
FNDA:20,(anonymous_5)
FNDA:6,(anonymous_6)
FNDA:14,(anonymous_7)
FNDA:10,(anonymous_8)
DA:14,1
DA:15,20
DA:20,1
DA:21,18
DA:22,18
DA:23,18
DA:25,18
DA:26,18
DA:29,18
DA:30,6
DA:33,18
DA:35,18
DA:36,20
DA:40,18
DA:41,6
DA:49,18
DA:52,14
DA:54,10
DA:66,1
LF:19
LH:19
BRF:0
BRH:0
end_of_record
TN:
SF:src/UI/MessageListItem.js
FN:10,(anonymous_0)
FN:13,(anonymous_1)
FN:14,(anonymous_2)
FN:25,(anonymous_3)
FNF:4
FNH:4
FNDA:20,(anonymous_0)
FNDA:10,(anonymous_1)
FNDA:10,(anonymous_2)
FNDA:1,(anonymous_3)
DA:10,1
DA:11,20
DA:13,20
DA:14,10
DA:15,10
DA:16,10
DA:20,10
DA:22,10
DA:25,20
DA:26,1
DA:27,1
DA:30,20
DA:42,1
LF:13
LH:13
BRF:0
BRH:0
end_of_record
TN:
SF:src/UI/WorkspaceList.js
FN:9,sortWorkspacesByDate
FN:12,(anonymous_1)
FN:15,(anonymous_2)
FN:20,(anonymous_3)
FN:22,(anonymous_4)
FN:28,(anonymous_5)
FN:30,(anonymous_6)
FN:32,(anonymous_7)
FN:55,(anonymous_8)
FN:56,(anonymous_9)
FNF:10
FNH:10
FNDA:29,sortWorkspacesByDate
FNDA:38,(anonymous_1)
FNDA:29,(anonymous_2)
FNDA:11,(anonymous_3)
FNDA:10,(anonymous_4)
FNDA:11,(anonymous_5)
FNDA:50,(anonymous_6)
FNDA:1,(anonymous_7)
FNDA:66,(anonymous_8)
FNDA:57,(anonymous_9)
DA:10,29
DA:12,38
DA:15,1
DA:16,29
DA:17,29
DA:18,29
DA:20,29
DA:21,11
DA:22,10
DA:28,29
DA:29,11
DA:31,50
DA:33,1
DA:34,1
DA:48,29
DA:52,29
DA:55,66
DA:57,57
LF:18
LH:18
BRDA:21,0,0,10
BRDA:21,0,1,1
BRDA:49,1,0,10
BRDA:49,1,1,19
BRF:4
BRH:4
end_of_record
TN:
SF:src/UI/WorkspaceListItem.js
FN:11,(anonymous_0)
FN:16,(anonymous_1)
FNF:2
FNH:2
FNDA:106,(anonymous_0)
FNDA:7,(anonymous_1)
DA:7,1
DA:11,1
DA:12,106
DA:13,106
DA:14,106
DA:16,106
DA:17,7
DA:18,7
DA:19,7
DA:22,7
DA:25,106
LF:11
LH:11
BRF:0
BRH:0
end_of_record
